Log file open, 11/18/18 22:15:20
LogWindows: Failed to load 'aqProf.dll' (GetLastError=126)
LogWindows: File 'aqProf.dll' does not exist
LogWindows: Failed to load 'VtuneApi.dll' (GetLastError=126)
LogWindows: File 'VtuneApi.dll' does not exist
LogWindows: Failed to load 'VtuneApi32e.dll' (GetLastError=126)
LogWindows: File 'VtuneApi32e.dll' does not exist
LogInit: Display: Running engine for game: Lure
LogPlatformFile: Not using cached read wrapper
LogTaskGraph: Started task graph with 5 named threads and 23 total threads with 3 sets of task threads.
LogStats: Stats thread started at 0.265304
LogD3D11RHI: Loaded GFSDK_Aftermath_Lib.x64.dll
LogICUInternationalization: Display: ICU TimeZone Detection - Raw Offset: -7:00, Platform Override: ''
LogPluginManager: Mounting plugin Paper2D
LogPluginManager: Mounting plugin AISupport
LogPluginManager: Mounting plugin LightPropagationVolume
LogPluginManager: Mounting plugin CLionSourceCodeAccess
LogPluginManager: Mounting plugin CodeLiteSourceCodeAccess
LogPluginManager: Mounting plugin GitSourceControl
LogPluginManager: Mounting plugin KDevelopSourceCodeAccess
LogPluginManager: Mounting plugin NullSourceCodeAccess
LogPluginManager: Mounting plugin PerforceSourceControl
LogPluginManager: Mounting plugin SubversionSourceControl
LogPluginManager: Mounting plugin UObjectPlugin
LogPluginManager: Mounting plugin VisualStudioCodeSourceCodeAccess
LogPluginManager: Mounting plugin VisualStudioSourceCodeAccess
LogPluginManager: Mounting plugin XCodeSourceCodeAccess
LogPluginManager: Mounting plugin AssetManagerEditor
LogPluginManager: Mounting plugin CryptoKeys
LogPluginManager: Mounting plugin DataValidation
LogPluginManager: Mounting plugin FacialAnimation
LogPluginManager: Mounting plugin GameplayTagsEditor
LogPluginManager: Mounting plugin MacGraphicsSwitching
LogPluginManager: Mounting plugin MeshEditor
LogPluginManager: Mounting plugin MobileLauncherProfileWizard
LogPluginManager: Mounting plugin PluginBrowser
LogPluginManager: Mounting plugin SpeedTreeImporter
LogPluginManager: Mounting plugin DatasmithContent
LogPluginManager: Mounting plugin AlembicImporter
LogPluginManager: Mounting plugin AppleImageUtils
LogPluginManager: Mounting plugin AppleVision
LogPluginManager: Mounting plugin BackChannel
LogPluginManager: Mounting plugin CharacterAI
LogPluginManager: Mounting plugin GeometryCache
LogPluginManager: Mounting plugin HTML5Networking
LogPluginManager: Mounting plugin ProxyLODPlugin
LogPluginManager: Mounting plugin MagicLeap
LogPluginManager: Mounting plugin MagicLeapEmulator
LogPluginManager: Mounting plugin MagicLeapMedia
LogPluginManager: Mounting plugin AndroidMedia
LogPluginManager: Mounting plugin AvfMedia
LogPluginManager: Mounting plugin ImgMedia
LogPluginManager: Mounting plugin LinearTimecode
LogPluginManager: Mounting plugin MediaCompositing
LogPluginManager: Mounting plugin MediaPlayerEditor
LogPluginManager: Mounting plugin WmfMedia
LogPluginManager: Mounting plugin TcpMessaging
LogPluginManager: Mounting plugin UdpMessaging
LogPluginManager: Mounting plugin ActorSequence
LogPluginManager: Mounting plugin LevelSequenceEditor
LogPluginManager: Mounting plugin MatineeToLevelSequence
LogPluginManager: Mounting plugin NetcodeUnitTest
LogPluginManager: Mounting plugin NUTUnrealEngine4
LogPluginManager: Mounting plugin OnlineSubsystemGooglePlay
LogPluginManager: Mounting plugin OnlineSubsystemIOS
LogPluginManager: Mounting plugin OnlineSubsystem
LogPluginManager: Mounting plugin OnlineSubsystemNull
LogPluginManager: Mounting plugin OnlineSubsystemUtils
LogPluginManager: Mounting plugin LauncherChunkInstaller
LogPluginManager: Mounting plugin AndroidDeviceProfileSelector
LogPluginManager: Mounting plugin AndroidMoviePlayer
LogPluginManager: Mounting plugin AndroidPermission
LogPluginManager: Mounting plugin AppleMoviePlayer
LogPluginManager: Mounting plugin ArchVisCharacter
LogPluginManager: Mounting plugin AudioCapture
LogPluginManager: Mounting plugin CableComponent
LogPluginManager: Mounting plugin CustomMeshComponent
LogPluginManager: Mounting plugin EditableMesh
LogPluginManager: Mounting plugin ExampleDeviceProfileSelector
LogPluginManager: Mounting plugin GoogleCloudMessaging
LogPluginManager: Mounting plugin ImmediatePhysics
LogPluginManager: Mounting plugin IOSDeviceProfileSelector
LogPluginManager: Mounting plugin LinuxDeviceProfileSelector
LogPluginManager: Mounting plugin LocationServicesBPLibrary
LogPluginManager: Mounting plugin MobilePatchingUtils
LogPluginManager: Mounting plugin OculusVR
LogPluginManager: Plugin shader directory ../../../Engine/Plugins/Runtime/Oculus/OculusVR/Shaders found
LogPluginManager: Mapping shader source directory ../../../Engine/Plugins/Runtime/Oculus/OculusVR/Shaders to virtual directory /Plugin/OculusVR
LogPluginManager: Mounting plugin PhysXVehicles
LogPluginManager: Mounting plugin ProceduralMeshComponent
LogPluginManager: Mounting plugin RuntimePhysXCooking
LogPluginManager: Mounting plugin SteamVR
LogPluginManager: Mounting plugin WindowsMoviePlayer
LogStreaming: Display: Took  0.090s to configure plugins.
LogInit: Using libcurl 7.55.1-DEV
LogInit:  - built for x86_64-pc-win32
LogInit:  - supports SSL with OpenSSL/1.0.2h
LogInit:  - supports HTTP deflate (compression) using libz 1.2.8
LogInit:  - other features:
LogInit:      CURL_VERSION_SSL
LogInit:      CURL_VERSION_LIBZ
LogInit:      CURL_VERSION_IPV6
LogInit:      CURL_VERSION_ASYNCHDNS
LogInit:      CURL_VERSION_LARGEFILE
LogInit:      CURL_VERSION_IDN
LogInit:  CurlRequestOptions (configurable via config and command line):
LogInit:  - bVerifyPeer = false  - Libcurl will NOT verify peer certificate
LogInit:  - bUseHttpProxy = false  - Libcurl will NOT use HTTP proxy
LogInit:  - bDontReuseConnections = false  - Libcurl will reuse connections
LogInit:  - CertBundlePath = nullptr  - Libcurl will use whatever was configured at build time.
LogInit:  - MaxHostConnections = 16  - Libcurl will limit the number of connections to a host
LogInit:  - LocalHostAddr = Default
LogInit:  - BufferSize = 65536
LogInit: WinSock: version 1.1 (2.2), MaxSocks=32767, MaxUdp=65467
LogInit: Build: ++UE4+Release-4.20-CL-4212847
LogInit: Engine Version: 4.20.3-4212847+++UE4+Release-4.20
LogInit: Compatible Engine Version: 4.20.0-4212847+++UE4+Release-4.20
LogInit: Net CL: 4212847
LogInit: OS: Windows 10 (), CPU: Intel(R) Core(TM) i7-7700K CPU @ 4.20GHz, GPU: NVIDIA GeForce GTX 1070
LogInit: Compiled (64-bit): Jul 14 2018 09:51:14
LogInit: Compiled with Visual C++: 19.13.26129.00
LogInit: Build Configuration: Development
LogInit: Branch Name: ++UE4+Release-4.20
LogInit: Command Line: -EpicPortal  -epicusername="BosonHUANG" -epicuserid=811bd0c0426340ad86f35240c1fb3480 -epiclocale=en-US
LogInit: Base Directory: C:/Program Files/Epic Games/UE_4.20/Engine/Binaries/Win64/
LogInit: Installed Engine Build: 1
LogDevObjectVersion: Number of dev versions registered: 20
LogDevObjectVersion:   Dev-Blueprints (B0D832E4-1F89-4F0D-ACCF-7EB736FD4AA2): 10
LogDevObjectVersion:   Dev-Build (E1C64328-A22C-4D53-A36C-8E866417BD8C): 0
LogDevObjectVersion:   Dev-Core (375EC13C-06E4-48FB-B500-84F0262A717E): 2
LogDevObjectVersion:   Dev-Editor (E4B068ED-F494-42E9-A231-DA0B2E46BB41): 24
LogDevObjectVersion:   Dev-Framework (CFFC743F-43B0-4480-9391-14DF171D2073): 34
LogDevObjectVersion:   Dev-Mobile (B02B49B5-BB20-44E9-A304-32B752E40360): 2
LogDevObjectVersion:   Dev-Networking (A4E4105C-59A1-49B5-A7C5-40C4547EDFEE): 0
LogDevObjectVersion:   Dev-Online (39C831C9-5AE6-47DC-9A44-9C173E1C8E7C): 0
LogDevObjectVersion:   Dev-Physics (78F01B33-EBEA-4F98-B9B4-84EACCB95AA2): 0
LogDevObjectVersion:   Dev-Platform (6631380F-2D4D-43E0-8009-CF276956A95A): 0
LogDevObjectVersion:   Dev-Rendering (12F88B9F-8875-4AFC-A67C-D90C383ABD29): 26
LogDevObjectVersion:   Dev-Sequencer (7B5AE74C-D270-4C10-A958-57980B212A5A): 9
LogDevObjectVersion:   Dev-VR (D7296918-1DD6-4BDD-9DE2-64A83CC13884): 2
LogDevObjectVersion:   Dev-LoadTimes (C2A15278-BFE7-4AFE-6C17-90FF531DF755): 1
LogDevObjectVersion:   Private-Geometry (6EACA3D4-40EC-4CC1-B786-8BED09428FC5): 3
LogDevObjectVersion:   Dev-AnimPhys (29E575DD-E0A3-4627-9D10-D276232CDCEA): 17
LogDevObjectVersion:   Dev-ReflectionCapture (6B266CEC-1EC7-4B8F-A30B-E4D90942FC07): 1
LogDevObjectVersion:   Dev-Automation (0DF73D61-A23F-47EA-B727-89E90C41499A): 1
LogDevObjectVersion:   FortniteMain (601D1886-AC64-4F84-AA16-D3DE0DEAC7D6): 12
LogDevObjectVersion:   Dev-Enterprise (9DFFBCD6-494F-0158-E221-12823C92A888): 1
LogStreaming: Display: Took  0.002s to delete old logs.
LogInit: Presizing for max 8388607 objects, including 0 objects not considered by GC, pre-allocating 0 bytes for permanent pool.
LogInit: Object subsystem initialized
[2018.11.19-05.15.20:298][  0]LogInit: Selected Device Profile: [Windows]
[2018.11.19-05.15.20:298][  0]LogInit: Applying CVar settings loaded from the selected device profile: [Windows]
[2018.11.19-05.15.20:312][  0]LogHAL: Display: Platform has ~ 16 GB [17122476032 / 17179869184 / 16], which maps to Larger [LargestMinGB=32, LargerMinGB=12, DefaultMinGB=8, SmallerMinGB=6, SmallestMinGB=0)
[2018.11.19-05.15.20:312][  0]LogInit: Setting Device Profile CVar: [[r.Vulkan.UseRealUBs:1]]
[2018.11.19-05.15.20:312][  0]LogInit: Going up to parent DeviceProfile []
[2018.11.19-05.15.20:312][  0]LogInit: Computer: eae-d-185
[2018.11.19-05.15.20:312][  0]LogInit: User: u1218984
[2018.11.19-05.15.20:312][  0]LogInit: CPU Page size=4096, Cores=4
[2018.11.19-05.15.20:312][  0]LogInit: High frequency timer resolution =4.101557 MHz
[2018.11.19-05.15.20:312][  0]LogMemory: Memory total: Physical=15.9GB (16GB approx)
[2018.11.19-05.15.20:312][  0]LogMemory: Platform Memory Stats for Windows
[2018.11.19-05.15.20:312][  0]LogMemory: Process Physical Memory: 102.68 MB used, 102.68 MB peak
[2018.11.19-05.15.20:312][  0]LogMemory: Process Virtual Memory: 101.65 MB used, 101.65 MB peak
[2018.11.19-05.15.20:312][  0]LogMemory: Physical Memory: 7252.77 MB used,  9076.50 MB free, 16329.27 MB total
[2018.11.19-05.15.20:312][  0]LogMemory: Virtual Memory: 4650.89 MB used,  9076.50 MB free, 134217728.00 MB total
[2018.11.19-05.15.20:327][  0]LogInit: Using OS detected language (en-US).
[2018.11.19-05.15.20:327][  0]LogInit: Using OS detected locale (en-US).
[2018.11.19-05.15.20:328][  0]LogTextLocalizationManager: No specific localization for 'en-US' exists, so the 'en' localization will be used.
[2018.11.19-05.15.20:614][  0]LogStreaming: Display: Took  0.287s to InitEngineTextLocalization.
[2018.11.19-05.15.20:614][  0]LogInit: Setting process to per monitor DPI aware
[2018.11.19-05.15.20:647][  0]LogSlate: New Slate User Created.  User Index 0, Is Virtual User: 0
[2018.11.19-05.15.20:647][  0]LogSlate: Slate User Registered.  User Index 0, Is Virtual User: 0
[2018.11.19-05.15.20:795][  0]LogHMD: Failed to initialize OpenVR with code 110
[2018.11.19-05.15.20:796][  0]LogD3D11RHI: D3D11 adapters:
[2018.11.19-05.15.20:846][  0]LogD3D11RHI:    0. 'NVIDIA GeForce GTX 1070' (Feature Level 11_0)
[2018.11.19-05.15.20:846][  0]LogD3D11RHI:       8088/0/8164 MB DedicatedVideo/DedicatedSystem/SharedSystem, Outputs:2, VendorId:0x10de
[2018.11.19-05.15.20:847][  0]LogD3D11RHI:    1. 'Microsoft Basic Render Driver' (Feature Level 11_0)
[2018.11.19-05.15.20:847][  0]LogD3D11RHI:       0/0/8164 MB DedicatedVideo/DedicatedSystem/SharedSystem, Outputs:0, VendorId:0x1414
[2018.11.19-05.15.20:847][  0]LogD3D11RHI: Chosen D3D11 Adapter: 0
[2018.11.19-05.15.20:853][  0]LogD3D11RHI: Creating new Direct3DDevice
[2018.11.19-05.15.20:853][  0]LogD3D11RHI:     GPU DeviceId: 0x1b81 (for the marketing name, search the web for "GPU Device Id")
[2018.11.19-05.15.20:853][  0]LogWindows: EnumDisplayDevices:
[2018.11.19-05.15.20:853][  0]LogWindows:    0. 'NVIDIA GeForce GTX 1070' (P:1 D:1)
[2018.11.19-05.15.20:853][  0]LogWindows:    1. 'NVIDIA GeForce GTX 1070' (P:0 D:1)
[2018.11.19-05.15.20:853][  0]LogWindows:    2. 'NVIDIA GeForce GTX 1070' (P:0 D:0)
[2018.11.19-05.15.20:854][  0]LogWindows:    3. 'NVIDIA GeForce GTX 1070' (P:0 D:0)
[2018.11.19-05.15.20:854][  0]LogWindows: DebugString: FoundDriverCount:4 
[2018.11.19-05.15.20:854][  0]LogD3D11RHI:     Adapter Name: NVIDIA GeForce GTX 1070
[2018.11.19-05.15.20:854][  0]LogD3D11RHI:   Driver Version: 398.36 (internal:24.21.13.9836, unified:398.36)
[2018.11.19-05.15.20:854][  0]LogD3D11RHI:      Driver Date: 6-24-2018
[2018.11.19-05.15.20:854][  0]LogRHI: Texture pool is 5661 MB (70% of 8088 MB)
[2018.11.19-05.15.20:881][  0]LogD3D11RHI: Async texture creation enabled
[2018.11.19-05.15.20:896][  0]LogD3D11RHI: GPU Timing Frequency: 1000.000000 (Debug: 2 2)
[2018.11.19-05.15.20:980][  0]LogShaderCompilers: Guid format shader working directory is -18 characters bigger than the processId version (../../../../../../Users/u1218984/Documents/GitHub/aluringLure/Lure/Intermediate/Shaders/WorkingDirectory/10820/).
[2018.11.19-05.15.20:981][  0]LogShaderCompilers: Cleaned the shader compiler working directory 'C:/Users/u1218984/AppData/Local/Temp/UnrealShaderWorkingDir/11AC5C8E47C196DC6E80AC98F8B5589A/'.
[2018.11.19-05.15.21:215][  0]LogTemp: Display: Loaded TP AllDesktopTargetPlatform
[2018.11.19-05.15.21:226][  0]LogTemp: Display: Loaded TP MacClientTargetPlatform
[2018.11.19-05.15.21:238][  0]LogTemp: Display: Loaded TP MacNoEditorTargetPlatform
[2018.11.19-05.15.21:253][  0]LogTemp: Display: Loaded TP MacServerTargetPlatform
[2018.11.19-05.15.21:265][  0]LogTemp: Display: Loaded TP MacTargetPlatform
[2018.11.19-05.15.21:279][  0]LogTemp: Display: Loaded TP WindowsClientTargetPlatform
[2018.11.19-05.15.21:291][  0]LogTemp: Display: Loaded TP WindowsNoEditorTargetPlatform
[2018.11.19-05.15.21:302][  0]LogTemp: Display: Loaded TP WindowsServerTargetPlatform
[2018.11.19-05.15.21:308][  0]LogTemp: Display: Loaded TP WindowsTargetPlatform
[2018.11.19-05.15.21:369][  0]LogTemp: Display: Loaded TP AndroidTargetPlatform
[2018.11.19-05.15.21:369][  0]LogTemp: Display: Loaded TP AndroidTargetPlatform
[2018.11.19-05.15.21:369][  0]LogTemp: Display: Loaded TP AndroidTargetPlatform
[2018.11.19-05.15.21:369][  0]LogTemp: Display: Loaded TP AndroidTargetPlatform
[2018.11.19-05.15.21:369][  0]LogTemp: Display: Loaded TP AndroidTargetPlatform
[2018.11.19-05.15.21:369][  0]LogTemp: Display: Loaded TP AndroidTargetPlatform
[2018.11.19-05.15.21:369][  0]LogTemp: Display: Loaded TP AndroidTargetPlatform
[2018.11.19-05.15.21:369][  0]LogTemp: Display: Loaded TP AndroidTargetPlatform
[2018.11.19-05.15.21:369][  0]LogTemp: Display: Loaded TP AndroidTargetPlatform
[2018.11.19-05.15.21:369][  0]LogTemp: Display: Loaded TP AndroidTargetPlatform
[2018.11.19-05.15.21:369][  0]LogTemp: Display: Loaded TP AndroidTargetPlatform
[2018.11.19-05.15.21:369][  0]LogTemp: Display: Loaded TP AndroidTargetPlatform
[2018.11.19-05.15.21:369][  0]LogTemp: Display: Loaded TP AndroidTargetPlatform
[2018.11.19-05.15.21:369][  0]LogTemp: Display: Loaded TP AndroidTargetPlatform
[2018.11.19-05.15.21:369][  0]LogTemp: Display: Loaded TP AndroidTargetPlatform
[2018.11.19-05.15.21:369][  0]LogTemp: Display: Loaded TP AndroidTargetPlatform
[2018.11.19-05.15.21:369][  0]LogTemp: Display: Loaded TP AndroidTargetPlatform
[2018.11.19-05.15.21:369][  0]LogTemp: Display: Loaded TP AndroidTargetPlatform
[2018.11.19-05.15.21:370][  0]LogTemp: Display: Loaded TP HTML5TargetPlatform
[2018.11.19-05.15.21:424][  0]LogTemp: Display: Loaded TP IOSTargetPlatform
[2018.11.19-05.15.21:424][  0]LogTemp: Display: Loaded TP IOSTargetPlatform
[2018.11.19-05.15.21:441][  0]LogTemp: Display: Loaded TP TVOSTargetPlatform
[2018.11.19-05.15.21:442][  0]LogTemp: Display: Loaded TP TVOSTargetPlatform
[2018.11.19-05.15.21:451][  0]LogTemp: Display: Loaded TP LinuxClientTargetPlatform
[2018.11.19-05.15.21:460][  0]LogTemp: Display: Loaded TP LinuxNoEditorTargetPlatform
[2018.11.19-05.15.21:469][  0]LogTemp: Display: Loaded TP LinuxServerTargetPlatform
[2018.11.19-05.15.21:479][  0]LogTemp: Display: Loaded TP LinuxTargetPlatform
[2018.11.19-05.15.21:485][  0]LogTemp: Display: Loaded TP LuminTargetPlatform
[2018.11.19-05.15.21:485][  0]LogTargetPlatformManager: Display: Building Assets For Windows
[2018.11.19-05.15.21:532][  0]LogXGEController: Cannot use XGE Controller as Incredibuild is not installed on this machine.
[2018.11.19-05.15.21:532][  0]LogShaderCompilers: Cannot use XGE Shader Compiler as Incredibuild is not installed on this machine.
[2018.11.19-05.15.21:532][  0]LogShaderCompilers: Display: Using Local Shader Compiler.
[2018.11.19-05.15.22:072][  0]LogDerivedDataCache: Display: Max Cache Size: 512 MB
[2018.11.19-05.15.22:114][  0]LogDerivedDataCache: Loaded boot cache 0.04s 71MB C:/Users/u1218984/AppData/Local/UnrealEngine/4.20/DerivedDataCache/Boot.ddc.
[2018.11.19-05.15.22:115][  0]LogDerivedDataCache: Display: Loaded Boot cache: C:/Users/u1218984/AppData/Local/UnrealEngine/4.20/DerivedDataCache/Boot.ddc
[2018.11.19-05.15.22:115][  0]LogDerivedDataCache: FDerivedDataBackendGraph:  Pak pak cache file ../../../../../../Users/u1218984/Documents/GitHub/aluringLure/Lure/DerivedDataCache/DDC.ddp not found, will not use a pak cache.
[2018.11.19-05.15.22:115][  0]LogDerivedDataCache: Unable to find inner node Pak for hierarchical cache Hierarchy.
[2018.11.19-05.15.22:115][  0]LogDerivedDataCache: FDerivedDataBackendGraph:  CompressedPak pak cache file ../../../../../../Users/u1218984/Documents/GitHub/aluringLure/Lure/DerivedDataCache/Compressed.ddp not found, will not use a pak cache.
[2018.11.19-05.15.22:115][  0]LogDerivedDataCache: Unable to find inner node CompressedPak for hierarchical cache Hierarchy.
[2018.11.19-05.15.22:124][  0]LogDerivedDataCache: Display: Pak cache opened for reading ../../../Engine/DerivedDataCache/Compressed.ddp.
[2018.11.19-05.15.22:137][  0]LogDerivedDataCache: Using Local data cache path C:/Users/u1218984/AppData/Local/UnrealEngine/Common/DerivedDataCache: Writable
[2018.11.19-05.15.22:137][  0]LogDerivedDataCache: Shared data cache path not found in *engine.ini, will not use an Shared cache.
[2018.11.19-05.15.22:137][  0]LogDerivedDataCache: Unable to find inner node Shared for hierarchical cache Hierarchy.
[2018.11.19-05.15.22:151][  0]LogMaterial: Verifying Global Shaders for PCD3D_SM5
[2018.11.19-05.15.22:152][  0]LogSlate: Using FreeType 2.6.0
[2018.11.19-05.15.22:153][  0]LogSlate: SlateFontServices - WITH_FREETYPE: 1, WITH_HARFBUZZ: 1
[2018.11.19-05.15.22:212][  0]LogAssetRegistry: FAssetRegistry took 0.0250 seconds to start up
[2018.11.19-05.15.22:479][  0]LogInit: Selected Device Profile: [Windows]
[2018.11.19-05.15.22:592][  0]LogSimplygon: Simplygon DLL not present - disabling.
[2018.11.19-05.15.22:594][  0]LogMeshReduction: Using SimplygonSwarm for distributed automatic mesh merging
[2018.11.19-05.15.22:594][  0]LogMeshReduction: Using ProxyLODMeshReduction for automatic mesh merging
[2018.11.19-05.15.22:594][  0]LogMeshReduction: Using QuadricMeshReduction for automatic static mesh reduction
[2018.11.19-05.15.22:594][  0]LogMeshReduction: No automatic skeletal mesh reduction module available
[2018.11.19-05.15.22:610][  0]LogNetVersion: Lure 1.0.0, NetCL: 4212847, EngineNetVer: 5, GameNetVer: 0 (Checksum: 2248156831)
[2018.11.19-05.15.23:029][  0]LogPackageLocalizationCache: Processed 11 localized package path(s) for 2 prioritized culture(s) in 0.109178 seconds
[2018.11.19-05.15.23:035][  0]LogUObjectArray: 38425 objects as part of root set at end of initial load.
[2018.11.19-05.15.23:035][  0]LogUObjectAllocator: 6690864 out of 0 bytes used by permanent object pool.
[2018.11.19-05.15.23:035][  0]LogUObjectArray: CloseDisregardForGC: 0/0 objects in disregard for GC pool
[2018.11.19-05.15.23:703][  0]LogTcpMessaging: Initializing TcpMessaging bridge
[2018.11.19-05.15.23:715][  0]LogUdpMessaging: Initializing bridge on interface 0.0.0.0:0 to multicast group 230.0.0.1:6666.
[2018.11.19-05.15.23:833][  0]SourceControl: Source control is disabled
[2018.11.19-05.15.23:833][  0]SourceControl: Source control is disabled
[2018.11.19-05.15.23:834][  0]SourceControl: Source control is disabled
[2018.11.19-05.15.23:835][  0]SourceControl: Source control is disabled
[2018.11.19-05.15.23:977][  0]LogAndroidPermission: UAndroidPermissionCallbackProxy::GetInstance
[2018.11.19-05.15.24:023][  0]LogOcInput: OculusInput pre-init called
[2018.11.19-05.15.24:072][  0]LogEngine: Initializing Engine...
[2018.11.19-05.15.24:072][  0]LogHMD: Failed to initialize OpenVR with code 110
[2018.11.19-05.15.24:074][  0]LogStats: UGameplayTagsManager::ConstructGameplayTagTree: ImportINI prefixes -  0.000 s
[2018.11.19-05.15.24:074][  0]LogStats: UGameplayTagsManager::ConstructGameplayTagTree: Construct from data asset -  0.000 s
[2018.11.19-05.15.24:074][  0]LogStats: UGameplayTagsManager::ConstructGameplayTagTree: ImportINI -  0.000 s
[2018.11.19-05.15.24:074][  0]LogStats: UGameplayTagsManager::ConstructGameplayTagTree: GameplayTagTreeChangedEvent.Broadcast -  0.000 s
[2018.11.19-05.15.24:232][  0]LogInit: Initializing FReadOnlyCVARCache
[2018.11.19-05.15.24:243][  0]LogAIModule: Creating AISystem for world Untitled
[2018.11.19-05.15.24:295][  0]LogInit: XAudio2 using 'Speakers (Realtek High Definition Audio)' : 2 channels at 48 kHz using 32 bits per sample (channel mask 0x3)
[2018.11.19-05.15.24:309][  0]LogInit: FAudioDevice initialized.
[2018.11.19-05.15.24:309][  0]LogNetVersion: Set ProjectVersion to 1.0.0.0. Version Checksum will be recalculated on next use.
[2018.11.19-05.15.24:364][  0]LogDerivedDataCache: Saved boot cache 0.05s 71MB C:/Users/u1218984/AppData/Local/UnrealEngine/4.20/DerivedDataCache/Boot.ddc.
[2018.11.19-05.15.24:372][  0]LogInit: Texture streaming: Enabled
[2018.11.19-05.15.24:386][  0]LogEngineSessionManager: EngineSessionManager initialized
[2018.11.19-05.15.24:397][  0]LogInit: Transaction tracking system initialized
[2018.11.19-05.15.24:415][  0]BlueprintLog: New page: Editor Load
[2018.11.19-05.15.24:474][  0]LocalizationService: Localization service is disabled
[2018.11.19-05.15.24:683][  0]LogCook: Display: Max memory allowance for cook 16384mb min free memory 0mb
[2018.11.19-05.15.24:683][  0]LogCook: Display: Mobile HDR setting 1
[2018.11.19-05.15.24:683][  0]LogGameplayTags: Display: UGameplayTagsManager::DoneAddingNativeTags. DelegateIsBound: 0
[2018.11.19-05.15.24:683][  0]LogStats: UGameplayTagsManager::ConstructGameplayTagTree: ImportINI prefixes -  0.000 s
[2018.11.19-05.15.24:683][  0]LogStats: UGameplayTagsManager::ConstructGameplayTagTree: Construct from data asset -  0.000 s
[2018.11.19-05.15.24:683][  0]LogStats: UGameplayTagsManager::ConstructGameplayTagTree: ImportINI -  0.000 s
[2018.11.19-05.15.24:683][  0]LogStats: UGameplayTagsManager::ConstructGameplayTagTree: GameplayTagTreeChangedEvent.Broadcast -  0.000 s
[2018.11.19-05.15.24:778][  0]LogFileCache: Scanning file cache for directory 'C:/Users/u1218984/Documents/GitHub/aluringLure/Lure/Content/' took 0.02s
[2018.11.19-05.15.24:778][  0]SourceControl: Source control is disabled
[2018.11.19-05.15.24:778][  0]Cmd: MAP LOAD FILE="../../../../../../Users/u1218984/Documents/GitHub/aluringLure/Lure/Content/ThirdPersonBP/Maps/ThirdPersonExampleMap.umap" TEMPLATE=0 SHOWPROGRESS=1 FEATURELEVEL=3
[2018.11.19-05.15.24:778][  0]LightingResults: New page: Lighting Build
[2018.11.19-05.15.24:781][  0]MapCheck: New page: Map Check
[2018.11.19-05.15.24:781][  0]LightingResults: New page: Lighting Build
[2018.11.19-05.15.25:763][  0]LogAIModule: Creating AISystem for world ThirdPersonExampleMap
[2018.11.19-05.15.25:785][  0]LogEditorServer: Finished looking for orphan Actors (0.000 secs)
[2018.11.19-05.15.25:804][  0]Cmd: MAP CHECKDEP NOCLEARLOG
[2018.11.19-05.15.25:872][  0]MapCheck: Map check complete: 0 Error(s), 0 Warning(s), took 67.315ms to complete.
[2018.11.19-05.15.25:872][  0]LogFileHelpers: Loading map 'ThirdPersonExampleMap' took 1.095
[2018.11.19-05.15.25:975][  0]LogSlate: Updating window title bar state: overlay mode, drag disabled, window buttons hidden, title bar hidden
[2018.11.19-05.15.25:980][  0]LogSlate: Updating window title bar state: overlay mode, drag disabled, window buttons hidden, title bar hidden
[2018.11.19-05.15.25:985][  0]LogSlate: Updating window title bar state: overlay mode, drag disabled, window buttons hidden, title bar hidden
[2018.11.19-05.15.25:990][  0]LogSlate: Updating window title bar state: overlay mode, drag disabled, window buttons hidden, title bar hidden
[2018.11.19-05.15.25:998][  0]LogCollectionManager: Loaded 0 collections in 0.001443 seconds
[2018.11.19-05.15.26:039][  0]LogFileCache: Scanning file cache for directory 'C:/Users/u1218984/Documents/GitHub/aluringLure/Lure/Saved/Collections/' took 0.01s
[2018.11.19-05.15.26:039][  0]LogFileCache: Scanning file cache for directory 'C:/Users/u1218984/Documents/GitHub/aluringLure/Lure/Content/Developers/u1218984/Collections/' took 0.01s
[2018.11.19-05.15.26:039][  0]LogFileCache: Scanning file cache for directory 'C:/Users/u1218984/Documents/GitHub/aluringLure/Lure/Content/Collections/' took 0.01s
[2018.11.19-05.15.26:039][  0]LogCollectionManager: Rebuilt the GUID cache for 0 collections in 0.000000 seconds
[2018.11.19-05.15.26:046][  0]LogContentBrowser: Native class hierarchy populated in 0.0068 seconds. Added 2573 classes and 605 folders.
[2018.11.19-05.15.26:051][  0]LogContentBrowser: Native class hierarchy updated for 'WidgetCarousel' in 0.0002 seconds. Added 0 classes and 0 folders.
[2018.11.19-05.15.26:292][  0]LogContentBrowser: Native class hierarchy updated for 'AddContentDialog' in 0.0002 seconds. Added 0 classes and 0 folders.
[2018.11.19-05.15.26:304][  0]LogSlate: Took 0.000174 seconds to synchronously load lazily loaded font '../../../Engine/Content/Slate/Fonts/Roboto-Regular.ttf' (155K)
[2018.11.19-05.15.26:308][  0]LogSlate: Took 0.000248 seconds to synchronously load lazily loaded font '../../../Engine/Content/Slate/Fonts/Roboto-Bold.ttf' (160K)
[2018.11.19-05.15.26:315][  0]LogSlate: Took 0.005111 seconds to synchronously load lazily loaded font '../../../Engine/Content/Editor/Slate/Fonts/FontAwesome.ttf' (139K)
[2018.11.19-05.15.26:386][  0]LogRenderer: Reallocating scene render targets to support 1208x576 Format 10 NumSamples 1 (Frame:1).
[2018.11.19-05.15.26:508][  0]LogContentBrowser: Native class hierarchy updated for 'HierarchicalLODOutliner' in 0.0002 seconds. Added 0 classes and 0 folders.
[2018.11.19-05.15.26:508][  0]LogLoad: (Engine Initialization) Total time: 7.78 seconds
[2018.11.19-05.15.26:508][  0]LogLoad: (Engine Initialization) Total Blueprint compile time: 0.00 seconds
[2018.11.19-05.15.26:519][  0]LogWindowsTextInputMethodSystem: Display: IME system now deactivated.
[2018.11.19-05.15.26:548][  0]LogAssetRegistry: Asset discovery search completed in 4.3587 seconds
[2018.11.19-05.15.26:550][  0]LogCollectionManager: Rebuilt the object cache for 0 collections in 0.000000 seconds (found 0 objects)
[2018.11.19-05.15.26:550][  0]LogCollectionManager: Fixed up redirectors for 0 collections in 0.000041 seconds (updated 0 objects)
[2018.11.19-05.15.26:551][  0]LogContentStreaming: Texture pool size now 1000 MB
[2018.11.19-05.15.26:605][  0]LogSlate: Took 0.003345 seconds to synchronously load lazily loaded font '../../../Engine/Content/Slate/Fonts/Roboto-Light.ttf' (167K)
[2018.11.19-05.15.26:611][  1]LogFileCache: Retrieving MD5 hashes for directory 'C:/Users/u1218984/Documents/GitHub/aluringLure/Lure/Content/' took 0.08s
[2018.11.19-05.15.43:154][738]LogSlate: FSceneViewport::OnFocusLost() reason 0
[2018.11.19-05.15.46:348][ 87]LogEditorViewport: Clicking on Actor (LMB): AI_Patrol_C (AI_Patrol)
[2018.11.19-05.15.47:195][172]LogSlate: Took 0.003019 seconds to synchronously load lazily loaded font '../../../Engine/Content/Slate/Fonts/Roboto-Italic.ttf' (157K)
[2018.11.19-05.15.47:644][217]LogSlate: FSceneViewport::OnFocusLost() reason 2
[2018.11.19-05.15.48:027][262]LogSlate: Took 0.000162 seconds to synchronously load lazily loaded font '../../../Engine/Content/Slate/Fonts/Roboto-Light.ttf' (167K)
[2018.11.19-05.15.48:030][262]LogSlate: FSceneViewport::OnFocusLost() reason 2
[2018.11.19-05.15.48:033][262]LogAssetEditorManager: Opening Asset editor for Blueprint /Game/BluePrints/PatrolAmongAI/AI_Patrol.AI_Patrol
[2018.11.19-05.15.48:462][262]LogContentBrowser: Native class hierarchy updated for 'BlueprintGraph' in 0.0005 seconds. Added 116 classes and 0 folders.
[2018.11.19-05.15.49:100][262]LogSlate: Took 0.002976 seconds to synchronously load lazily loaded font '../../../Engine/Content/Slate/Fonts/Roboto-BoldCondensed.ttf' (158K)
[2018.11.19-05.16.11:067][324]LogEditorTransaction: Undo Add Node
[2018.11.19-05.17.28:737][762]LogEditorTransaction: Undo Attach Component
[2018.11.19-05.17.28:747][762]LogActorComponent: ~FComponentReregisterContext: (/Game/ThirdPersonBP/Maps/ThirdPersonExampleMap.ThirdPersonExampleMap:PersistentLevel.AI_Patrol_2.Arrow) Component already registered.
[2018.11.19-05.17.28:747][762]LogActorComponent: ~FComponentReregisterContext: (/Game/ThirdPersonBP/Maps/ThirdPersonExampleMap.ThirdPersonExampleMap:PersistentLevel.AI_Patrol_2.CharMoveComp) Component already registered.
[2018.11.19-05.17.28:747][762]LogActorComponent: ~FComponentReregisterContext: (/Game/ThirdPersonBP/Maps/ThirdPersonExampleMap.ThirdPersonExampleMap:PersistentLevel.AI_Patrol_2.CharacterMesh0) Component already registered.
[2018.11.19-05.17.28:748][762]LogActorComponent: ~FComponentReregisterContext: (/Engine/Transient.World_3:PersistentLevel.AI_Patrol_C_0.Arrow) Component already registered.
[2018.11.19-05.17.28:748][762]LogActorComponent: ~FComponentReregisterContext: (/Engine/Transient.World_3:PersistentLevel.AI_Patrol_C_0.CharMoveComp) Component already registered.
[2018.11.19-05.18.18:930][745]LogEditorTransaction: Undo Create Pin Link
[2018.11.19-05.18.54:597][955]LogSavePackage: Moving '../../../../../../Users/u1218984/Documents/GitHub/aluringLure/Lure/Saved/AI_Patrol2EF9ED5846396CE1CFEABFB1F508F6FD.tmp' to '../../../../../../Users/u1218984/Documents/GitHub/aluringLure/Lure/Content/BluePrints/PatrolAmongAI/AI_Patrol.uasset'
[2018.11.19-05.18.56:481][113]LogSlate: FSceneViewport::OnFocusLost() reason 0
[2018.11.19-05.18.56:551][119]BlueprintLog: New page: Compile AI_Patrol
[2018.11.19-05.18.57:892][189]LogTemp: Repeating last play command: Selected Viewport
[2018.11.19-05.18.57:932][189]LogBlueprintUserMessages: Early PlayInEditor Detection: Level '/Game/ThirdPersonBP/Maps/ThirdPersonExampleMap.ThirdPersonExampleMap:PersistentLevel' has LevelScriptBlueprint '/Game/ThirdPersonBP/Maps/ThirdPersonExampleMap.ThirdPersonExampleMap:PersistentLevel.ThirdPersonExampleMap' with GeneratedClass '/Game/ThirdPersonBP/Maps/ThirdPersonExampleMap.ThirdPersonExampleMap_C' with ClassGeneratedBy '/Game/ThirdPersonBP/Maps/ThirdPersonExampleMap.ThirdPersonExampleMap:PersistentLevel.ThirdPersonExampleMap'
[2018.11.19-05.18.57:932][189]LogPlayLevel: PlayLevel: No blueprints needed recompiling
[2018.11.19-05.18.57:944][189]PIE: New page: PIE session: ThirdPersonExampleMap (Nov 18, 2018, 3:18:57 PM)
[2018.11.19-05.18.57:944][189]LogPlayLevel: Creating play world package: /Game/ThirdPersonBP/Maps/UEDPIE_0_ThirdPersonExampleMap
[2018.11.19-05.18.57:961][189]LogPlayLevel: PIE: StaticDuplicateObject took: (0.017011s)
[2018.11.19-05.18.57:962][189]LogAIModule: Creating AISystem for world ThirdPersonExampleMap
[2018.11.19-05.18.57:962][189]LogPlayLevel: PIE: World Init took: (0.000604s)
[2018.11.19-05.18.57:962][189]LogPlayLevel: PIE: Created PIE world by copying editor world from /Game/ThirdPersonBP/Maps/ThirdPersonExampleMap.ThirdPersonExampleMap to /Game/ThirdPersonBP/Maps/UEDPIE_0_ThirdPersonExampleMap.ThirdPersonExampleMap (0.017743s)
[2018.11.19-05.18.57:992][189]LogInit: XAudio2 using 'Speakers (Realtek High Definition Audio)' : 2 channels at 48 kHz using 32 bits per sample (channel mask 0x3)
[2018.11.19-05.18.58:002][189]LogInit: FAudioDevice initialized.
[2018.11.19-05.18.58:071][189]LogLoad: Game class is 'my_GameMode_C'
[2018.11.19-05.18.58:074][189]LogWorld: Bringing World /Game/ThirdPersonBP/Maps/UEDPIE_0_ThirdPersonExampleMap.ThirdPersonExampleMap up for play (max tick rate 0) at 2018.11.18-22.18.58
[2018.11.19-05.18.58:074][189]LogGameMode: Error: Mixing AGameStateBase with AGameMode is not compatible. Change AGameStateBase subclass (GameStateBase) to derive from AGameState, or make both derive from Base
[2018.11.19-05.18.58:075][189]LogWorld: Bringing up level for play took: 0.002045
[2018.11.19-05.18.58:094][189]LogContentBrowser: Native class hierarchy updated for 'MovieSceneCapture' in 0.0002 seconds. Added 10 classes and 0 folders.
[2018.11.19-05.18.58:094][189]LogGameMode: Display: Match State Changed from EnteringMap to WaitingToStart
[2018.11.19-05.18.58:094][189]LogGameMode: Display: Match State Changed from WaitingToStart to InProgress
[2018.11.19-05.18.58:095][189]PIE: Play in editor start time for /Game/ThirdPersonBP/Maps/UEDPIE_0_ThirdPersonExampleMap 0.815
[2018.11.19-05.18.58:095][189]LogBlueprintUserMessages: Late PlayInEditor Detection: Level '/Game/ThirdPersonBP/Maps/ThirdPersonExampleMap.ThirdPersonExampleMap:PersistentLevel' has LevelScriptBlueprint '/Game/ThirdPersonBP/Maps/ThirdPersonExampleMap.ThirdPersonExampleMap:PersistentLevel.ThirdPersonExampleMap' with GeneratedClass '/Game/ThirdPersonBP/Maps/ThirdPersonExampleMap.ThirdPersonExampleMap_C' with ClassGeneratedBy '/Game/ThirdPersonBP/Maps/ThirdPersonExampleMap.ThirdPersonExampleMap:PersistentLevel.ThirdPersonExampleMap'
[2018.11.19-05.18.59:445][306]LogSlate: FSceneViewport::OnFocusLost() reason 0
[2018.11.19-05.19.01:045][407]LogBlueprintUserMessages: [ThirdPersonCharacter_167] X=-657.787 Y=152.431 Z=135.121
[2018.11.19-05.19.12:251][603]LogSlate: FSceneViewport::OnFocusLost() reason 2
[2018.11.19-05.19.14:091][759]LogSlate: FSceneViewport::OnFocusLost() reason 2
[2018.11.19-05.19.16:394][983]LogBlueprintUserMessages: Early EndPlayMap Detection: Level '/Game/ThirdPersonBP/Maps/ThirdPersonExampleMap.ThirdPersonExampleMap:PersistentLevel' has LevelScriptBlueprint '/Game/ThirdPersonBP/Maps/ThirdPersonExampleMap.ThirdPersonExampleMap:PersistentLevel.ThirdPersonExampleMap' with GeneratedClass '/Game/ThirdPersonBP/Maps/ThirdPersonExampleMap.ThirdPersonExampleMap_C' with ClassGeneratedBy '/Game/ThirdPersonBP/Maps/ThirdPersonExampleMap.ThirdPersonExampleMap:PersistentLevel.ThirdPersonExampleMap'
[2018.11.19-05.19.16:394][983]LogSlate: Updating window title bar state: overlay mode, drag disabled, window buttons hidden, title bar hidden
[2018.11.19-05.19.16:438][983]LogPlayLevel: Display: Shutting down PIE online subsystems
[2018.11.19-05.19.16:439][983]LogBlueprintUserMessages: Late EndPlayMap Detection: Level '/Game/ThirdPersonBP/Maps/ThirdPersonExampleMap.ThirdPersonExampleMap:PersistentLevel' has LevelScriptBlueprint '/Game/ThirdPersonBP/Maps/ThirdPersonExampleMap.ThirdPersonExampleMap:PersistentLevel.ThirdPersonExampleMap' with GeneratedClass '/Game/ThirdPersonBP/Maps/ThirdPersonExampleMap.ThirdPersonExampleMap_C' with ClassGeneratedBy '/Game/ThirdPersonBP/Maps/ThirdPersonExampleMap.ThirdPersonExampleMap:PersistentLevel.ThirdPersonExampleMap'
[2018.11.19-05.19.16:460][983]LogSlate: Updating window title bar state: overlay mode, drag disabled, window buttons hidden, title bar hidden
[2018.11.19-05.19.16:567][984]LogPlayLevel: Display: Destroying online subsystem :Context_6
[2018.11.19-05.19.18:627][150]LogSlate: FSceneViewport::OnFocusLost() reason 0
[2018.11.19-05.20.16:836][392]LogSlate: FSceneViewport::OnFocusLost() reason 0
[2018.11.19-05.20.16:894][393]LogRenderer: Reallocating scene render targets to support 1208x744 Format 10 NumSamples 1 (Frame:1).
[2018.11.19-05.20.19:783][718]LogSlate: FSceneViewport::OnFocusLost() reason 0
[2018.11.19-05.20.25:168][326]LogSlate: FSceneViewport::OnFocusLost() reason 0
[2018.11.19-05.20.31:883][ 94]LogEditorTransaction: Undo Set Rotation
[2018.11.19-05.20.31:889][ 94]LogActorComponent: ~FComponentReregisterContext: (/Engine/Transient.World_3:PersistentLevel.AI_Patrol_C_0.CharacterMesh0) Component already registered.
[2018.11.19-05.20.31:891][ 94]LogActorComponent: ~FComponentReregisterContext: (/Engine/Transient.World_3:PersistentLevel.AI_Patrol_C_0.Arrow) Component already registered.
[2018.11.19-05.20.31:891][ 94]LogActorComponent: ~FComponentReregisterContext: (/Engine/Transient.World_3:PersistentLevel.AI_Patrol_C_0.CharMoveComp) Component already registered.
[2018.11.19-05.20.34:223][335]LogSlate: FSceneViewport::OnFocusLost() reason 0
[2018.11.19-05.20.38:896][855]LogSlate: FSceneViewport::OnFocusLost() reason 0
[2018.11.19-05.20.41:193][113]BlueprintLog: New page: Compile AI_Patrol
[2018.11.19-05.20.42:085][166]LogSavePackage: Moving '../../../../../../Users/u1218984/Documents/GitHub/aluringLure/Lure/Saved/AI_Patrol2193C6624A83ECBD46B45AA796C3909B.tmp' to '../../../../../../Users/u1218984/Documents/GitHub/aluringLure/Lure/Content/BluePrints/PatrolAmongAI/AI_Patrol.uasset'
[2018.11.19-05.20.42:568][218]LogSlate: FSceneViewport::OnFocusLost() reason 2
[2018.11.19-05.20.45:268][533]LogEditorTransaction: Undo Modify Component(s)
[2018.11.19-05.20.47:259][748]LogEditorTransaction: Undo Modify Component(s)
[2018.11.19-05.20.49:950][ 56]LogEditorTransaction: Undo Modify Component(s)
[2018.11.19-05.20.51:175][191]LogSlate: FSceneViewport::OnFocusLost() reason 0
[2018.11.19-05.20.54:213][453]BlueprintLog: New page: Compile AI_Patrol
[2018.11.19-05.21.07:765][920]BlueprintLog: New page: Compile AI_Patrol
[2018.11.19-05.21.10:003][106]LogTemp: Repeating last play command: Selected Viewport
[2018.11.19-05.21.10:046][106]LogBlueprintUserMessages: Early PlayInEditor Detection: Level '/Game/ThirdPersonBP/Maps/ThirdPersonExampleMap.ThirdPersonExampleMap:PersistentLevel' has LevelScriptBlueprint '/Game/ThirdPersonBP/Maps/ThirdPersonExampleMap.ThirdPersonExampleMap:PersistentLevel.ThirdPersonExampleMap' with GeneratedClass '/Game/ThirdPersonBP/Maps/ThirdPersonExampleMap.ThirdPersonExampleMap_C' with ClassGeneratedBy '/Game/ThirdPersonBP/Maps/ThirdPersonExampleMap.ThirdPersonExampleMap:PersistentLevel.ThirdPersonExampleMap'
[2018.11.19-05.21.10:046][106]LogPlayLevel: PlayLevel: No blueprints needed recompiling
[2018.11.19-05.21.10:046][106]PIE: New page: PIE session: ThirdPersonExampleMap (Nov 18, 2018, 3:21:10 PM)
[2018.11.19-05.21.10:046][106]LogPlayLevel: Creating play world package: /Game/ThirdPersonBP/Maps/UEDPIE_0_ThirdPersonExampleMap
[2018.11.19-05.21.10:057][106]LogPlayLevel: PIE: StaticDuplicateObject took: (0.010659s)
[2018.11.19-05.21.10:057][106]LogAIModule: Creating AISystem for world ThirdPersonExampleMap
[2018.11.19-05.21.10:057][106]LogPlayLevel: PIE: World Init took: (0.000694s)
[2018.11.19-05.21.10:057][106]LogPlayLevel: PIE: Created PIE world by copying editor world from /Game/ThirdPersonBP/Maps/ThirdPersonExampleMap.ThirdPersonExampleMap to /Game/ThirdPersonBP/Maps/UEDPIE_0_ThirdPersonExampleMap.ThirdPersonExampleMap (0.011484s)
[2018.11.19-05.21.10:087][106]LogInit: XAudio2 using 'Speakers (Realtek High Definition Audio)' : 2 channels at 48 kHz using 32 bits per sample (channel mask 0x3)
[2018.11.19-05.21.10:098][106]LogInit: FAudioDevice initialized.
[2018.11.19-05.21.10:127][106]LogLoad: Game class is 'my_GameMode_C'
[2018.11.19-05.21.10:129][106]LogWorld: Bringing World /Game/ThirdPersonBP/Maps/UEDPIE_0_ThirdPersonExampleMap.ThirdPersonExampleMap up for play (max tick rate 0) at 2018.11.18-22.21.10
[2018.11.19-05.21.10:129][106]LogGameMode: Error: Mixing AGameStateBase with AGameMode is not compatible. Change AGameStateBase subclass (GameStateBase) to derive from AGameState, or make both derive from Base
[2018.11.19-05.21.10:130][106]LogWorld: Bringing up level for play took: 0.001665
[2018.11.19-05.21.10:141][106]LogGameMode: Display: Match State Changed from EnteringMap to WaitingToStart
[2018.11.19-05.21.10:141][106]LogGameMode: Display: Match State Changed from WaitingToStart to InProgress
[2018.11.19-05.21.10:142][106]PIE: Play in editor start time for /Game/ThirdPersonBP/Maps/UEDPIE_0_ThirdPersonExampleMap 0.863
[2018.11.19-05.21.10:142][106]LogBlueprintUserMessages: Late PlayInEditor Detection: Level '/Game/ThirdPersonBP/Maps/ThirdPersonExampleMap.ThirdPersonExampleMap:PersistentLevel' has LevelScriptBlueprint '/Game/ThirdPersonBP/Maps/ThirdPersonExampleMap.ThirdPersonExampleMap:PersistentLevel.ThirdPersonExampleMap' with GeneratedClass '/Game/ThirdPersonBP/Maps/ThirdPersonExampleMap.ThirdPersonExampleMap_C' with ClassGeneratedBy '/Game/ThirdPersonBP/Maps/ThirdPersonExampleMap.ThirdPersonExampleMap:PersistentLevel.ThirdPersonExampleMap'
[2018.11.19-05.21.10:263][107]LogBlueprintUserMessages: [ThirdPersonCharacter_167] X=-657.787 Y=152.431 Z=135.121
[2018.11.19-05.21.22:106][516]LogBlueprintUserMessages: Early EndPlayMap Detection: Level '/Game/ThirdPersonBP/Maps/ThirdPersonExampleMap.ThirdPersonExampleMap:PersistentLevel' has LevelScriptBlueprint '/Game/ThirdPersonBP/Maps/ThirdPersonExampleMap.ThirdPersonExampleMap:PersistentLevel.ThirdPersonExampleMap' with GeneratedClass '/Game/ThirdPersonBP/Maps/ThirdPersonExampleMap.ThirdPersonExampleMap_C' with ClassGeneratedBy '/Game/ThirdPersonBP/Maps/ThirdPersonExampleMap.ThirdPersonExampleMap:PersistentLevel.ThirdPersonExampleMap'
[2018.11.19-05.21.22:106][516]LogSlate: Updating window title bar state: overlay mode, drag disabled, window buttons hidden, title bar hidden
[2018.11.19-05.21.22:152][516]LogPlayLevel: Display: Shutting down PIE online subsystems
[2018.11.19-05.21.22:152][516]LogBlueprintUserMessages: Late EndPlayMap Detection: Level '/Game/ThirdPersonBP/Maps/ThirdPersonExampleMap.ThirdPersonExampleMap:PersistentLevel' has LevelScriptBlueprint '/Game/ThirdPersonBP/Maps/ThirdPersonExampleMap.ThirdPersonExampleMap:PersistentLevel.ThirdPersonExampleMap' with GeneratedClass '/Game/ThirdPersonBP/Maps/ThirdPersonExampleMap.ThirdPersonExampleMap_C' with ClassGeneratedBy '/Game/ThirdPersonBP/Maps/ThirdPersonExampleMap.ThirdPersonExampleMap:PersistentLevel.ThirdPersonExampleMap'
[2018.11.19-05.21.22:177][516]LogSlate: Updating window title bar state: overlay mode, drag disabled, window buttons hidden, title bar hidden
[2018.11.19-05.21.22:284][517]LogPlayLevel: Display: Destroying online subsystem :Context_7
[2018.11.19-05.21.27:221][999]LogSlate: FSceneViewport::OnFocusLost() reason 0
[2018.11.19-05.21.30:119][292]LogEditorTransaction: Undo Modify Component(s)
[2018.11.19-05.21.31:007][372]LogSlate: FSceneViewport::OnFocusLost() reason 0
[2018.11.19-05.21.42:489][557]LogSlate: FSceneViewport::OnFocusLost() reason 0
[2018.11.19-05.21.46:262][999]LogSlate: FSceneViewport::OnFocusLost() reason 0
[2018.11.19-05.21.49:256][347]LogSlate: FSceneViewport::OnFocusLost() reason 0
[2018.11.19-05.21.53:796][873]LogSlate: FSceneViewport::OnFocusLost() reason 0
[2018.11.19-05.21.56:973][223]LogEditorTransaction: Undo Modify Component(s)
[2018.11.19-05.21.56:979][223]LogActorComponent: ~FComponentReregisterContext: (/Game/ThirdPersonBP/Maps/ThirdPersonExampleMap.ThirdPersonExampleMap:PersistentLevel.AI_Patrol_2.CharacterMesh0) Component already registered.
[2018.11.19-05.21.56:982][223]LogActorComponent: ~FComponentReregisterContext: (/Game/ThirdPersonBP/Maps/ThirdPersonExampleMap.ThirdPersonExampleMap:PersistentLevel.AI_Patrol_2.Arrow) Component already registered.
[2018.11.19-05.21.56:983][223]LogActorComponent: ~FComponentReregisterContext: (/Game/ThirdPersonBP/Maps/ThirdPersonExampleMap.ThirdPersonExampleMap:PersistentLevel.AI_Patrol_2.CharMoveComp) Component already registered.
[2018.11.19-05.22.00:246][581]LogSlate: FSceneViewport::OnFocusLost() reason 2
[2018.11.19-05.22.00:340][581]LogSavePackage: Moving '../../../../../../Users/u1218984/Documents/GitHub/aluringLure/Lure/Saved/AI_Patrol1F3B64FB43E53D10CE8879A23C27D5ED.tmp' to '../../../../../../Users/u1218984/Documents/GitHub/aluringLure/Lure/Content/BluePrints/PatrolAmongAI/AI_Patrol.uasset'
[2018.11.19-05.22.00:878][639]LogSlate: FSceneViewport::OnFocusLost() reason 0
[2018.11.19-05.22.00:962][649]BlueprintLog: New page: Compile AI_Patrol
[2018.11.19-05.22.01:413][652]LogSavePackage: Moving '../../../../../../Users/u1218984/Documents/GitHub/aluringLure/Lure/Saved/AI_Patrol20379F554BD7415CD5A0E68C5A91B6C4.tmp' to '../../../../../../Users/u1218984/Documents/GitHub/aluringLure/Lure/Content/BluePrints/PatrolAmongAI/AI_Patrol.uasset'
[2018.11.19-05.22.02:274][750]LogSlate: FSceneViewport::OnFocusLost() reason 2
[2018.11.19-05.22.05:633][ 57]LogSlate: FSceneViewport::OnFocusLost() reason 0
[2018.11.19-05.22.05:708][ 66]LogTemp: Repeating last play command: Selected Viewport
[2018.11.19-05.22.05:738][ 66]LogBlueprintUserMessages: Early PlayInEditor Detection: Level '/Game/ThirdPersonBP/Maps/ThirdPersonExampleMap.ThirdPersonExampleMap:PersistentLevel' has LevelScriptBlueprint '/Game/ThirdPersonBP/Maps/ThirdPersonExampleMap.ThirdPersonExampleMap:PersistentLevel.ThirdPersonExampleMap' with GeneratedClass '/Game/ThirdPersonBP/Maps/ThirdPersonExampleMap.ThirdPersonExampleMap_C' with ClassGeneratedBy '/Game/ThirdPersonBP/Maps/ThirdPersonExampleMap.ThirdPersonExampleMap:PersistentLevel.ThirdPersonExampleMap'
[2018.11.19-05.22.05:738][ 66]LogPlayLevel: PlayLevel: No blueprints needed recompiling
[2018.11.19-05.22.05:738][ 66]PIE: New page: PIE session: ThirdPersonExampleMap (Nov 18, 2018, 3:22:05 PM)
[2018.11.19-05.22.05:739][ 66]LogPlayLevel: Creating play world package: /Game/ThirdPersonBP/Maps/UEDPIE_0_ThirdPersonExampleMap
[2018.11.19-05.22.05:748][ 66]LogPlayLevel: PIE: StaticDuplicateObject took: (0.009777s)
[2018.11.19-05.22.05:749][ 66]LogAIModule: Creating AISystem for world ThirdPersonExampleMap
[2018.11.19-05.22.05:749][ 66]LogPlayLevel: PIE: World Init took: (0.000719s)
[2018.11.19-05.22.05:749][ 66]LogPlayLevel: PIE: Created PIE world by copying editor world from /Game/ThirdPersonBP/Maps/ThirdPersonExampleMap.ThirdPersonExampleMap to /Game/ThirdPersonBP/Maps/UEDPIE_0_ThirdPersonExampleMap.ThirdPersonExampleMap (0.010610s)
[2018.11.19-05.22.05:808][ 66]LogInit: XAudio2 using 'Speakers (Realtek High Definition Audio)' : 2 channels at 48 kHz using 32 bits per sample (channel mask 0x3)
[2018.11.19-05.22.05:818][ 66]LogInit: FAudioDevice initialized.
[2018.11.19-05.22.05:849][ 66]LogLoad: Game class is 'my_GameMode_C'
[2018.11.19-05.22.05:852][ 66]LogWorld: Bringing World /Game/ThirdPersonBP/Maps/UEDPIE_0_ThirdPersonExampleMap.ThirdPersonExampleMap up for play (max tick rate 0) at 2018.11.18-22.22.05
[2018.11.19-05.22.05:852][ 66]LogGameMode: Error: Mixing AGameStateBase with AGameMode is not compatible. Change AGameStateBase subclass (GameStateBase) to derive from AGameState, or make both derive from Base
[2018.11.19-05.22.05:852][ 66]LogWorld: Bringing up level for play took: 0.001719
[2018.11.19-05.22.05:864][ 66]LogGameMode: Display: Match State Changed from EnteringMap to WaitingToStart
[2018.11.19-05.22.05:864][ 66]LogGameMode: Display: Match State Changed from WaitingToStart to InProgress
[2018.11.19-05.22.05:865][ 66]PIE: Play in editor start time for /Game/ThirdPersonBP/Maps/UEDPIE_0_ThirdPersonExampleMap 0.585
[2018.11.19-05.22.05:865][ 66]LogBlueprintUserMessages: Late PlayInEditor Detection: Level '/Game/ThirdPersonBP/Maps/ThirdPersonExampleMap.ThirdPersonExampleMap:PersistentLevel' has LevelScriptBlueprint '/Game/ThirdPersonBP/Maps/ThirdPersonExampleMap.ThirdPersonExampleMap:PersistentLevel.ThirdPersonExampleMap' with GeneratedClass '/Game/ThirdPersonBP/Maps/ThirdPersonExampleMap.ThirdPersonExampleMap_C' with ClassGeneratedBy '/Game/ThirdPersonBP/Maps/ThirdPersonExampleMap.ThirdPersonExampleMap:PersistentLevel.ThirdPersonExampleMap'
[2018.11.19-05.22.09:014][381]LogBlueprintUserMessages: Early EndPlayMap Detection: Level '/Game/ThirdPersonBP/Maps/ThirdPersonExampleMap.ThirdPersonExampleMap:PersistentLevel' has LevelScriptBlueprint '/Game/ThirdPersonBP/Maps/ThirdPersonExampleMap.ThirdPersonExampleMap:PersistentLevel.ThirdPersonExampleMap' with GeneratedClass '/Game/ThirdPersonBP/Maps/ThirdPersonExampleMap.ThirdPersonExampleMap_C' with ClassGeneratedBy '/Game/ThirdPersonBP/Maps/ThirdPersonExampleMap.ThirdPersonExampleMap:PersistentLevel.ThirdPersonExampleMap'
[2018.11.19-05.22.09:014][381]LogSlate: Updating window title bar state: overlay mode, drag disabled, window buttons hidden, title bar hidden
[2018.11.19-05.22.09:051][381]LogPlayLevel: Display: Shutting down PIE online subsystems
[2018.11.19-05.22.09:051][381]LogBlueprintUserMessages: Late EndPlayMap Detection: Level '/Game/ThirdPersonBP/Maps/ThirdPersonExampleMap.ThirdPersonExampleMap:PersistentLevel' has LevelScriptBlueprint '/Game/ThirdPersonBP/Maps/ThirdPersonExampleMap.ThirdPersonExampleMap:PersistentLevel.ThirdPersonExampleMap' with GeneratedClass '/Game/ThirdPersonBP/Maps/ThirdPersonExampleMap.ThirdPersonExampleMap_C' with ClassGeneratedBy '/Game/ThirdPersonBP/Maps/ThirdPersonExampleMap.ThirdPersonExampleMap:PersistentLevel.ThirdPersonExampleMap'
[2018.11.19-05.22.09:077][381]LogSlate: Updating window title bar state: overlay mode, drag disabled, window buttons hidden, title bar hidden
[2018.11.19-05.22.09:141][382]LogPlayLevel: Display: Destroying online subsystem :Context_8
[2018.11.19-05.22.09:708][443]LogSlate: FSceneViewport::OnFocusLost() reason 0
[2018.11.19-05.22.09:774][451]LogTemp: Repeating last play command: Selected Viewport
[2018.11.19-05.22.09:800][451]LogBlueprintUserMessages: Early PlayInEditor Detection: Level '/Game/ThirdPersonBP/Maps/ThirdPersonExampleMap.ThirdPersonExampleMap:PersistentLevel' has LevelScriptBlueprint '/Game/ThirdPersonBP/Maps/ThirdPersonExampleMap.ThirdPersonExampleMap:PersistentLevel.ThirdPersonExampleMap' with GeneratedClass '/Game/ThirdPersonBP/Maps/ThirdPersonExampleMap.ThirdPersonExampleMap_C' with ClassGeneratedBy '/Game/ThirdPersonBP/Maps/ThirdPersonExampleMap.ThirdPersonExampleMap:PersistentLevel.ThirdPersonExampleMap'
[2018.11.19-05.22.09:800][451]LogPlayLevel: PlayLevel: No blueprints needed recompiling
[2018.11.19-05.22.09:800][451]PIE: New page: PIE session: ThirdPersonExampleMap (Nov 18, 2018, 3:22:09 PM)
[2018.11.19-05.22.09:800][451]LogPlayLevel: Creating play world package: /Game/ThirdPersonBP/Maps/UEDPIE_0_ThirdPersonExampleMap
[2018.11.19-05.22.09:810][451]LogPlayLevel: PIE: StaticDuplicateObject took: (0.009857s)
[2018.11.19-05.22.09:811][451]LogAIModule: Creating AISystem for world ThirdPersonExampleMap
[2018.11.19-05.22.09:811][451]LogPlayLevel: PIE: World Init took: (0.000666s)
[2018.11.19-05.22.09:811][451]LogPlayLevel: PIE: Created PIE world by copying editor world from /Game/ThirdPersonBP/Maps/ThirdPersonExampleMap.ThirdPersonExampleMap to /Game/ThirdPersonBP/Maps/UEDPIE_0_ThirdPersonExampleMap.ThirdPersonExampleMap (0.010654s)
[2018.11.19-05.22.09:839][451]LogInit: XAudio2 using 'Speakers (Realtek High Definition Audio)' : 2 channels at 48 kHz using 32 bits per sample (channel mask 0x3)
[2018.11.19-05.22.09:849][451]LogInit: FAudioDevice initialized.
[2018.11.19-05.22.09:880][451]LogLoad: Game class is 'my_GameMode_C'
[2018.11.19-05.22.09:883][451]LogWorld: Bringing World /Game/ThirdPersonBP/Maps/UEDPIE_0_ThirdPersonExampleMap.ThirdPersonExampleMap up for play (max tick rate 0) at 2018.11.18-22.22.09
[2018.11.19-05.22.09:883][451]LogGameMode: Error: Mixing AGameStateBase with AGameMode is not compatible. Change AGameStateBase subclass (GameStateBase) to derive from AGameState, or make both derive from Base
[2018.11.19-05.22.09:883][451]LogWorld: Bringing up level for play took: 0.001670
[2018.11.19-05.22.09:895][451]LogGameMode: Display: Match State Changed from EnteringMap to WaitingToStart
[2018.11.19-05.22.09:895][451]LogGameMode: Display: Match State Changed from WaitingToStart to InProgress
[2018.11.19-05.22.09:896][451]PIE: Play in editor start time for /Game/ThirdPersonBP/Maps/UEDPIE_0_ThirdPersonExampleMap 0.616
[2018.11.19-05.22.09:896][451]LogBlueprintUserMessages: Late PlayInEditor Detection: Level '/Game/ThirdPersonBP/Maps/ThirdPersonExampleMap.ThirdPersonExampleMap:PersistentLevel' has LevelScriptBlueprint '/Game/ThirdPersonBP/Maps/ThirdPersonExampleMap.ThirdPersonExampleMap:PersistentLevel.ThirdPersonExampleMap' with GeneratedClass '/Game/ThirdPersonBP/Maps/ThirdPersonExampleMap.ThirdPersonExampleMap_C' with ClassGeneratedBy '/Game/ThirdPersonBP/Maps/ThirdPersonExampleMap.ThirdPersonExampleMap:PersistentLevel.ThirdPersonExampleMap'
[2018.11.19-05.22.10:832][560]LogBlueprintUserMessages: [ThirdPersonCharacter_167] X=-657.787 Y=152.431 Z=135.121
[2018.11.19-05.22.18:912][480]LogSlate: FSceneViewport::OnFocusLost() reason 0
[2018.11.19-05.22.19:524][537]LogEditorViewport: Clicking on Actor (LMB): AI_Patrol_C (AI_Patrol)
[2018.11.19-05.22.22:720][778]LogEditorViewport: Clicking on Actor (LMB): AI_Patrol_C (AI_Patrol)
[2018.11.19-05.22.28:025][128]LogSlate: FSceneViewport::OnFocusLost() reason 0
[2018.11.19-05.22.38:522][ 44]LogBlueprintUserMessages: Early EndPlayMap Detection: Level '/Game/ThirdPersonBP/Maps/ThirdPersonExampleMap.ThirdPersonExampleMap:PersistentLevel' has LevelScriptBlueprint '/Game/ThirdPersonBP/Maps/ThirdPersonExampleMap.ThirdPersonExampleMap:PersistentLevel.ThirdPersonExampleMap' with GeneratedClass '/Game/ThirdPersonBP/Maps/ThirdPersonExampleMap.ThirdPersonExampleMap_C' with ClassGeneratedBy '/Game/ThirdPersonBP/Maps/ThirdPersonExampleMap.ThirdPersonExampleMap:PersistentLevel.ThirdPersonExampleMap'
[2018.11.19-05.22.38:522][ 44]LogSlate: Updating window title bar state: overlay mode, drag disabled, window buttons hidden, title bar hidden
[2018.11.19-05.22.38:559][ 44]LogPlayLevel: Display: Shutting down PIE online subsystems
[2018.11.19-05.22.38:560][ 44]LogBlueprintUserMessages: Late EndPlayMap Detection: Level '/Game/ThirdPersonBP/Maps/ThirdPersonExampleMap.ThirdPersonExampleMap:PersistentLevel' has LevelScriptBlueprint '/Game/ThirdPersonBP/Maps/ThirdPersonExampleMap.ThirdPersonExampleMap:PersistentLevel.ThirdPersonExampleMap' with GeneratedClass '/Game/ThirdPersonBP/Maps/ThirdPersonExampleMap.ThirdPersonExampleMap_C' with ClassGeneratedBy '/Game/ThirdPersonBP/Maps/ThirdPersonExampleMap.ThirdPersonExampleMap:PersistentLevel.ThirdPersonExampleMap'
[2018.11.19-05.22.38:584][ 44]LogSlate: Updating window title bar state: overlay mode, drag disabled, window buttons hidden, title bar hidden
[2018.11.19-05.22.38:645][ 45]LogPlayLevel: Display: Destroying online subsystem :Context_9
[2018.11.19-05.22.59:897][314]LogTemp: Repeating last play command: Selected Viewport
[2018.11.19-05.22.59:923][314]LogBlueprintUserMessages: Early PlayInEditor Detection: Level '/Game/ThirdPersonBP/Maps/ThirdPersonExampleMap.ThirdPersonExampleMap:PersistentLevel' has LevelScriptBlueprint '/Game/ThirdPersonBP/Maps/ThirdPersonExampleMap.ThirdPersonExampleMap:PersistentLevel.ThirdPersonExampleMap' with GeneratedClass '/Game/ThirdPersonBP/Maps/ThirdPersonExampleMap.ThirdPersonExampleMap_C' with ClassGeneratedBy '/Game/ThirdPersonBP/Maps/ThirdPersonExampleMap.ThirdPersonExampleMap:PersistentLevel.ThirdPersonExampleMap'
[2018.11.19-05.22.59:923][314]LogPlayLevel: PlayLevel: No blueprints needed recompiling
[2018.11.19-05.22.59:923][314]PIE: New page: PIE session: ThirdPersonExampleMap (Nov 18, 2018, 3:22:59 PM)
[2018.11.19-05.22.59:923][314]LogPlayLevel: Creating play world package: /Game/ThirdPersonBP/Maps/UEDPIE_0_ThirdPersonExampleMap
[2018.11.19-05.22.59:933][314]LogPlayLevel: PIE: StaticDuplicateObject took: (0.009633s)
[2018.11.19-05.22.59:933][314]LogAIModule: Creating AISystem for world ThirdPersonExampleMap
[2018.11.19-05.22.59:933][314]LogPlayLevel: PIE: World Init took: (0.000694s)
[2018.11.19-05.22.59:933][314]LogPlayLevel: PIE: Created PIE world by copying editor world from /Game/ThirdPersonBP/Maps/ThirdPersonExampleMap.ThirdPersonExampleMap to /Game/ThirdPersonBP/Maps/UEDPIE_0_ThirdPersonExampleMap.ThirdPersonExampleMap (0.010451s)
[2018.11.19-05.22.59:982][314]LogInit: XAudio2 using 'Speakers (Realtek High Definition Audio)' : 2 channels at 48 kHz using 32 bits per sample (channel mask 0x3)
[2018.11.19-05.22.59:992][314]LogInit: FAudioDevice initialized.
[2018.11.19-05.23.00:027][314]LogLoad: Game class is 'my_GameMode_C'
[2018.11.19-05.23.00:029][314]LogWorld: Bringing World /Game/ThirdPersonBP/Maps/UEDPIE_0_ThirdPersonExampleMap.ThirdPersonExampleMap up for play (max tick rate 0) at 2018.11.18-22.23.00
[2018.11.19-05.23.00:029][314]LogGameMode: Error: Mixing AGameStateBase with AGameMode is not compatible. Change AGameStateBase subclass (GameStateBase) to derive from AGameState, or make both derive from Base
[2018.11.19-05.23.00:029][314]LogWorld: Bringing up level for play took: 0.001681
[2018.11.19-05.23.00:041][314]LogGameMode: Display: Match State Changed from EnteringMap to WaitingToStart
[2018.11.19-05.23.00:041][314]LogGameMode: Display: Match State Changed from WaitingToStart to InProgress
[2018.11.19-05.23.00:042][314]PIE: Play in editor start time for /Game/ThirdPersonBP/Maps/UEDPIE_0_ThirdPersonExampleMap 0.762
[2018.11.19-05.23.00:042][314]LogBlueprintUserMessages: Late PlayInEditor Detection: Level '/Game/ThirdPersonBP/Maps/ThirdPersonExampleMap.ThirdPersonExampleMap:PersistentLevel' has LevelScriptBlueprint '/Game/ThirdPersonBP/Maps/ThirdPersonExampleMap.ThirdPersonExampleMap:PersistentLevel.ThirdPersonExampleMap' with GeneratedClass '/Game/ThirdPersonBP/Maps/ThirdPersonExampleMap.ThirdPersonExampleMap_C' with ClassGeneratedBy '/Game/ThirdPersonBP/Maps/ThirdPersonExampleMap.ThirdPersonExampleMap:PersistentLevel.ThirdPersonExampleMap'
[2018.11.19-05.23.00:089][316]LogBlueprintUserMessages: [ThirdPersonCharacter_167] X=-657.787 Y=152.431 Z=135.121
[2018.11.19-05.23.06:176][978]LogBlueprintUserMessages: Early EndPlayMap Detection: Level '/Game/ThirdPersonBP/Maps/ThirdPersonExampleMap.ThirdPersonExampleMap:PersistentLevel' has LevelScriptBlueprint '/Game/ThirdPersonBP/Maps/ThirdPersonExampleMap.ThirdPersonExampleMap:PersistentLevel.ThirdPersonExampleMap' with GeneratedClass '/Game/ThirdPersonBP/Maps/ThirdPersonExampleMap.ThirdPersonExampleMap_C' with ClassGeneratedBy '/Game/ThirdPersonBP/Maps/ThirdPersonExampleMap.ThirdPersonExampleMap:PersistentLevel.ThirdPersonExampleMap'
[2018.11.19-05.23.06:176][978]LogSlate: Updating window title bar state: overlay mode, drag disabled, window buttons hidden, title bar hidden
[2018.11.19-05.23.06:228][978]LogPlayLevel: Display: Shutting down PIE online subsystems
[2018.11.19-05.23.06:229][978]LogBlueprintUserMessages: Late EndPlayMap Detection: Level '/Game/ThirdPersonBP/Maps/ThirdPersonExampleMap.ThirdPersonExampleMap:PersistentLevel' has LevelScriptBlueprint '/Game/ThirdPersonBP/Maps/ThirdPersonExampleMap.ThirdPersonExampleMap:PersistentLevel.ThirdPersonExampleMap' with GeneratedClass '/Game/ThirdPersonBP/Maps/ThirdPersonExampleMap.ThirdPersonExampleMap_C' with ClassGeneratedBy '/Game/ThirdPersonBP/Maps/ThirdPersonExampleMap.ThirdPersonExampleMap:PersistentLevel.ThirdPersonExampleMap'
[2018.11.19-05.23.06:252][978]LogSlate: Updating window title bar state: overlay mode, drag disabled, window buttons hidden, title bar hidden
[2018.11.19-05.23.06:376][979]LogPlayLevel: Display: Destroying online subsystem :Context_10
[2018.11.19-05.23.08:147][129]LogSlate: FSceneViewport::OnFocusLost() reason 0
[2018.11.19-05.23.11:152][423]BlueprintLog: New page: Compile AI_Patrol
[2018.11.19-05.23.11:820][454]LogTemp: Repeating last play command: Selected Viewport
[2018.11.19-05.23.11:863][454]LogBlueprintUserMessages: Early PlayInEditor Detection: Level '/Game/ThirdPersonBP/Maps/ThirdPersonExampleMap.ThirdPersonExampleMap:PersistentLevel' has LevelScriptBlueprint '/Game/ThirdPersonBP/Maps/ThirdPersonExampleMap.ThirdPersonExampleMap:PersistentLevel.ThirdPersonExampleMap' with GeneratedClass '/Game/ThirdPersonBP/Maps/ThirdPersonExampleMap.ThirdPersonExampleMap_C' with ClassGeneratedBy '/Game/ThirdPersonBP/Maps/ThirdPersonExampleMap.ThirdPersonExampleMap:PersistentLevel.ThirdPersonExampleMap'
[2018.11.19-05.23.11:863][454]LogPlayLevel: PlayLevel: No blueprints needed recompiling
[2018.11.19-05.23.11:863][454]PIE: New page: PIE session: ThirdPersonExampleMap (Nov 18, 2018, 3:23:11 PM)
[2018.11.19-05.23.11:863][454]LogPlayLevel: Creating play world package: /Game/ThirdPersonBP/Maps/UEDPIE_0_ThirdPersonExampleMap
[2018.11.19-05.23.11:874][454]LogPlayLevel: PIE: StaticDuplicateObject took: (0.010580s)
[2018.11.19-05.23.11:874][454]LogAIModule: Creating AISystem for world ThirdPersonExampleMap
[2018.11.19-05.23.11:874][454]LogPlayLevel: PIE: World Init took: (0.000711s)
[2018.11.19-05.23.11:874][454]LogPlayLevel: PIE: Created PIE world by copying editor world from /Game/ThirdPersonBP/Maps/ThirdPersonExampleMap.ThirdPersonExampleMap to /Game/ThirdPersonBP/Maps/UEDPIE_0_ThirdPersonExampleMap.ThirdPersonExampleMap (0.011440s)
[2018.11.19-05.23.11:904][454]LogInit: XAudio2 using 'Speakers (Realtek High Definition Audio)' : 2 channels at 48 kHz using 32 bits per sample (channel mask 0x3)
[2018.11.19-05.23.11:914][454]LogInit: FAudioDevice initialized.
[2018.11.19-05.23.11:947][454]LogLoad: Game class is 'my_GameMode_C'
[2018.11.19-05.23.11:949][454]LogWorld: Bringing World /Game/ThirdPersonBP/Maps/UEDPIE_0_ThirdPersonExampleMap.ThirdPersonExampleMap up for play (max tick rate 0) at 2018.11.18-22.23.11
[2018.11.19-05.23.11:949][454]LogGameMode: Error: Mixing AGameStateBase with AGameMode is not compatible. Change AGameStateBase subclass (GameStateBase) to derive from AGameState, or make both derive from Base
[2018.11.19-05.23.11:949][454]LogWorld: Bringing up level for play took: 0.001967
[2018.11.19-05.23.11:961][454]LogGameMode: Display: Match State Changed from EnteringMap to WaitingToStart
[2018.11.19-05.23.11:961][454]LogGameMode: Display: Match State Changed from WaitingToStart to InProgress
[2018.11.19-05.23.11:962][454]PIE: Play in editor start time for /Game/ThirdPersonBP/Maps/UEDPIE_0_ThirdPersonExampleMap 0.683
[2018.11.19-05.23.11:962][454]LogBlueprintUserMessages: Late PlayInEditor Detection: Level '/Game/ThirdPersonBP/Maps/ThirdPersonExampleMap.ThirdPersonExampleMap:PersistentLevel' has LevelScriptBlueprint '/Game/ThirdPersonBP/Maps/ThirdPersonExampleMap.ThirdPersonExampleMap:PersistentLevel.ThirdPersonExampleMap' with GeneratedClass '/Game/ThirdPersonBP/Maps/ThirdPersonExampleMap.ThirdPersonExampleMap_C' with ClassGeneratedBy '/Game/ThirdPersonBP/Maps/ThirdPersonExampleMap.ThirdPersonExampleMap:PersistentLevel.ThirdPersonExampleMap'
[2018.11.19-05.23.12:095][455]LogBlueprintUserMessages: [ThirdPersonCharacter_167] X=-657.787 Y=152.431 Z=135.121
[2018.11.19-05.23.13:176][557]LogSlate: FSceneViewport::OnFocusLost() reason 2
[2018.11.19-05.23.14:129][612]LogBlueprintUserMessages: [ThirdPersonCharacter_167] X=-657.787 Y=152.431 Z=135.121
[2018.11.19-05.23.58:318][477]LogBlueprintUserMessages: Early EndPlayMap Detection: Level '/Game/ThirdPersonBP/Maps/ThirdPersonExampleMap.ThirdPersonExampleMap:PersistentLevel' has LevelScriptBlueprint '/Game/ThirdPersonBP/Maps/ThirdPersonExampleMap.ThirdPersonExampleMap:PersistentLevel.ThirdPersonExampleMap' with GeneratedClass '/Game/ThirdPersonBP/Maps/ThirdPersonExampleMap.ThirdPersonExampleMap_C' with ClassGeneratedBy '/Game/ThirdPersonBP/Maps/ThirdPersonExampleMap.ThirdPersonExampleMap:PersistentLevel.ThirdPersonExampleMap'
[2018.11.19-05.23.58:318][477]LogSlate: Updating window title bar state: overlay mode, drag disabled, window buttons hidden, title bar hidden
[2018.11.19-05.23.58:364][477]LogPlayLevel: Display: Shutting down PIE online subsystems
[2018.11.19-05.23.58:365][477]LogBlueprintUserMessages: Late EndPlayMap Detection: Level '/Game/ThirdPersonBP/Maps/ThirdPersonExampleMap.ThirdPersonExampleMap:PersistentLevel' has LevelScriptBlueprint '/Game/ThirdPersonBP/Maps/ThirdPersonExampleMap.ThirdPersonExampleMap:PersistentLevel.ThirdPersonExampleMap' with GeneratedClass '/Game/ThirdPersonBP/Maps/ThirdPersonExampleMap.ThirdPersonExampleMap_C' with ClassGeneratedBy '/Game/ThirdPersonBP/Maps/ThirdPersonExampleMap.ThirdPersonExampleMap:PersistentLevel.ThirdPersonExampleMap'
[2018.11.19-05.23.58:387][477]LogSlate: Updating window title bar state: overlay mode, drag disabled, window buttons hidden, title bar hidden
[2018.11.19-05.23.58:510][478]LogPlayLevel: Display: Destroying online subsystem :Context_11
[2018.11.19-05.24.00:567][641]LogSlate: FSceneViewport::OnFocusLost() reason 0
[2018.11.19-05.25.04:066][957]LogSlate: Took 0.003604 seconds to synchronously load lazily loaded font '../../../Engine/Content/Slate/Fonts/Roboto-BoldCondensedItalic.ttf' (160K)
[2018.11.19-05.25.10:083][635]BlueprintLog: New page: Compile AI_Patrol
[2018.11.19-05.26.21:445][611]LogSavePackage: Moving '../../../../../../Users/u1218984/Documents/GitHub/aluringLure/Lure/Saved/AI_Patrol002D7460425B5E14FD0BDAA61D77CD19.tmp' to '../../../../../../Users/u1218984/Documents/GitHub/aluringLure/Lure/Content/BluePrints/PatrolAmongAI/AI_Patrol.uasset'
[2018.11.19-05.26.21:740][641]LogSlate: FSceneViewport::OnFocusLost() reason 0
[2018.11.19-05.26.21:816][650]BlueprintLog: New page: Compile AI_Patrol
[2018.11.19-05.27.24:570][914]LogSlate: FSceneViewport::OnFocusLost() reason 2
[2018.11.19-05.27.42:557][509]Cmd: TRANSACTION UNDO
[2018.11.19-05.27.42:557][509]LogEditorTransaction: Undo Edit Sprite Color
[2018.11.19-05.27.42:563][509]LogActorComponent: ~FComponentReregisterContext: (/Game/ThirdPersonBP/Maps/ThirdPersonExampleMap.ThirdPersonExampleMap:PersistentLevel.AI_Patrol_2.CharacterMesh0) Component already registered.
[2018.11.19-05.27.42:566][509]LogActorComponent: ~FComponentReregisterContext: (/Game/ThirdPersonBP/Maps/ThirdPersonExampleMap.ThirdPersonExampleMap:PersistentLevel.AI_Patrol_2.Arrow) Component already registered.
[2018.11.19-05.27.42:566][509]LogActorComponent: ~FComponentReregisterContext: (/Game/ThirdPersonBP/Maps/ThirdPersonExampleMap.ThirdPersonExampleMap:PersistentLevel.AI_Patrol_2.CharMoveComp) Component already registered.
[2018.11.19-05.27.42:940][536]Cmd: TRANSACTION UNDO
[2018.11.19-05.27.42:940][536]LogEditorTransaction: Undo Edit Sprite Color
[2018.11.19-05.27.42:946][536]LogActorComponent: ~FComponentReregisterContext: (/Game/ThirdPersonBP/Maps/ThirdPersonExampleMap.ThirdPersonExampleMap:PersistentLevel.AI_Patrol_2.CharacterMesh0) Component already registered.
[2018.11.19-05.27.42:947][536]LogActorComponent: ~FComponentReregisterContext: (/Game/ThirdPersonBP/Maps/ThirdPersonExampleMap.ThirdPersonExampleMap:PersistentLevel.AI_Patrol_2.Arrow) Component already registered.
[2018.11.19-05.27.42:949][536]LogActorComponent: ~FComponentReregisterContext: (/Game/ThirdPersonBP/Maps/ThirdPersonExampleMap.ThirdPersonExampleMap:PersistentLevel.AI_Patrol_2.CharMoveComp) Component already registered.
[2018.11.19-05.27.46:200][893]LogSlate: Window 'Color Picker' being destroyed
[2018.11.19-05.27.49:333][239]LogSlate: FSceneViewport::OnFocusLost() reason 2
[2018.11.19-05.27.52:597][559]LogSlate: Window 'Color Picker' being destroyed
[2018.11.19-05.27.53:442][653]BlueprintLog: New page: Compile AI_Patrol
[2018.11.19-05.27.54:108][677]LogSavePackage: Moving '../../../../../../Users/u1218984/Documents/GitHub/aluringLure/Lure/Saved/AI_PatrolBBB3ABEB4989A35E73B2A9A6F95F4B1A.tmp' to '../../../../../../Users/u1218984/Documents/GitHub/aluringLure/Lure/Content/BluePrints/PatrolAmongAI/AI_Patrol.uasset'
[2018.11.19-05.27.54:508][721]LogSlate: FSceneViewport::OnFocusLost() reason 2
[2018.11.19-05.27.55:627][843]LogSlate: FSceneViewport::OnFocusLost() reason 0
[2018.11.19-05.27.58:189][114]LogSlate: FSceneViewport::OnFocusLost() reason 0
[2018.11.19-05.28.01:986][545]LogSlate: FSceneViewport::OnFocusLost() reason 2
[2018.11.19-05.28.05:116][860]LogSlate: Window 'Color Picker' being destroyed
[2018.11.19-05.28.15:043][ 34]LogSlate: FSceneViewport::OnFocusLost() reason 0
[2018.11.19-05.28.15:127][ 44]BlueprintLog: New page: Compile AI_Patrol
[2018.11.19-05.28.58:217][832]LogSavePackage: Moving '../../../../../../Users/u1218984/Documents/GitHub/aluringLure/Lure/Saved/ThirdPersonExampleMap_Auto1E162B62943FFCC7B04E694BCD4BA8F2B.tmp' to '../../../../../../Users/u1218984/Documents/GitHub/aluringLure/Lure/Saved/Autosaves/Game/ThirdPersonBP/Maps/ThirdPersonExampleMap_Auto1.umap'
[2018.11.19-05.28.58:221][832]LogFileHelpers: Editor autosave (incl. sublevels) for '/Game/ThirdPersonBP/Maps/ThirdPersonExampleMap' took 0.168
[2018.11.19-05.28.58:221][832]LogFileHelpers: Editor autosave (incl. sublevels) for all levels took 0.168
[2018.11.19-05.28.58:222][832]OBJ SavePackage: Generating thumbnails for [1] asset(s) in package [/Game/BluePrints/PatrolAmongAI/AI_Patrol] ([1] browsable assets)...
[2018.11.19-05.28.58:231][832]OBJ SavePackage:     Rendered thumbnail for [Blueprint /Game/BluePrints/PatrolAmongAI/AI_Patrol.AI_Patrol]
[2018.11.19-05.28.58:231][832]OBJ SavePackage: Finished generating thumbnails for package [/Game/BluePrints/PatrolAmongAI/AI_Patrol]
[2018.11.19-05.28.58:313][832]LogSavePackage: Moving '../../../../../../Users/u1218984/Documents/GitHub/aluringLure/Lure/Saved/AI_Patrol_Auto1C17DB2774BC01FD2EDD3A2A1190D9137.tmp' to '../../../../../../Users/u1218984/Documents/GitHub/aluringLure/Lure/Saved/Autosaves/Game/BluePrints/PatrolAmongAI/AI_Patrol_Auto1.uasset'
[2018.11.19-05.28.58:314][832]LogFileHelpers: Auto-saving content packages took 0.092
[2018.11.19-05.29.32:937][978]LogSlate: FSceneViewport::OnFocusLost() reason 0
[2018.11.19-05.29.59:133][935]LogEditorTransaction: Undo Add Node
[2018.11.19-05.30.34:730][939]BlueprintLog: New page: Compile AI_Patrol
[2018.11.19-05.30.35:694][998]LogSavePackage: Moving '../../../../../../Users/u1218984/Documents/GitHub/aluringLure/Lure/Saved/AI_Patrol577276B24FE04F0FCA6DBDB55897619D.tmp' to '../../../../../../Users/u1218984/Documents/GitHub/aluringLure/Lure/Content/BluePrints/PatrolAmongAI/AI_Patrol.uasset'
[2018.11.19-05.31.13:915][573]LogSlate: FSceneViewport::OnFocusLost() reason 0
[2018.11.19-05.31.14:100][584]LogSavePackage: Moving '../../../../../../Users/u1218984/Documents/GitHub/aluringLure/Lure/Saved/AI_PatrolA227DCE44B753517410F2AB2EFF59447.tmp' to '../../../../../../Users/u1218984/Documents/GitHub/aluringLure/Lure/Content/BluePrints/PatrolAmongAI/AI_Patrol.uasset'
[2018.11.19-05.31.15:391][711]LogSlate: FSceneViewport::OnFocusLost() reason 0
[2018.11.19-05.31.15:450][718]LogTemp: Repeating last play command: Selected Viewport
[2018.11.19-05.31.15:493][718]LogBlueprintUserMessages: Early PlayInEditor Detection: Level '/Game/ThirdPersonBP/Maps/ThirdPersonExampleMap.ThirdPersonExampleMap:PersistentLevel' has LevelScriptBlueprint '/Game/ThirdPersonBP/Maps/ThirdPersonExampleMap.ThirdPersonExampleMap:PersistentLevel.ThirdPersonExampleMap' with GeneratedClass '/Game/ThirdPersonBP/Maps/ThirdPersonExampleMap.ThirdPersonExampleMap_C' with ClassGeneratedBy '/Game/ThirdPersonBP/Maps/ThirdPersonExampleMap.ThirdPersonExampleMap:PersistentLevel.ThirdPersonExampleMap'
[2018.11.19-05.31.15:494][718]LogPlayLevel: PlayLevel: No blueprints needed recompiling
[2018.11.19-05.31.15:494][718]PIE: New page: PIE session: ThirdPersonExampleMap (Nov 18, 2018, 3:31:15 PM)
[2018.11.19-05.31.15:494][718]LogPlayLevel: Creating play world package: /Game/ThirdPersonBP/Maps/UEDPIE_0_ThirdPersonExampleMap
[2018.11.19-05.31.15:504][718]LogPlayLevel: PIE: StaticDuplicateObject took: (0.010464s)
[2018.11.19-05.31.15:505][718]LogAIModule: Creating AISystem for world ThirdPersonExampleMap
[2018.11.19-05.31.15:505][718]LogPlayLevel: PIE: World Init took: (0.000721s)
[2018.11.19-05.31.15:505][718]LogPlayLevel: PIE: Created PIE world by copying editor world from /Game/ThirdPersonBP/Maps/ThirdPersonExampleMap.ThirdPersonExampleMap to /Game/ThirdPersonBP/Maps/UEDPIE_0_ThirdPersonExampleMap.ThirdPersonExampleMap (0.011311s)
[2018.11.19-05.31.15:559][718]LogInit: XAudio2 using 'Speakers (Realtek High Definition Audio)' : 2 channels at 48 kHz using 32 bits per sample (channel mask 0x3)
[2018.11.19-05.31.15:570][718]LogInit: FAudioDevice initialized.
[2018.11.19-05.31.15:603][718]LogLoad: Game class is 'my_GameMode_C'
[2018.11.19-05.31.15:605][718]LogWorld: Bringing World /Game/ThirdPersonBP/Maps/UEDPIE_0_ThirdPersonExampleMap.ThirdPersonExampleMap up for play (max tick rate 0) at 2018.11.18-22.31.15
[2018.11.19-05.31.15:605][718]LogGameMode: Error: Mixing AGameStateBase with AGameMode is not compatible. Change AGameStateBase subclass (GameStateBase) to derive from AGameState, or make both derive from Base
[2018.11.19-05.31.15:605][718]LogWorld: Bringing up level for play took: 0.001709
[2018.11.19-05.31.15:617][718]LogGameMode: Display: Match State Changed from EnteringMap to WaitingToStart
[2018.11.19-05.31.15:617][718]LogGameMode: Display: Match State Changed from WaitingToStart to InProgress
[2018.11.19-05.31.15:618][718]PIE: Play in editor start time for /Game/ThirdPersonBP/Maps/UEDPIE_0_ThirdPersonExampleMap 0.34
[2018.11.19-05.31.15:618][718]LogBlueprintUserMessages: Late PlayInEditor Detection: Level '/Game/ThirdPersonBP/Maps/ThirdPersonExampleMap.ThirdPersonExampleMap:PersistentLevel' has LevelScriptBlueprint '/Game/ThirdPersonBP/Maps/ThirdPersonExampleMap.ThirdPersonExampleMap:PersistentLevel.ThirdPersonExampleMap' with GeneratedClass '/Game/ThirdPersonBP/Maps/ThirdPersonExampleMap.ThirdPersonExampleMap_C' with ClassGeneratedBy '/Game/ThirdPersonBP/Maps/ThirdPersonExampleMap.ThirdPersonExampleMap:PersistentLevel.ThirdPersonExampleMap'
[2018.11.19-05.31.17:331][846]LogBlueprintUserMessages: [ThirdPersonCharacter_167] X=-657.787 Y=152.431 Z=135.121
[2018.11.19-05.31.24:901][735]LogSlate: FSceneViewport::OnFocusLost() reason 2
[2018.11.19-05.31.26:414][862]LogEditorViewport: Clicking on Actor (LMB): StaticMeshActor (Cube2)
[2018.11.19-05.31.29:667][145]LogSlate: FSceneViewport::OnFocusLost() reason 0
[2018.11.19-05.31.41:872][292]LogEditorViewport: Clicking on Actor (context menu): StaticMeshActor (Floor)
[2018.11.19-05.31.41:918][292]LogSlate: FSceneViewport::OnFocusLost() reason 2
[2018.11.19-05.31.43:009][403]LogEditorViewport: Clicking on Actor (LMB): StaticMeshActor (Wall7)
[2018.11.19-05.31.44:688][534]LogSlate: FSceneViewport::OnFocusLost() reason 0
[2018.11.19-05.32.04:177][ 87]LogBlueprintUserMessages: Early EndPlayMap Detection: Level '/Game/ThirdPersonBP/Maps/ThirdPersonExampleMap.ThirdPersonExampleMap:PersistentLevel' has LevelScriptBlueprint '/Game/ThirdPersonBP/Maps/ThirdPersonExampleMap.ThirdPersonExampleMap:PersistentLevel.ThirdPersonExampleMap' with GeneratedClass '/Game/ThirdPersonBP/Maps/ThirdPersonExampleMap.ThirdPersonExampleMap_C' with ClassGeneratedBy '/Game/ThirdPersonBP/Maps/ThirdPersonExampleMap.ThirdPersonExampleMap:PersistentLevel.ThirdPersonExampleMap'
[2018.11.19-05.32.04:178][ 87]LogSlate: Updating window title bar state: overlay mode, drag disabled, window buttons hidden, title bar hidden
[2018.11.19-05.32.04:224][ 87]LogPlayLevel: Display: Shutting down PIE online subsystems
[2018.11.19-05.32.04:225][ 87]LogBlueprintUserMessages: Late EndPlayMap Detection: Level '/Game/ThirdPersonBP/Maps/ThirdPersonExampleMap.ThirdPersonExampleMap:PersistentLevel' has LevelScriptBlueprint '/Game/ThirdPersonBP/Maps/ThirdPersonExampleMap.ThirdPersonExampleMap:PersistentLevel.ThirdPersonExampleMap' with GeneratedClass '/Game/ThirdPersonBP/Maps/ThirdPersonExampleMap.ThirdPersonExampleMap_C' with ClassGeneratedBy '/Game/ThirdPersonBP/Maps/ThirdPersonExampleMap.ThirdPersonExampleMap:PersistentLevel.ThirdPersonExampleMap'
[2018.11.19-05.32.04:249][ 87]LogSlate: Updating window title bar state: overlay mode, drag disabled, window buttons hidden, title bar hidden
[2018.11.19-05.32.04:343][ 88]LogPlayLevel: Display: Destroying online subsystem :Context_12
[2018.11.19-05.36.13:359][453]LogSlate: Window 'AI_Patrol' being destroyed
[2018.11.19-05.36.13:364][453]LogSlate: Window 'AI_Patrol' being destroyed
[2018.11.19-05.36.15:438][691]LogSlate: FSceneViewport::OnFocusLost() reason 0
[2018.11.19-05.39.47:515][575]LogSavePackage: Moving '../../../../../../Users/u1218984/Documents/GitHub/aluringLure/Lure/Saved/ThirdPersonExampleMap_Auto28F7B875D44C8CD1B88D199BCF6175E0F.tmp' to '../../../../../../Users/u1218984/Documents/GitHub/aluringLure/Lure/Saved/Autosaves/Game/ThirdPersonBP/Maps/ThirdPersonExampleMap_Auto2.umap'
[2018.11.19-05.39.47:519][575]LogFileHelpers: Editor autosave (incl. sublevels) for '/Game/ThirdPersonBP/Maps/ThirdPersonExampleMap' took 0.164
[2018.11.19-05.39.47:519][575]LogFileHelpers: Editor autosave (incl. sublevels) for all levels took 0.164
[2018.11.19-05.44.54:044][488]LogSlate: FSceneViewport::OnFocusLost() reason 0
[2018.11.19-05.44.55:620][488]LogSlate: Window 'Save Content' being destroyed
[2018.11.19-05.44.55:636][488]LogSlate: FSceneViewport::OnFocusLost() reason 2
[2018.11.19-05.44.55:876][488]LogSavePackage: Moving '../../../../../../Users/u1218984/Documents/GitHub/aluringLure/Lure/Saved/ThirdPersonExampleMapFC57D00641C830F09FD88F9E4141E193.tmp' to '../../../../../../Users/u1218984/Documents/GitHub/aluringLure/Lure/Content/ThirdPersonBP/Maps/ThirdPersonExampleMap.umap'
[2018.11.19-05.44.55:926][488]LogFileHelpers: Saving map 'ThirdPersonExampleMap' took 0.284
[2018.11.19-05.44.56:050][488]LogSlate: Window 'Lure - Unreal Editor' being destroyed
[2018.11.19-05.44.56:233][489]Cmd: QUIT_EDITOR
[2018.11.19-05.44.57:092][489]LogWindowsTextInputMethodSystem: Display: IME system now deactivated.
[2018.11.19-05.44.57:103][489]LogExit: Preparing to exit.
[2018.11.19-05.44.57:689][489]LogExit: Editor shut down
[2018.11.19-05.44.57:690][489]LogExit: Transaction tracking system shut down
[2018.11.19-05.44.57:948][489]LogExit: Object subsystem successfully closed.
[2018.11.19-05.44.57:957][489]LogShaderCompilers: Display: Shaders left to compile 0
[2018.11.19-05.44.57:959][489]LogD3D11RHI: Shutdown
[2018.11.19-05.44.57:960][489]LogD3D11RHI: CleanupD3DDevice
[2018.11.19-05.44.57:961][489]LogD3D11RHI: ~FD3D11DynamicRHI
[2018.11.19-05.44.57:983][489]LogModuleManager: Shutting down and abandoning module MovieSceneCapture (616)
[2018.11.19-05.44.57:983][489]LogModuleManager: Shutting down and abandoning module Voice (614)
[2018.11.19-05.44.57:983][489]LogModuleManager: Shutting down and abandoning module BlueprintGraph (612)
[2018.11.19-05.44.57:983][489]LogModuleManager: Shutting down and abandoning module HierarchicalLODOutliner (610)
[2018.11.19-05.44.57:983][489]LogModuleManager: Shutting down and abandoning module AddContentDialog (608)
[2018.11.19-05.44.57:983][489]LogModuleManager: Shutting down and abandoning module WidgetCarousel (607)
[2018.11.19-05.44.57:983][489]LogModuleManager: Shutting down and abandoning module EditorWidgets (604)
[2018.11.19-05.44.57:984][489]LogModuleManager: Shutting down and abandoning module CollectionManager (602)
[2018.11.19-05.44.57:984][489]LogModuleManager: Shutting down and abandoning module SceneOutliner (600)
[2018.11.19-05.44.57:984][489]LogModuleManager: Shutting down and abandoning module StatsViewer (598)
[2018.11.19-05.44.57:984][489]LogModuleManager: Shutting down and abandoning module FoliageEdit (596)
[2018.11.19-05.44.57:984][489]LogModuleManager: Shutting down and abandoning module LandscapeEditor (594)
[2018.11.19-05.44.57:984][489]LogModuleManager: Shutting down and abandoning module MeshPaintMode (592)
[2018.11.19-05.44.57:984][489]LogModuleManager: Shutting down and abandoning module SceneDepthPickerMode (590)
[2018.11.19-05.44.57:984][489]LogModuleManager: Shutting down and abandoning module ActorPickerMode (588)
[2018.11.19-05.44.57:984][489]LogModuleManager: Shutting down and abandoning module GeometryMode (586)
[2018.11.19-05.44.57:984][489]LogModuleManager: Shutting down and abandoning module TextureAlignMode (584)
[2018.11.19-05.44.57:984][489]LogModuleManager: Shutting down and abandoning module BspMode (582)
[2018.11.19-05.44.57:984][489]LogModuleManager: Shutting down and abandoning module PIEPreviewDeviceProfileSelector (580)
[2018.11.19-05.44.57:984][489]LogModuleManager: Shutting down and abandoning module SequenceRecorderSections (578)
[2018.11.19-05.44.57:984][489]LogModuleManager: Shutting down and abandoning module AutomationWorker (576)
[2018.11.19-05.44.57:984][489]LogModuleManager: Shutting down and abandoning module AudioCaptureEditor (574)
[2018.11.19-05.44.57:984][489]LogModuleManager: Shutting down and abandoning module SequenceRecorder (573)
[2018.11.19-05.44.57:984][489]LogModuleManager: Shutting down and abandoning module MatineeToLevelSequence (570)
[2018.11.19-05.44.57:984][489]LogModuleManager: Shutting down and abandoning module LevelSequenceEditor (568)
[2018.11.19-05.44.57:984][489]LogModuleManager: Shutting down and abandoning module PlacementMode (567)
[2018.11.19-05.44.57:984][489]LogModuleManager: Shutting down and abandoning module MaterialEditor (566)
[2018.11.19-05.44.57:984][489]LogModuleManager: Shutting down and abandoning module WmfMediaFactory (562)
[2018.11.19-05.44.57:984][489]LogModuleManager: Shutting down and abandoning module WmfMediaEditor (560)
[2018.11.19-05.44.57:984][489]LogModuleManager: Shutting down and abandoning module MediaPlayerEditor (558)
[2018.11.19-05.44.57:984][489]LogModuleManager: Shutting down and abandoning module OpenExrWrapper (556)
[2018.11.19-05.44.57:984][489]LogModuleManager: Shutting down and abandoning module ImgMediaFactory (554)
[2018.11.19-05.44.57:984][489]LogModuleManager: Shutting down and abandoning module ImgMediaEditor (552)
[2018.11.19-05.44.57:984][489]LogModuleManager: Shutting down and abandoning module AvfMediaFactory (550)
[2018.11.19-05.44.57:984][489]LogModuleManager: Shutting down and abandoning module AvfMediaEditor (548)
[2018.11.19-05.44.57:984][489]LogModuleManager: Shutting down and abandoning module AndroidMediaFactory (546)
[2018.11.19-05.44.57:984][489]LogModuleManager: Shutting down and abandoning module AndroidMediaEditor (544)
[2018.11.19-05.44.57:984][489]LogModuleManager: Shutting down and abandoning module MagicLeapCameraPreviewFactory (542)
[2018.11.19-05.44.57:984][489]LogModuleManager: Shutting down and abandoning module MagicLeapMediaFactory (540)
[2018.11.19-05.44.57:984][489]LogModuleManager: Shutting down and abandoning module MagicLeapMediaEditor (538)
[2018.11.19-05.44.57:984][489]LogModuleManager: Shutting down and abandoning module CharacterAI (536)
[2018.11.19-05.44.57:984][489]LogModuleManager: Shutting down and abandoning module SmartSnapping (534)
[2018.11.19-05.44.57:984][489]LogModuleManager: Shutting down and abandoning module SessionServices (532)
[2018.11.19-05.44.57:984][489]LogModuleManager: Shutting down and abandoning module ViewportSnapping (530)
[2018.11.19-05.44.57:984][489]LogModuleManager: Shutting down and abandoning module ViewportInteraction (528)
[2018.11.19-05.44.57:984][489]LogModuleManager: Shutting down and abandoning module ClothPainter (526)
[2018.11.19-05.44.57:984][489]LogModuleManager: Shutting down and abandoning module SkeletalMeshEditor (525)
[2018.11.19-05.44.57:984][489]LogModuleManager: Shutting down and abandoning module LogVisualizer (522)
[2018.11.19-05.44.57:985][489]LogModuleManager: Shutting down and abandoning module IntroTutorials (520)
[2018.11.19-05.44.57:985][489]LogModuleManager: Shutting down and abandoning module GameProjectGeneration (519)
[2018.11.19-05.44.57:985][489]LogModuleManager: Shutting down and abandoning module LuminPlatformEditor (516)
[2018.11.19-05.44.57:985][489]LogModuleManager: Shutting down and abandoning module IOSPlatformEditor (514)
[2018.11.19-05.44.57:985][489]LogModuleManager: Shutting down and abandoning module HTML5PlatformEditor (512)
[2018.11.19-05.44.57:985][489]LogModuleManager: Shutting down and abandoning module AndroidPlatformEditor (510)
[2018.11.19-05.44.57:985][489]LogModuleManager: Shutting down and abandoning module AndroidDeviceDetection (509)
[2018.11.19-05.44.59:439][489]LogModuleManager: Shutting down and abandoning module WindowsPlatformEditor (506)
[2018.11.19-05.44.59:439][489]LogModuleManager: Shutting down and abandoning module LuminRuntimeSettings (504)
[2018.11.19-05.44.59:439][489]LogModuleManager: Shutting down and abandoning module IOSRuntimeSettings (502)
[2018.11.19-05.44.59:439][489]LogModuleManager: Shutting down and abandoning module AndroidRuntimeSettings (500)
[2018.11.19-05.44.59:439][489]LogModuleManager: Shutting down and abandoning module InputBindingEditor (498)
[2018.11.19-05.44.59:439][489]LogModuleManager: Shutting down and abandoning module MergeActors (496)
[2018.11.19-05.44.59:439][489]LogModuleManager: Shutting down and abandoning module LocalizationDashboard (494)
[2018.11.19-05.44.59:439][489]LogModuleManager: Shutting down and abandoning module LocalizationService (493)
[2018.11.19-05.44.59:439][489]LogModuleManager: Shutting down and abandoning module HardwareTargeting (490)
[2018.11.19-05.44.59:439][489]LogModuleManager: Shutting down and abandoning module DeviceProfileEditor (488)
[2018.11.19-05.44.59:439][489]LogModuleManager: Shutting down and abandoning module UndoHistory (486)
[2018.11.19-05.44.59:439][489]LogModuleManager: Shutting down and abandoning module XmlParser (484)
[2018.11.19-05.44.59:439][489]LogModuleManager: Shutting down and abandoning module Blutility (482)
[2018.11.19-05.44.59:439][489]LogModuleManager: Shutting down and abandoning module ProjectSettingsViewer (480)
[2018.11.19-05.44.59:439][489]LogModuleManager: Shutting down and abandoning module ProjectTargetPlatformEditor (479)
[2018.11.19-05.44.59:439][489]LogModuleManager: Shutting down and abandoning module EditorSettingsViewer (476)
[2018.11.19-05.44.59:439][489]LogModuleManager: Shutting down and abandoning module SettingsEditor (474)
[2018.11.19-05.44.59:439][489]LogModuleManager: Shutting down and abandoning module ProjectLauncher (472)
[2018.11.19-05.44.59:440][489]LogModuleManager: Shutting down and abandoning module SessionFrontend (470)
[2018.11.19-05.44.59:440][489]LogModuleManager: Shutting down and abandoning module ProfilerClient (468)
[2018.11.19-05.44.59:440][489]LogModuleManager: Shutting down and abandoning module DeviceManager (466)
[2018.11.19-05.44.59:440][489]LogModuleManager: Shutting down and abandoning module TargetDeviceServices (465)
[2018.11.19-05.44.59:506][489]LogModuleManager: Shutting down and abandoning module AutomationController (462)
[2018.11.19-05.44.59:506][489]LogModuleManager: Shutting down and abandoning module AutomationWindow (460)
[2018.11.19-05.44.59:506][489]LogModuleManager: Shutting down and abandoning module Layers (458)
[2018.11.19-05.44.59:506][489]LogModuleManager: Shutting down and abandoning module ComponentVisualizers (456)
[2018.11.19-05.44.59:506][489]LogModuleManager: Shutting down and abandoning module DetailCustomizations (454)
[2018.11.19-05.44.59:506][489]LogModuleManager: Shutting down and abandoning module PackagesDialog (452)
[2018.11.19-05.44.59:506][489]LogModuleManager: Shutting down and abandoning module Persona (450)
[2018.11.19-05.44.59:506][489]LogModuleManager: Shutting down and abandoning module AdvancedPreviewScene (449)
[2018.11.19-05.44.59:506][489]LogModuleManager: Shutting down and abandoning module AnimGraph (447)
[2018.11.19-05.44.59:506][489]LogModuleManager: Shutting down and abandoning module Kismet (444)
[2018.11.19-05.44.59:511][489]LogModuleManager: Shutting down and abandoning module GraphEditor (442)
[2018.11.19-05.44.59:511][489]LogModuleManager: Shutting down and abandoning module ClassViewer (440)
[2018.11.19-05.44.59:512][489]LogModuleManager: Shutting down and abandoning module Toolbox (438)
[2018.11.19-05.44.59:512][489]LogModuleManager: Shutting down and abandoning module ModuleUI (436)
[2018.11.19-05.44.59:512][489]LogModuleManager: Shutting down and abandoning module MovieSceneTools (434)
[2018.11.19-05.44.59:512][489]LogModuleManager: Shutting down and abandoning module OutputLog (432)
[2018.11.19-05.44.59:512][489]LogModuleManager: Shutting down and abandoning module GammaUI (430)
[2018.11.19-05.44.59:512][489]LogModuleManager: Shutting down and abandoning module Documentation (428)
[2018.11.19-05.44.59:512][489]LogModuleManager: Shutting down and abandoning module MovieSceneTracks (426)
[2018.11.19-05.44.59:512][489]LogModuleManager: Shutting down and abandoning module MovieScene (424)
[2018.11.19-05.44.59:512][489]LogModuleManager: Shutting down and abandoning module StreamingPauseRendering (422)
[2018.11.19-05.44.59:512][489]LogModuleManager: Shutting down and abandoning module LauncherPlatform (420)
[2018.11.19-05.44.59:512][489]LogModuleManager: Shutting down and abandoning module AnalyticsET (418)
[2018.11.19-05.44.59:512][489]LogModuleManager: Shutting down and abandoning module PortalServices (416)
[2018.11.19-05.44.59:512][489]LogModuleManager: Shutting down and abandoning module PortalRpc (414)
[2018.11.19-05.44.59:512][489]LogModuleManager: Shutting down and abandoning module MessagingRpc (412)
[2018.11.19-05.44.59:512][489]LogModuleManager: Shutting down and abandoning module AIModule (410)
[2018.11.19-05.44.59:512][489]LogModuleManager: Shutting down and abandoning module GameplayDebugger (409)
[2018.11.19-05.44.59:512][489]LogModuleManager: Shutting down and abandoning module AITestSuite (407)
[2018.11.19-05.44.59:512][489]LogModuleManager: Shutting down and abandoning module NavigationSystem (405)
[2018.11.19-05.44.59:512][489]LogModuleManager: Shutting down and abandoning module DesktopPlatform (402)
[2018.11.19-05.44.59:512][489]LogModuleManager: Shutting down and abandoning module ProfilerService (400)
[2018.11.19-05.44.59:590][489]LogModuleManager: Shutting down and abandoning module TaskGraph (398)
[2018.11.19-05.44.59:590][489]LogModuleManager: Shutting down and abandoning module SteamVRController (396)
[2018.11.19-05.44.59:590][489]LogModuleManager: Shutting down and abandoning module ProceduralMeshComponentEditor (394)
[2018.11.19-05.44.59:590][489]LogModuleManager: Shutting down and abandoning module ProceduralMeshComponent (392)
[2018.11.19-05.44.59:590][489]LogModuleManager: Shutting down and abandoning module OculusInput (390)
[2018.11.19-05.44.59:590][489]LogModuleManager: Shutting down and abandoning module MobilePatchingUtils (388)
[2018.11.19-05.44.59:590][489]LogModuleManager: Shutting down and abandoning module EditableMesh (386)
[2018.11.19-05.44.59:590][489]LogModuleManager: Shutting down and abandoning module CustomMeshComponent (384)
[2018.11.19-05.44.59:590][489]LogModuleManager: Shutting down and abandoning module CableComponent (382)
[2018.11.19-05.44.59:590][489]LogModuleManager: Shutting down and abandoning module AudioCapture (380)
[2018.11.19-05.44.59:590][489]LogModuleManager: Shutting down and abandoning module ArchVisCharacter (378)
[2018.11.19-05.44.59:590][489]LogModuleManager: Shutting down and abandoning module AndroidPermission (376)
[2018.11.19-05.44.59:590][489]LogModuleManager: Shutting down and abandoning module NUTUnrealEngine4 (374)
[2018.11.19-05.44.59:590][489]LogModuleManager: Shutting down and abandoning module NetcodeUnitTest (372)
[2018.11.19-05.44.59:590][489]LogModuleManager: Shutting down and abandoning module MediaCompositingEditor (370)
[2018.11.19-05.44.59:590][489]LogModuleManager: Shutting down and abandoning module MediaCompositing (368)
[2018.11.19-05.44.59:590][489]LogModuleManager: Shutting down and abandoning module LinearTimecode (366)
[2018.11.19-05.44.59:590][489]LogModuleManager: Shutting down and abandoning module ImgMedia (364)
[2018.11.19-05.44.59:593][489]LogModuleManager: Shutting down and abandoning module HTML5Networking (362)
[2018.11.19-05.44.59:593][489]LogModuleManager: Shutting down and abandoning module GeometryCacheTracks (360)
[2018.11.19-05.44.59:593][489]LogModuleManager: Shutting down and abandoning module GeometryCacheSequencer (358)
[2018.11.19-05.44.59:593][489]LogModuleManager: Shutting down and abandoning module BackChannel (356)
[2018.11.19-05.44.59:593][489]LogModuleManager: Shutting down and abandoning module AppleVision (354)
[2018.11.19-05.44.59:593][489]LogModuleManager: Shutting down and abandoning module AppleImageUtils (352)
[2018.11.19-05.44.59:593][489]LogModuleManager: Shutting down and abandoning module AlembicImporter (350)
[2018.11.19-05.44.59:593][489]LogModuleManager: Shutting down and abandoning module AlembicLibrary (349)
[2018.11.19-05.44.59:593][489]LogModuleManager: Shutting down and abandoning module GeometryCache (348)
[2018.11.19-05.44.59:593][489]LogModuleManager: Shutting down and abandoning module GeometryCacheEd (347)
[2018.11.19-05.44.59:593][489]LogModuleManager: Shutting down and abandoning module DatasmithContentEditor (342)
[2018.11.19-05.44.59:593][489]LogModuleManager: Shutting down and abandoning module DatasmithContent (340)
[2018.11.19-05.44.59:593][489]LogModuleManager: Shutting down and abandoning module SpeedTreeImporter (338)
[2018.11.19-05.44.59:593][489]LogModuleManager: Shutting down and abandoning module PluginBrowser (336)
[2018.11.19-05.44.59:593][489]LogModuleManager: Shutting down and abandoning module MobileLauncherProfileWizard (334)
[2018.11.19-05.44.59:593][489]LogModuleManager: Shutting down and abandoning module PolygonModeling (332)
[2018.11.19-05.44.59:593][489]LogModuleManager: Shutting down and abandoning module MeshEditor (330)
[2018.11.19-05.44.59:593][489]LogModuleManager: Shutting down and abandoning module CryptoKeysOpenSSL (328)
[2018.11.19-05.44.59:593][489]LogModuleManager: Shutting down and abandoning module CryptoKeys (326)
[2018.11.19-05.44.59:593][489]LogModuleManager: Shutting down and abandoning module VisualStudioSourceCodeAccess (324)
[2018.11.19-05.44.59:593][489]LogModuleManager: Shutting down and abandoning module VisualStudioCodeSourceCodeAccess (322)
[2018.11.19-05.44.59:593][489]LogModuleManager: Shutting down and abandoning module UObjectPlugin (320)
[2018.11.19-05.44.59:593][489]LogModuleManager: Shutting down and abandoning module SubversionSourceControl (318)
[2018.11.19-05.44.59:593][489]LogModuleManager: Shutting down and abandoning module PerforceSourceControl (316)
[2018.11.19-05.44.59:593][489]LogModuleManager: Shutting down and abandoning module GitSourceControl (314)
[2018.11.19-05.44.59:593][489]LogModuleManager: Shutting down and abandoning module SourceControl (313)
[2018.11.19-05.44.59:594][489]LogModuleManager: Shutting down and abandoning module CLionSourceCodeAccess (310)
[2018.11.19-05.44.59:594][489]LogModuleManager: Shutting down and abandoning module LightPropagationVolumeEditor (308)
[2018.11.19-05.44.59:594][489]LogModuleManager: Shutting down and abandoning module PaperTiledImporter (306)
[2018.11.19-05.44.59:594][489]LogModuleManager: Shutting down and abandoning module PaperSpriteSheetImporter (304)
[2018.11.19-05.44.59:594][489]LogModuleManager: Shutting down and abandoning module Paper2DEditor (302)
[2018.11.19-05.44.59:594][489]LogModuleManager: Shutting down and abandoning module MeshPaint (301)
[2018.11.19-05.44.59:594][489]LogModuleManager: Shutting down and abandoning module RuntimePhysXCooking (298)
[2018.11.19-05.44.59:594][489]LogModuleManager: Shutting down and abandoning module PhysXVehiclesEditor (296)
[2018.11.19-05.44.59:594][489]LogModuleManager: Shutting down and abandoning module PhysXVehicles (294)
[2018.11.19-05.44.59:594][489]LogModuleManager: Shutting down and abandoning module OculusEditor (292)
[2018.11.19-05.44.59:594][489]LogModuleManager: Shutting down and abandoning module LocationServicesBPLibrary (290)
[2018.11.19-05.44.59:594][489]LogModuleManager: Shutting down and abandoning module ImmediatePhysicsEditor (288)
[2018.11.19-05.44.59:594][489]LogModuleManager: Shutting down and abandoning module ImmediatePhysics (286)
[2018.11.19-05.44.59:594][489]LogModuleManager: Shutting down and abandoning module ActorSequence (284)
[2018.11.19-05.44.59:594][489]LogModuleManager: Shutting down and abandoning module UdpMessaging (282)
