Log file open, 11/08/18 09:47:28
LogWindows: Failed to load 'aqProf.dll' (GetLastError=126)
LogWindows: File 'aqProf.dll' does not exist
LogWindows: Failed to load 'VtuneApi.dll' (GetLastError=126)
LogWindows: File 'VtuneApi.dll' does not exist
LogWindows: Failed to load 'VtuneApi32e.dll' (GetLastError=126)
LogWindows: File 'VtuneApi32e.dll' does not exist
LogInit: Display: Running engine for game: Lure
LogPlatformFile: Not using cached read wrapper
LogTaskGraph: Started task graph with 5 named threads and 23 total threads with 3 sets of task threads.
LogStats: Stats thread started at 0.279079
LogD3D11RHI: Loaded GFSDK_Aftermath_Lib.x64.dll
LogICUInternationalization: Display: ICU TimeZone Detection - Raw Offset: -7:00, Platform Override: ''
LogPluginManager: Mounting plugin Paper2D
LogPluginManager: Mounting plugin AISupport
LogPluginManager: Mounting plugin LightPropagationVolume
LogPluginManager: Mounting plugin CLionSourceCodeAccess
LogPluginManager: Mounting plugin CodeLiteSourceCodeAccess
LogPluginManager: Mounting plugin GitSourceControl
LogPluginManager: Mounting plugin KDevelopSourceCodeAccess
LogPluginManager: Mounting plugin NullSourceCodeAccess
LogPluginManager: Mounting plugin PerforceSourceControl
LogPluginManager: Mounting plugin SubversionSourceControl
LogPluginManager: Mounting plugin UObjectPlugin
LogPluginManager: Mounting plugin VisualStudioCodeSourceCodeAccess
LogPluginManager: Mounting plugin VisualStudioSourceCodeAccess
LogPluginManager: Mounting plugin XCodeSourceCodeAccess
LogPluginManager: Mounting plugin AssetManagerEditor
LogPluginManager: Mounting plugin CryptoKeys
LogPluginManager: Mounting plugin DataValidation
LogPluginManager: Mounting plugin FacialAnimation
LogPluginManager: Mounting plugin GameplayTagsEditor
LogPluginManager: Mounting plugin MacGraphicsSwitching
LogPluginManager: Mounting plugin MeshEditor
LogPluginManager: Mounting plugin MobileLauncherProfileWizard
LogPluginManager: Mounting plugin PluginBrowser
LogPluginManager: Mounting plugin SpeedTreeImporter
LogPluginManager: Mounting plugin DatasmithContent
LogPluginManager: Mounting plugin AlembicImporter
LogPluginManager: Mounting plugin AppleImageUtils
LogPluginManager: Mounting plugin AppleVision
LogPluginManager: Mounting plugin BackChannel
LogPluginManager: Mounting plugin CharacterAI
LogPluginManager: Mounting plugin GeometryCache
LogPluginManager: Mounting plugin HTML5Networking
LogPluginManager: Mounting plugin ProxyLODPlugin
LogPluginManager: Mounting plugin MagicLeap
LogPluginManager: Mounting plugin MagicLeapEmulator
LogPluginManager: Mounting plugin MagicLeapMedia
LogPluginManager: Mounting plugin AndroidMedia
LogPluginManager: Mounting plugin AvfMedia
LogPluginManager: Mounting plugin ImgMedia
LogPluginManager: Mounting plugin LinearTimecode
LogPluginManager: Mounting plugin MediaCompositing
LogPluginManager: Mounting plugin MediaPlayerEditor
LogPluginManager: Mounting plugin WmfMedia
LogPluginManager: Mounting plugin TcpMessaging
LogPluginManager: Mounting plugin UdpMessaging
LogPluginManager: Mounting plugin ActorSequence
LogPluginManager: Mounting plugin LevelSequenceEditor
LogPluginManager: Mounting plugin MatineeToLevelSequence
LogPluginManager: Mounting plugin NetcodeUnitTest
LogPluginManager: Mounting plugin NUTUnrealEngine4
LogPluginManager: Mounting plugin OnlineSubsystemGooglePlay
LogPluginManager: Mounting plugin OnlineSubsystemIOS
LogPluginManager: Mounting plugin OnlineSubsystem
LogPluginManager: Mounting plugin OnlineSubsystemNull
LogPluginManager: Mounting plugin OnlineSubsystemUtils
LogPluginManager: Mounting plugin LauncherChunkInstaller
LogPluginManager: Mounting plugin AndroidDeviceProfileSelector
LogPluginManager: Mounting plugin AndroidMoviePlayer
LogPluginManager: Mounting plugin AndroidPermission
LogPluginManager: Mounting plugin AppleMoviePlayer
LogPluginManager: Mounting plugin ArchVisCharacter
LogPluginManager: Mounting plugin AudioCapture
LogPluginManager: Mounting plugin CableComponent
LogPluginManager: Mounting plugin CustomMeshComponent
LogPluginManager: Mounting plugin EditableMesh
LogPluginManager: Mounting plugin ExampleDeviceProfileSelector
LogPluginManager: Mounting plugin GoogleCloudMessaging
LogPluginManager: Mounting plugin ImmediatePhysics
LogPluginManager: Mounting plugin IOSDeviceProfileSelector
LogPluginManager: Mounting plugin LinuxDeviceProfileSelector
LogPluginManager: Mounting plugin LocationServicesBPLibrary
LogPluginManager: Mounting plugin MobilePatchingUtils
LogPluginManager: Mounting plugin OculusVR
LogPluginManager: Plugin shader directory ../../../Engine/Plugins/Runtime/Oculus/OculusVR/Shaders found
LogPluginManager: Mapping shader source directory ../../../Engine/Plugins/Runtime/Oculus/OculusVR/Shaders to virtual directory /Plugin/OculusVR
LogPluginManager: Mounting plugin PhysXVehicles
LogPluginManager: Mounting plugin ProceduralMeshComponent
LogPluginManager: Mounting plugin RuntimePhysXCooking
LogPluginManager: Mounting plugin SteamVR
LogPluginManager: Mounting plugin WindowsMoviePlayer
LogStreaming: Display: Took  0.105s to configure plugins.
LogInit: Using libcurl 7.55.1-DEV
LogInit:  - built for x86_64-pc-win32
LogInit:  - supports SSL with OpenSSL/1.0.2h
LogInit:  - supports HTTP deflate (compression) using libz 1.2.8
LogInit:  - other features:
LogInit:      CURL_VERSION_SSL
LogInit:      CURL_VERSION_LIBZ
LogInit:      CURL_VERSION_IPV6
LogInit:      CURL_VERSION_ASYNCHDNS
LogInit:      CURL_VERSION_LARGEFILE
LogInit:      CURL_VERSION_IDN
LogInit:  CurlRequestOptions (configurable via config and command line):
LogInit:  - bVerifyPeer = false  - Libcurl will NOT verify peer certificate
LogInit:  - bUseHttpProxy = false  - Libcurl will NOT use HTTP proxy
LogInit:  - bDontReuseConnections = false  - Libcurl will reuse connections
LogInit:  - CertBundlePath = nullptr  - Libcurl will use whatever was configured at build time.
LogInit:  - MaxHostConnections = 16  - Libcurl will limit the number of connections to a host
LogInit:  - LocalHostAddr = Default
LogInit:  - BufferSize = 65536
LogInit: WinSock: version 1.1 (2.2), MaxSocks=32767, MaxUdp=65467
LogInit: Build: ++UE4+Release-4.20-CL-4212847
LogInit: Engine Version: 4.20.3-4212847+++UE4+Release-4.20
LogInit: Compatible Engine Version: 4.20.0-4212847+++UE4+Release-4.20
LogInit: Net CL: 4212847
LogInit: OS: Windows 10 (), CPU: Intel(R) Core(TM) i7-6700 CPU @ 3.40GHz, GPU: NVIDIA GeForce GTX 1070
LogInit: Compiled (64-bit): Jul 14 2018 09:51:14
LogInit: Compiled with Visual C++: 19.13.26129.00
LogInit: Build Configuration: Development
LogInit: Branch Name: ++UE4+Release-4.20
LogInit: Command Line: -EpicPortal  -epicusername="mrachieveify" -epicuserid=8de9a50eabe14c69b01b4a1c9dc24786 -epiclocale=en-US
LogInit: Base Directory: C:/Program Files/Epic Games/UE_4.20/Engine/Binaries/Win64/
LogInit: Installed Engine Build: 1
LogDevObjectVersion: Number of dev versions registered: 20
LogDevObjectVersion:   Dev-Blueprints (B0D832E4-1F89-4F0D-ACCF-7EB736FD4AA2): 10
LogDevObjectVersion:   Dev-Build (E1C64328-A22C-4D53-A36C-8E866417BD8C): 0
LogDevObjectVersion:   Dev-Core (375EC13C-06E4-48FB-B500-84F0262A717E): 2
LogDevObjectVersion:   Dev-Editor (E4B068ED-F494-42E9-A231-DA0B2E46BB41): 24
LogDevObjectVersion:   Dev-Framework (CFFC743F-43B0-4480-9391-14DF171D2073): 34
LogDevObjectVersion:   Dev-Mobile (B02B49B5-BB20-44E9-A304-32B752E40360): 2
LogDevObjectVersion:   Dev-Networking (A4E4105C-59A1-49B5-A7C5-40C4547EDFEE): 0
LogDevObjectVersion:   Dev-Online (39C831C9-5AE6-47DC-9A44-9C173E1C8E7C): 0
LogDevObjectVersion:   Dev-Physics (78F01B33-EBEA-4F98-B9B4-84EACCB95AA2): 0
LogDevObjectVersion:   Dev-Platform (6631380F-2D4D-43E0-8009-CF276956A95A): 0
LogDevObjectVersion:   Dev-Rendering (12F88B9F-8875-4AFC-A67C-D90C383ABD29): 26
LogDevObjectVersion:   Dev-Sequencer (7B5AE74C-D270-4C10-A958-57980B212A5A): 9
LogDevObjectVersion:   Dev-VR (D7296918-1DD6-4BDD-9DE2-64A83CC13884): 2
LogDevObjectVersion:   Dev-LoadTimes (C2A15278-BFE7-4AFE-6C17-90FF531DF755): 1
LogDevObjectVersion:   Private-Geometry (6EACA3D4-40EC-4CC1-B786-8BED09428FC5): 3
LogDevObjectVersion:   Dev-AnimPhys (29E575DD-E0A3-4627-9D10-D276232CDCEA): 17
LogDevObjectVersion:   Dev-ReflectionCapture (6B266CEC-1EC7-4B8F-A30B-E4D90942FC07): 1
LogDevObjectVersion:   Dev-Automation (0DF73D61-A23F-47EA-B727-89E90C41499A): 1
LogDevObjectVersion:   FortniteMain (601D1886-AC64-4F84-AA16-D3DE0DEAC7D6): 12
LogDevObjectVersion:   Dev-Enterprise (9DFFBCD6-494F-0158-E221-12823C92A888): 1
LogStreaming: Display: Took  0.001s to delete old logs.
LogInit: Presizing for max 8388607 objects, including 0 objects not considered by GC, pre-allocating 0 bytes for permanent pool.
LogInit: Object subsystem initialized
[2018.11.08-16.47.29:078][  0]LogInit: Selected Device Profile: [Windows]
[2018.11.08-16.47.29:078][  0]LogInit: Applying CVar settings loaded from the selected device profile: [Windows]
[2018.11.08-16.47.29:095][  0]LogHAL: Display: Platform has ~ 32 GB [34206539776 / 34359738368 / 32], which maps to Largest [LargestMinGB=32, LargerMinGB=12, DefaultMinGB=8, SmallerMinGB=6, SmallestMinGB=0)
[2018.11.08-16.47.29:095][  0]LogInit: Setting Device Profile CVar: [[r.Vulkan.UseRealUBs:1]]
[2018.11.08-16.47.29:095][  0]LogInit: Going up to parent DeviceProfile []
[2018.11.08-16.47.29:095][  0]LogInit: Computer: eae-d-177
[2018.11.08-16.47.29:095][  0]LogInit: User: u0929730
[2018.11.08-16.47.29:095][  0]LogInit: CPU Page size=4096, Cores=4
[2018.11.08-16.47.29:095][  0]LogInit: High frequency timer resolution =3.328124 MHz
[2018.11.08-16.47.29:096][  0]LogMemory: Memory total: Physical=31.9GB (32GB approx)
[2018.11.08-16.47.29:096][  0]LogMemory: Platform Memory Stats for Windows
[2018.11.08-16.47.29:096][  0]LogMemory: Process Physical Memory: 99.82 MB used, 99.82 MB peak
[2018.11.08-16.47.29:096][  0]LogMemory: Process Virtual Memory: 90.85 MB used, 90.85 MB peak
[2018.11.08-16.47.29:096][  0]LogMemory: Physical Memory: 5895.00 MB used,  26726.90 MB free, 32621.90 MB total
[2018.11.08-16.47.29:096][  0]LogMemory: Virtual Memory: 4640.45 MB used,  26726.90 MB free, 134217728.00 MB total
[2018.11.08-16.47.29:114][  0]LogInit: Using OS detected language (en-US).
[2018.11.08-16.47.29:115][  0]LogInit: Using OS detected locale (en-US).
[2018.11.08-16.47.29:115][  0]LogTextLocalizationManager: No specific localization for 'en-US' exists, so the 'en' localization will be used.
[2018.11.08-16.47.29:490][  0]LogStreaming: Display: Took  0.375s to InitEngineTextLocalization.
[2018.11.08-16.47.29:490][  0]LogInit: Setting process to per monitor DPI aware
[2018.11.08-16.47.29:521][  0]LogSlate: New Slate User Created.  User Index 0, Is Virtual User: 0
[2018.11.08-16.47.29:521][  0]LogSlate: Slate User Registered.  User Index 0, Is Virtual User: 0
[2018.11.08-16.47.29:720][  0]LogHMD: Failed to initialize OpenVR with code 110
[2018.11.08-16.47.29:720][  0]LogD3D11RHI: D3D11 adapters:
[2018.11.08-16.47.29:766][  0]LogD3D11RHI:    0. 'NVIDIA GeForce GTX 1070' (Feature Level 11_0)
[2018.11.08-16.47.29:766][  0]LogD3D11RHI:       8088/0/16310 MB DedicatedVideo/DedicatedSystem/SharedSystem, Outputs:2, VendorId:0x10de
[2018.11.08-16.47.29:774][  0]LogD3D11RHI:    1. 'Intel(R) HD Graphics 530' (Feature Level 11_0)
[2018.11.08-16.47.29:774][  0]LogD3D11RHI:       128/0/16310 MB DedicatedVideo/DedicatedSystem/SharedSystem, Outputs:0, VendorId:0x8086
[2018.11.08-16.47.29:776][  0]LogD3D11RHI:    2. 'Microsoft Basic Render Driver' (Feature Level 11_0)
[2018.11.08-16.47.29:776][  0]LogD3D11RHI:       0/0/16310 MB DedicatedVideo/DedicatedSystem/SharedSystem, Outputs:0, VendorId:0x1414
[2018.11.08-16.47.29:776][  0]LogD3D11RHI: Chosen D3D11 Adapter: 0
[2018.11.08-16.47.29:782][  0]LogD3D11RHI: Creating new Direct3DDevice
[2018.11.08-16.47.29:782][  0]LogD3D11RHI:     GPU DeviceId: 0x1b81 (for the marketing name, search the web for "GPU Device Id")
[2018.11.08-16.47.29:782][  0]LogWindows: EnumDisplayDevices:
[2018.11.08-16.47.29:782][  0]LogWindows:    0. 'NVIDIA GeForce GTX 1070' (P:1 D:1)
[2018.11.08-16.47.29:782][  0]LogWindows:    1. 'NVIDIA GeForce GTX 1070' (P:0 D:1)
[2018.11.08-16.47.29:782][  0]LogWindows:    2. 'NVIDIA GeForce GTX 1070' (P:0 D:0)
[2018.11.08-16.47.29:782][  0]LogWindows:    3. 'NVIDIA GeForce GTX 1070' (P:0 D:0)
[2018.11.08-16.47.29:783][  0]LogWindows:    4. 'Intel(R) HD Graphics 530' (P:0 D:0)
[2018.11.08-16.47.29:783][  0]LogWindows:    5. 'Intel(R) HD Graphics 530' (P:0 D:0)
[2018.11.08-16.47.29:783][  0]LogWindows:    6. 'Intel(R) HD Graphics 530' (P:0 D:0)
[2018.11.08-16.47.29:783][  0]LogWindows: DebugString: PrimaryIsNotTheChoosenAdapter PrimaryIsNotTheChoosenAdapter PrimaryIsNotTheChoosenAdapter FoundDriverCount:4 
[2018.11.08-16.47.29:783][  0]LogD3D11RHI:     Adapter Name: NVIDIA GeForce GTX 1070
[2018.11.08-16.47.29:783][  0]LogD3D11RHI:   Driver Version: 398.36 (internal:24.21.13.9836, unified:398.36)
[2018.11.08-16.47.29:783][  0]LogD3D11RHI:      Driver Date: 6-24-2018
[2018.11.08-16.47.29:783][  0]LogRHI: Texture pool is 5661 MB (70% of 8088 MB)
[2018.11.08-16.47.29:817][  0]LogD3D11RHI: Async texture creation enabled
[2018.11.08-16.47.29:834][  0]LogD3D11RHI: GPU Timing Frequency: 1000.000000 (Debug: 2 2)
[2018.11.08-16.47.29:920][  0]LogShaderCompilers: Guid format shader working directory is -17 characters bigger than the processId version (../../../../../../Users/u0929730/Documents/GitHub/aluringLure/Lure/Intermediate/Shaders/WorkingDirectory/7356/).
[2018.11.08-16.47.29:921][  0]LogShaderCompilers: Cleaned the shader compiler working directory 'C:/Users/u0929730/AppData/Local/Temp/UnrealShaderWorkingDir/D3A6273F451DF2141495409963F0F9E0/'.
[2018.11.08-16.47.30:172][  0]LogTemp: Display: Loaded TP AllDesktopTargetPlatform
[2018.11.08-16.47.30:184][  0]LogTemp: Display: Loaded TP MacClientTargetPlatform
[2018.11.08-16.47.30:196][  0]LogTemp: Display: Loaded TP MacNoEditorTargetPlatform
[2018.11.08-16.47.30:208][  0]LogTemp: Display: Loaded TP MacServerTargetPlatform
[2018.11.08-16.47.30:220][  0]LogTemp: Display: Loaded TP MacTargetPlatform
[2018.11.08-16.47.30:232][  0]LogTemp: Display: Loaded TP WindowsClientTargetPlatform
[2018.11.08-16.47.30:244][  0]LogTemp: Display: Loaded TP WindowsNoEditorTargetPlatform
[2018.11.08-16.47.30:256][  0]LogTemp: Display: Loaded TP WindowsServerTargetPlatform
[2018.11.08-16.47.30:262][  0]LogTemp: Display: Loaded TP WindowsTargetPlatform
[2018.11.08-16.47.30:330][  0]LogTemp: Display: Loaded TP AndroidTargetPlatform
[2018.11.08-16.47.30:330][  0]LogTemp: Display: Loaded TP AndroidTargetPlatform
[2018.11.08-16.47.30:330][  0]LogTemp: Display: Loaded TP AndroidTargetPlatform
[2018.11.08-16.47.30:331][  0]LogTemp: Display: Loaded TP AndroidTargetPlatform
[2018.11.08-16.47.30:331][  0]LogTemp: Display: Loaded TP AndroidTargetPlatform
[2018.11.08-16.47.30:331][  0]LogTemp: Display: Loaded TP AndroidTargetPlatform
[2018.11.08-16.47.30:331][  0]LogTemp: Display: Loaded TP AndroidTargetPlatform
[2018.11.08-16.47.30:331][  0]LogTemp: Display: Loaded TP AndroidTargetPlatform
[2018.11.08-16.47.30:331][  0]LogTemp: Display: Loaded TP AndroidTargetPlatform
[2018.11.08-16.47.30:331][  0]LogTemp: Display: Loaded TP AndroidTargetPlatform
[2018.11.08-16.47.30:331][  0]LogTemp: Display: Loaded TP AndroidTargetPlatform
[2018.11.08-16.47.30:331][  0]LogTemp: Display: Loaded TP AndroidTargetPlatform
[2018.11.08-16.47.30:331][  0]LogTemp: Display: Loaded TP AndroidTargetPlatform
[2018.11.08-16.47.30:331][  0]LogTemp: Display: Loaded TP AndroidTargetPlatform
[2018.11.08-16.47.30:331][  0]LogTemp: Display: Loaded TP AndroidTargetPlatform
[2018.11.08-16.47.30:331][  0]LogTemp: Display: Loaded TP AndroidTargetPlatform
[2018.11.08-16.47.30:331][  0]LogTemp: Display: Loaded TP AndroidTargetPlatform
[2018.11.08-16.47.30:331][  0]LogTemp: Display: Loaded TP AndroidTargetPlatform
[2018.11.08-16.47.30:332][  0]LogTemp: Display: Loaded TP HTML5TargetPlatform
[2018.11.08-16.47.30:393][  0]LogTemp: Display: Loaded TP IOSTargetPlatform
[2018.11.08-16.47.30:393][  0]LogTemp: Display: Loaded TP IOSTargetPlatform
[2018.11.08-16.47.30:413][  0]LogTemp: Display: Loaded TP TVOSTargetPlatform
[2018.11.08-16.47.30:413][  0]LogTemp: Display: Loaded TP TVOSTargetPlatform
[2018.11.08-16.47.30:423][  0]LogTemp: Display: Loaded TP LinuxClientTargetPlatform
[2018.11.08-16.47.30:434][  0]LogTemp: Display: Loaded TP LinuxNoEditorTargetPlatform
[2018.11.08-16.47.30:445][  0]LogTemp: Display: Loaded TP LinuxServerTargetPlatform
[2018.11.08-16.47.30:456][  0]LogTemp: Display: Loaded TP LinuxTargetPlatform
[2018.11.08-16.47.30:464][  0]LogTemp: Display: Loaded TP LuminTargetPlatform
[2018.11.08-16.47.30:464][  0]LogTargetPlatformManager: Display: Building Assets For Windows
[2018.11.08-16.47.30:521][  0]LogXGEController: Cannot use XGE Controller as Incredibuild is not installed on this machine.
[2018.11.08-16.47.30:521][  0]LogShaderCompilers: Cannot use XGE Shader Compiler as Incredibuild is not installed on this machine.
[2018.11.08-16.47.30:521][  0]LogShaderCompilers: Display: Using Local Shader Compiler.
[2018.11.08-16.47.31:163][  0]LogDerivedDataCache: Display: Max Cache Size: 512 MB
[2018.11.08-16.47.31:210][  0]LogDerivedDataCache: Loaded boot cache 0.05s 71MB C:/Users/u0929730/AppData/Local/UnrealEngine/4.20/DerivedDataCache/Boot.ddc.
[2018.11.08-16.47.31:210][  0]LogDerivedDataCache: Display: Loaded Boot cache: C:/Users/u0929730/AppData/Local/UnrealEngine/4.20/DerivedDataCache/Boot.ddc
[2018.11.08-16.47.31:210][  0]LogDerivedDataCache: FDerivedDataBackendGraph:  Pak pak cache file ../../../../../../Users/u0929730/Documents/GitHub/aluringLure/Lure/DerivedDataCache/DDC.ddp not found, will not use a pak cache.
[2018.11.08-16.47.31:210][  0]LogDerivedDataCache: Unable to find inner node Pak for hierarchical cache Hierarchy.
[2018.11.08-16.47.31:210][  0]LogDerivedDataCache: FDerivedDataBackendGraph:  CompressedPak pak cache file ../../../../../../Users/u0929730/Documents/GitHub/aluringLure/Lure/DerivedDataCache/Compressed.ddp not found, will not use a pak cache.
[2018.11.08-16.47.31:210][  0]LogDerivedDataCache: Unable to find inner node CompressedPak for hierarchical cache Hierarchy.
[2018.11.08-16.47.31:221][  0]LogDerivedDataCache: Display: Pak cache opened for reading ../../../Engine/DerivedDataCache/Compressed.ddp.
[2018.11.08-16.47.31:233][  0]LogDerivedDataCache: Using Local data cache path C:/Users/u0929730/AppData/Local/UnrealEngine/Common/DerivedDataCache: Writable
[2018.11.08-16.47.31:233][  0]LogDerivedDataCache: Shared data cache path not found in *engine.ini, will not use an Shared cache.
[2018.11.08-16.47.31:233][  0]LogDerivedDataCache: Unable to find inner node Shared for hierarchical cache Hierarchy.
[2018.11.08-16.47.31:249][  0]LogMaterial: Verifying Global Shaders for PCD3D_SM5
[2018.11.08-16.47.31:250][  0]LogSlate: Using FreeType 2.6.0
[2018.11.08-16.47.31:251][  0]LogSlate: SlateFontServices - WITH_FREETYPE: 1, WITH_HARFBUZZ: 1
[2018.11.08-16.47.31:319][  0]LogAssetRegistry: FAssetRegistry took 0.0261 seconds to start up
[2018.11.08-16.47.31:603][  0]LogInit: Selected Device Profile: [Windows]
[2018.11.08-16.47.31:657][  0]LogSimplygon: Simplygon DLL not present - disabling.
[2018.11.08-16.47.31:661][  0]LogMeshReduction: Using SimplygonSwarm for distributed automatic mesh merging
[2018.11.08-16.47.31:661][  0]LogMeshReduction: Using ProxyLODMeshReduction for automatic mesh merging
[2018.11.08-16.47.31:661][  0]LogMeshReduction: Using QuadricMeshReduction for automatic static mesh reduction
[2018.11.08-16.47.31:661][  0]LogMeshReduction: No automatic skeletal mesh reduction module available
[2018.11.08-16.47.31:755][  0]LogNetVersion: Lure 1.0.0, NetCL: 4212847, EngineNetVer: 5, GameNetVer: 0 (Checksum: 2248156831)
[2018.11.08-16.47.32:255][  0]LogPackageLocalizationCache: Processed 11 localized package path(s) for 2 prioritized culture(s) in 0.110437 seconds
[2018.11.08-16.47.32:260][  0]LogUObjectArray: 38425 objects as part of root set at end of initial load.
[2018.11.08-16.47.32:260][  0]LogUObjectAllocator: 6690864 out of 0 bytes used by permanent object pool.
[2018.11.08-16.47.32:260][  0]LogUObjectArray: CloseDisregardForGC: 0/0 objects in disregard for GC pool
[2018.11.08-16.47.33:070][  0]LogTcpMessaging: Initializing TcpMessaging bridge
[2018.11.08-16.47.33:083][  0]LogUdpMessaging: Initializing bridge on interface 0.0.0.0:0 to multicast group 230.0.0.1:6666.
[2018.11.08-16.47.33:221][  0]SourceControl: Source control is disabled
[2018.11.08-16.47.33:221][  0]SourceControl: Source control is disabled
[2018.11.08-16.47.33:222][  0]SourceControl: Source control is disabled
[2018.11.08-16.47.33:223][  0]SourceControl: Source control is disabled
[2018.11.08-16.47.33:377][  0]LogAndroidPermission: UAndroidPermissionCallbackProxy::GetInstance
[2018.11.08-16.47.33:455][  0]LogOcInput: OculusInput pre-init called
[2018.11.08-16.47.33:511][  0]LogEngine: Initializing Engine...
[2018.11.08-16.47.33:512][  0]LogHMD: Failed to initialize OpenVR with code 110
[2018.11.08-16.47.33:513][  0]LogStats: UGameplayTagsManager::ConstructGameplayTagTree: ImportINI prefixes -  0.000 s
[2018.11.08-16.47.33:513][  0]LogStats: UGameplayTagsManager::ConstructGameplayTagTree: Construct from data asset -  0.000 s
[2018.11.08-16.47.33:513][  0]LogStats: UGameplayTagsManager::ConstructGameplayTagTree: ImportINI -  0.000 s
[2018.11.08-16.47.33:513][  0]LogStats: UGameplayTagsManager::ConstructGameplayTagTree: GameplayTagTreeChangedEvent.Broadcast -  0.000 s
[2018.11.08-16.47.33:700][  0]LogInit: Initializing FReadOnlyCVARCache
[2018.11.08-16.47.33:714][  0]LogAIModule: Creating AISystem for world Untitled
[2018.11.08-16.47.33:734][  0]LogInit: XAudio2 using 'DELL UZ2315H (NVIDIA High Definition Audio)' : 2 channels at 48 kHz using 16 bits per sample (channel mask 0x3)
[2018.11.08-16.47.33:759][  0]LogInit: FAudioDevice initialized.
[2018.11.08-16.47.33:759][  0]LogNetVersion: Set ProjectVersion to 1.0.0.0. Version Checksum will be recalculated on next use.
[2018.11.08-16.47.33:846][  0]LogDerivedDataCache: Saved boot cache 0.09s 71MB C:/Users/u0929730/AppData/Local/UnrealEngine/4.20/DerivedDataCache/Boot.ddc.
[2018.11.08-16.47.33:860][  0]LogInit: Texture streaming: Enabled
[2018.11.08-16.47.33:875][  0]LogEngineSessionManager: EngineSessionManager initialized
[2018.11.08-16.47.33:887][  0]LogInit: Transaction tracking system initialized
[2018.11.08-16.47.33:908][  0]BlueprintLog: New page: Editor Load
[2018.11.08-16.47.33:978][  0]LocalizationService: Localization service is disabled
[2018.11.08-16.47.34:223][  0]LogCook: Display: Max memory allowance for cook 16384mb min free memory 0mb
[2018.11.08-16.47.34:223][  0]LogCook: Display: Mobile HDR setting 1
[2018.11.08-16.47.34:223][  0]LogGameplayTags: Display: UGameplayTagsManager::DoneAddingNativeTags. DelegateIsBound: 0
[2018.11.08-16.47.34:223][  0]LogStats: UGameplayTagsManager::ConstructGameplayTagTree: ImportINI prefixes -  0.000 s
[2018.11.08-16.47.34:223][  0]LogStats: UGameplayTagsManager::ConstructGameplayTagTree: Construct from data asset -  0.000 s
[2018.11.08-16.47.34:223][  0]LogStats: UGameplayTagsManager::ConstructGameplayTagTree: ImportINI -  0.000 s
[2018.11.08-16.47.34:223][  0]LogStats: UGameplayTagsManager::ConstructGameplayTagTree: GameplayTagTreeChangedEvent.Broadcast -  0.000 s
[2018.11.08-16.47.34:335][  0]LogFileCache: Scanning file cache for directory 'C:/Users/u0929730/Documents/GitHub/aluringLure/Lure/Content/' took 0.02s
[2018.11.08-16.47.34:336][  0]SourceControl: Source control is disabled
[2018.11.08-16.47.34:430][  0]LogWindowsTextInputMethodSystem: Display: IME system now deactivated.
[2018.11.08-16.47.34:432][  0]LogSlate: Took 0.000216 seconds to synchronously load lazily loaded font '../../../Engine/Content/Slate/Fonts/Roboto-Regular.ttf' (155K)
[2018.11.08-16.47.43:010][  0]LogSlate: Window 'Restore Packages' being destroyed
[2018.11.08-16.47.43:011][  0]LogWindowsTextInputMethodSystem: Display: IME system now deactivated.
[2018.11.08-16.47.43:015][  0]LogWindowsTextInputMethodSystem: Display: IME system now deactivated.
[2018.11.08-16.47.47:492][  0]LogSlate: Window 'Unable to Check Out From Source Control!' being destroyed
[2018.11.08-16.47.47:494][  0]LogWindowsTextInputMethodSystem: Display: IME system now deactivated.
[2018.11.08-16.47.47:497][  0]LogWindowsTextInputMethodSystem: Display: IME system now deactivated.
[2018.11.08-16.47.47:577][  0]Cmd: MAP LOAD FILE="../../../../../../Users/u0929730/Documents/GitHub/aluringLure/Lure/Content/ThirdPersonBP/Maps/ThirdPersonExampleMap.umap" TEMPLATE=0 SHOWPROGRESS=1 FEATURELEVEL=3
[2018.11.08-16.47.47:577][  0]LightingResults: New page: Lighting Build
[2018.11.08-16.47.47:580][  0]MapCheck: New page: Map Check
[2018.11.08-16.47.47:580][  0]LightingResults: New page: Lighting Build
[2018.11.08-16.47.47:902][  0]LogMaterial: Display: Missing cached shader map for material lambert1, compiling. 
[2018.11.08-16.47.47:978][  0]LogSkeletalMesh: Building Skeletal Mesh Character...
[2018.11.08-16.47.47:982][  0]LogSkeletalMesh: Built Skeletal Mesh [0.00s] /Game/White_Box_Models/Character.Character
[2018.11.08-16.47.47:984][  0]LogAnimationCompression: Building Anim DDC data for AnimSequence /Game/Mannequin/Animations/ThirdPersonRun.ThirdPersonRun
[2018.11.08-16.47.47:985][  0]LogAnimationCompression: Recompressing (AnimSequence /Game/Mannequin/Animations/ThirdPersonRun.ThirdPersonRun) using current/default (AnimCompress_RemoveLinearKeys_1) bFirstRecompressUsingCurrentOrDefault(1) bTryAlternateCompressor(0) IsCompressedDataValid(0)
[2018.11.08-16.47.48:019][  0]LogShaderCompilers: Display: Shaders left to compile 69
[2018.11.08-16.47.48:019][  0]LogShaderCompilers: Display: Shaders left to compile 59
[2018.11.08-16.47.48:019][  0]LogShaderCompilers: Display: Shaders left to compile 49
[2018.11.08-16.47.48:020][  0]LogShaderCompilers: Display: Shaders left to compile 39
[2018.11.08-16.47.48:020][  0]LogShaderCompilers: Display: Shaders left to compile 29
[2018.11.08-16.47.48:020][  0]LogAnimationCompression: Building Anim DDC data for AnimSequence /Game/Mannequin/Animations/ThirdPersonWalk.ThirdPersonWalk
[2018.11.08-16.47.48:020][  0]LogAnimationCompression: Recompressing (AnimSequence /Game/Mannequin/Animations/ThirdPersonWalk.ThirdPersonWalk) using current/default (AnimCompress_RemoveLinearKeys_1) bFirstRecompressUsingCurrentOrDefault(1) bTryAlternateCompressor(0) IsCompressedDataValid(0)
[2018.11.08-16.47.48:040][  0]LogAnimationCompression: Building Anim DDC data for AnimSequence /Game/Mannequin/Animations/ThirdPersonJump_Loop.ThirdPersonJump_Loop
[2018.11.08-16.47.48:040][  0]LogAnimationCompression: Recompressing (AnimSequence /Game/Mannequin/Animations/ThirdPersonJump_Loop.ThirdPersonJump_Loop) using current/default (AnimCompress_RemoveLinearKeys_0) bFirstRecompressUsingCurrentOrDefault(1) bTryAlternateCompressor(0) IsCompressedDataValid(0)
[2018.11.08-16.47.48:040][  0]LogAnimationCompression: Building Anim DDC data for AnimSequence /Game/Mannequin/Animations/ThirdPerson_Jump.ThirdPerson_Jump
[2018.11.08-16.47.48:040][  0]LogAnimationCompression: Recompressing (AnimSequence /Game/Mannequin/Animations/ThirdPerson_Jump.ThirdPerson_Jump) using current/default (AnimCompress_RemoveLinearKeys_1) bFirstRecompressUsingCurrentOrDefault(1) bTryAlternateCompressor(0) IsCompressedDataValid(0)
[2018.11.08-16.47.48:040][  0]LogAnimationCompression: Building Anim DDC data for AnimSequence /Game/Mannequin/Animations/ThirdPersonJump_Start.ThirdPersonJump_Start
[2018.11.08-16.47.48:041][  0]LogAnimationCompression: Recompressing (AnimSequence /Game/Mannequin/Animations/ThirdPersonJump_Start.ThirdPersonJump_Start) using current/default (AnimCompress_RemoveLinearKeys_0) bFirstRecompressUsingCurrentOrDefault(1) bTryAlternateCompressor(0) IsCompressedDataValid(0)
[2018.11.08-16.47.48:041][  0]LogAnimationCompression: Building Anim DDC data for AnimSequence /Game/Mannequin/Animations/ThirdPersonIdle.ThirdPersonIdle
[2018.11.08-16.47.48:041][  0]LogAnimationCompression: Recompressing (AnimSequence /Game/Mannequin/Animations/ThirdPersonIdle.ThirdPersonIdle) using current/default (AnimCompress_RemoveLinearKeys_2) bFirstRecompressUsingCurrentOrDefault(1) bTryAlternateCompressor(0) IsCompressedDataValid(0)
[2018.11.08-16.47.48:060][  0]LogAIModule: Creating AISystem for world ThirdPersonExampleMap
[2018.11.08-16.47.48:084][  0]LogEditorServer: Finished looking for orphan Actors (0.000 secs)
[2018.11.08-16.47.48:110][  0]Cmd: MAP CHECKDEP NOCLEARLOG
[2018.11.08-16.47.48:201][  0]MapCheck: Map check complete: 0 Error(s), 0 Warning(s), took 90.277ms to complete.
[2018.11.08-16.47.48:201][  0]LogFileHelpers: Loading map 'ThirdPersonExampleMap' took 0.624
[2018.11.08-16.47.48:281][  0]LogSlate: Updating window title bar state: overlay mode, drag disabled, window buttons hidden, title bar hidden
[2018.11.08-16.47.48:289][  0]LogSlate: Updating window title bar state: overlay mode, drag disabled, window buttons hidden, title bar hidden
[2018.11.08-16.47.48:296][  0]LogSlate: Updating window title bar state: overlay mode, drag disabled, window buttons hidden, title bar hidden
[2018.11.08-16.47.48:303][  0]LogSlate: Updating window title bar state: overlay mode, drag disabled, window buttons hidden, title bar hidden
[2018.11.08-16.47.48:317][  0]LogCollectionManager: Loaded 0 collections in 0.002102 seconds
[2018.11.08-16.47.48:372][  0]LogFileCache: Scanning file cache for directory 'C:/Users/u0929730/Documents/GitHub/aluringLure/Lure/Saved/Collections/' took 0.01s
[2018.11.08-16.47.48:372][  0]LogFileCache: Scanning file cache for directory 'C:/Users/u0929730/Documents/GitHub/aluringLure/Lure/Content/Developers/u0929730/Collections/' took 0.01s
[2018.11.08-16.47.48:372][  0]LogFileCache: Scanning file cache for directory 'C:/Users/u0929730/Documents/GitHub/aluringLure/Lure/Content/Collections/' took 0.01s
[2018.11.08-16.47.48:372][  0]LogCollectionManager: Rebuilt the GUID cache for 0 collections in 0.000000 seconds
[2018.11.08-16.47.48:388][  0]LogContentBrowser: Native class hierarchy populated in 0.0150 seconds. Added 2573 classes and 605 folders.
[2018.11.08-16.47.48:401][  0]LogContentBrowser: Native class hierarchy updated for 'WidgetCarousel' in 0.0002 seconds. Added 0 classes and 0 folders.
[2018.11.08-16.47.48:883][  0]LogContentBrowser: Native class hierarchy updated for 'AddContentDialog' in 0.0003 seconds. Added 0 classes and 0 folders.
[2018.11.08-16.47.48:919][  0]LogSlate: Took 0.000203 seconds to synchronously load lazily loaded font '../../../Engine/Content/Slate/Fonts/Roboto-Bold.ttf' (160K)
[2018.11.08-16.47.48:934][  0]LogSlate: Took 0.006021 seconds to synchronously load lazily loaded font '../../../Engine/Content/Editor/Slate/Fonts/FontAwesome.ttf' (139K)
[2018.11.08-16.47.49:082][  0]LogRenderer: Reallocating scene render targets to support 1200x576 Format 10 NumSamples 1 (Frame:1).
[2018.11.08-16.47.49:199][  0]LogContentBrowser: Native class hierarchy updated for 'HierarchicalLODOutliner' in 0.0002 seconds. Added 0 classes and 0 folders.
[2018.11.08-16.47.49:200][  0]LogLoad: (Engine Initialization) Total time: 21.91 seconds
[2018.11.08-16.47.49:200][  0]LogLoad: (Engine Initialization) Total Blueprint compile time: 0.00 seconds
[2018.11.08-16.47.49:247][  0]LogContentStreaming: Texture pool size now 1000 MB
[2018.11.08-16.47.49:298][  0]LogSlate: Took 0.006465 seconds to synchronously load lazily loaded font '../../../Engine/Content/Slate/Fonts/Roboto-Light.ttf' (167K)
[2018.11.08-16.47.49:311][  1]LogFileCache: Retrieving MD5 hashes for directory 'C:/Users/u0929730/Documents/GitHub/aluringLure/Lure/Content/' took 0.09s
[2018.11.08-16.47.49:329][  1]LogAssetRegistry: Asset discovery search completed in 18.0333 seconds
[2018.11.08-16.47.49:333][  1]LogCollectionManager: Rebuilt the object cache for 0 collections in 0.000000 seconds (found 0 objects)
[2018.11.08-16.47.49:333][  1]LogCollectionManager: Fixed up redirectors for 0 collections in 0.000088 seconds (updated 0 objects)
[2018.11.08-16.47.50:243][ 98]LogSlate: Took 0.000251 seconds to synchronously load lazily loaded font '../../../Engine/Content/Slate/Fonts/Roboto-Light.ttf' (167K)
[2018.11.08-16.47.50:722][153]LogShaderCompilers: Display: Shaders left to compile 19
[2018.11.08-16.47.51:003][187]LogShaderCompilers: Display: Shaders left to compile 9
[2018.11.08-16.47.56:121][793]LogSlate: FSceneViewport::OnFocusLost() reason 0
[2018.11.08-16.47.56:237][804]LogAssetEditorManager: Opening Asset editor for Blueprint /Game/BluePrints/BP_WalkingAI.BP_WalkingAI
[2018.11.08-16.47.56:781][804]LogContentBrowser: Native class hierarchy updated for 'BlueprintGraph' in 0.0005 seconds. Added 116 classes and 0 folders.
[2018.11.08-16.47.57:593][804]LogSlate: Took 0.004233 seconds to synchronously load lazily loaded font '../../../Engine/Content/Slate/Fonts/Roboto-BoldCondensed.ttf' (158K)
[2018.11.08-16.47.57:753][805]LogSlate: Took 0.003951 seconds to synchronously load lazily loaded font '../../../Engine/Content/Slate/Fonts/Roboto-Italic.ttf' (157K)
[2018.11.08-16.48.03:483][457]LogSlate: Window 'BP_WalkingAI' being destroyed
[2018.11.08-16.48.03:487][457]LogSlate: Window 'BP_WalkingAI' being destroyed
[2018.11.08-16.48.08:224][ 17]LogSlate: FSceneViewport::OnFocusLost() reason 0
[2018.11.08-16.48.08:357][ 30]AssetReimport: New page: Outstanding source content changes 2:48:08 AM
[2018.11.08-16.48.08:368][ 30]LogEditorFactories: Performing atomic reimport of [C:/Users/u0929730/Documents/GitHub/aluringLure/Lure/Content/White Box Models/Import/Ice Cream Cone.fbx]
[2018.11.08-16.48.08:384][ 30]LogFbx: Loading FBX Scene from C:/Users/u0929730/Documents/GitHub/aluringLure/Lure/Content/White Box Models/Import/Ice Cream Cone.fbx
[2018.11.08-16.48.08:394][ 30]LogFbx: FBX Scene Loaded Succesfully
[2018.11.08-16.48.08:437][ 30]LogStaticMesh: Building static mesh Ice_Cream_Cone...
[2018.11.08-16.48.08:455][ 30]LogStaticMesh: Built static mesh [0.02s] /Game/White_Box_Models/Import/Ice_Cream_Cone.Ice_Cream_Cone
[2018.11.08-16.48.08:465][ 30]LogEditorFactories: -- imported successfully
[2018.11.08-16.48.08:563][ 31]LogSavePackage: Moving '../../../../../../Users/u0929730/Documents/GitHub/aluringLure/Lure/Saved/Ice_Cream_Cone41427F604A877E9EF6FEA49E5DD7C096.tmp' to '../../../../../../Users/u0929730/Documents/GitHub/aluringLure/Lure/Content/White_Box_Models/Import/Ice_Cream_Cone.uasset'
[2018.11.08-16.48.11:586][391]AssetReimport: Reimported asset Ice_Cream_Cone from C:/Users/u0929730/Documents/GitHub/aluringLure/Lure/Content/White Box Models/Import/Ice Cream Cone.fbx.
[2018.11.08-16.48.15:575][868]LogSlate: FSceneViewport::OnFocusLost() reason 2
[2018.11.08-16.48.18:202][182]MapCheck: New page: Map Check
[2018.11.08-16.48.18:216][182]LogSlate: FSceneViewport::OnFocusLost() reason 2
[2018.11.08-16.48.18:221][182]LightingResults: New page: Lighting Build - Nov 8, 2018, 2:48:18 AM
[2018.11.08-16.48.18:270][182]LogSwarmInterface: [OpenConnection] Registering TCP channel ...
[2018.11.08-16.48.18:367][182]LogSwarmInterface: [OpenConnection] Connecting to agent ...
[2018.11.08-16.48.18:383][182]LogSwarmInterface: [TryOpenConnection] Testing the Agent
[2018.11.08-16.48.18:899][182]LogSwarmInterface: [TryOpenConnection] Opening Connection to Agent
[2018.11.08-16.48.18:899][182]LogSwarmInterface: [TryOpenConnection] Local Process ID is 7356
[2018.11.08-16.48.21:903][182]LogStaticLightingSystem: Running Lightmass w/ ImmediateImport mode ENABLED
[2018.11.08-16.48.21:903][182]LogStaticLightingSystem: Running Lightmass w/ ImmediateProcess mode ENABLED
[2018.11.08-16.48.21:903][182]LogStaticLightingSystem: Running Lightmass w/ Sorting mode ENABLED
[2018.11.08-16.48.21:903][182]LogStaticLightingSystem: Running Lightmass w/ Mapping paddings ENABLED
[2018.11.08-16.48.21:903][182]LogStaticLightingSystem: Running Lightmass w/ Mapping debug paddings DISABLED
[2018.11.08-16.48.22:057][182]LogEditorBuildUtils: Build time 0:03
[2018.11.08-16.48.22:091][183]LogMaterial: Display: Missing cached shader map for material FLightmassMaterialRenderer lambert1, compiling. 
[2018.11.08-16.48.22:097][183]LogMaterial: Display: Missing cached shader map for material FLightmassMaterialRenderer lambert1, compiling. 
[2018.11.08-16.48.23:109][184]LogShaderCompilers: Display: Shaders left to compile 4
[2018.11.08-16.48.26:678][463]Job is a success!
[2018.11.08-16.48.26:705][464]LogSlate: FSceneViewport::OnFocusLost() reason 2
[2018.11.08-16.48.26:733][464]LogVolumetricLightmapImport: Imported Volumetric Lightmap in 0.010s
[2018.11.08-16.48.26:733][464]LogVolumetricLightmapImport:      Indirection Texture 16x16x16 = 0.0Mb
[2018.11.08-16.48.26:733][464]LogVolumetricLightmapImport:      BrickData 230x5x5 = 0.2Mb (trimmed 0.0Mb due to 0.010000 MinBrickError)
[2018.11.08-16.48.26:733][464]LogVolumetricLightmapImport:      Bricks at Level
[2018.11.08-16.48.26:733][464]LogVolumetricLightmapImport:          0: 2.2% covering 100.0% of volume
[2018.11.08-16.48.26:733][464]LogVolumetricLightmapImport:          1: 8.7% covering 6.3% of volume
[2018.11.08-16.48.26:733][464]LogVolumetricLightmapImport:          2: 89.1% covering 1.0% of volume
[2018.11.08-16.48.27:139][464]LogTexture: Display: Building textures: SkyOcclusion1_1 (AutoDXT, 1024X512)
[2018.11.08-16.48.27:139][464]LogTexture: Display: Building textures: HQ_Lightmap1_1 (AutoDXT, 1024X1024)
[2018.11.08-16.48.27:139][464]LogTexture: Display: Building textures: LQ_Lightmap_1_1 (DXT1, 1024X1024)
[2018.11.08-16.48.27:139][464]LogTexture: Display: Building textures: SkyOcclusion1_2 (AutoDXT, 128X64)
[2018.11.08-16.48.27:139][464]LogTexture: Display: Building textures: HQ_Lightmap1_2 (AutoDXT, 128X128)
[2018.11.08-16.48.27:139][464]LogTexture: Display: Building textures: LQ_Lightmap_1_2 (DXT1, 128X128)
[2018.11.08-16.48.27:139][464]LogTexture: Display: Building textures: SkyOcclusion1_3 (AutoDXT, 64X32)
[2018.11.08-16.48.27:139][464]LogTexture: Display: Building textures: HQ_Lightmap1_3 (AutoDXT, 64X64)
[2018.11.08-16.48.27:139][464]LogTexture: Display: Building textures: LQ_Lightmap_1_3 (DXT1, 64X64)
[2018.11.08-16.48.27:339][464]LogTexture: Display: Building textures: ShadowMapTexture2D_3 (G8, 32X32)
[2018.11.08-16.48.27:366][464]LogTexture: Display: Building textures: ShadowMapTexture2D_2 (G8, 1024X1024)
[2018.11.08-16.48.27:409][464]Lightmass on eae-d-177: 3.54 sec total, 165 ms importing, 15 ms setup, 820 ms photons, 2.48 sec processing, 0 ms extra exporting [7/7 mappings]. Threads: 17.2 sec total, 4.14 sec processing.
[2018.11.08-16.48.27:447][464]LogStaticLightingSystem: Illumination: 9.20 sec (376 ms encoding lightmaps, 221 ms encoding shadowmaps)
[2018.11.08-16.48.27:447][464]LogStaticLightingSystem: Lightmap texture memory:  2.7 MB (2.7 MB streaming, 0.0 MB non-streaming), 6 textures
[2018.11.08-16.48.27:447][464]LogStaticLightingSystem: Shadowmap texture memory: 1.3 MB (1.3 MB streaming, 0.0 MB non-streaming), 2 textures
[2018.11.08-16.48.27:910][464]DumpUnbuiltLightIteractions
[2018.11.08-16.48.27:910][464]Lights with unbuilt interactions: 0
[2018.11.08-16.48.27:910][464]
[2018.11.08-16.48.27:910][464]Primitives with unbuilt interactions: 0
[2018.11.08-16.48.27:923][464]LogSlate: FSceneViewport::OnFocusLost() reason 2
[2018.11.08-16.48.27:976][465]Cmd: MAP CHECK NOTIFYRESULTS
[2018.11.08-16.48.27:977][465]MapCheck: New page: ThirdPersonExampleMap - Nov 8, 2018, 2:48:27 AM
[2018.11.08-16.48.28:051][465]MapCheck: Map check complete: 0 Error(s), 0 Warning(s), took 74.779ms to complete.
[2018.11.08-16.48.45:027][498]LogEditorViewport: Clicking on Actor (LMB): StaticMeshActor (Ice_Cream_Cone)
[2018.11.08-16.48.59:780][177]LogEditorViewport: Clicking on Actor (LMB): StaticMeshActor (Floor)
[2018.11.08-16.49.00:440][251]LogEditorViewport: Clicking on Actor (LMB): StaticMeshActor (Ice_Cream_Cone)
[2018.11.08-16.49.11:727][581]LogSlate: FSceneViewport::OnFocusLost() reason 2
[2018.11.08-16.49.11:894][581]LogSavePackage: Moving '../../../../../../Users/u0929730/Documents/GitHub/aluringLure/Lure/Saved/ThirdPersonExampleMap044904A744B52E19F157C9A71DD6D255.tmp' to '../../../../../../Users/u0929730/Documents/GitHub/aluringLure/Lure/Content/ThirdPersonBP/Maps/ThirdPersonExampleMap.umap'
[2018.11.08-16.49.12:027][581]LogSavePackage: Moving '../../../../../../Users/u0929730/Documents/GitHub/aluringLure/Lure/Saved/ThirdPersonExampleMap_BuiltData2BA6597D456F53EEF5D2B6B0AB82384A.tmp' to '../../../../../../Users/u0929730/Documents/GitHub/aluringLure/Lure/Content/ThirdPersonBP/Maps/ThirdPersonExampleMap_BuiltData.uasset'
[2018.11.08-16.50.15:388][102]LogSlate: FSceneViewport::OnFocusLost() reason 0
[2018.11.08-16.50.22:092][847]LogEditorViewport: Clicking on Actor (LMB): Actor (Actor)
[2018.11.08-16.50.26:968][417]LogSlate: FSceneViewport::OnFocusLost() reason 0
[2018.11.08-16.50.27:068][429]LogTemp: Repeating last play command: Selected Viewport
[2018.11.08-16.50.27:082][429]LogBlueprintUserMessages: Early PlayInEditor Detection: Level '/Game/ThirdPersonBP/Maps/ThirdPersonExampleMap.ThirdPersonExampleMap:PersistentLevel' has LevelScriptBlueprint '/Game/ThirdPersonBP/Maps/ThirdPersonExampleMap.ThirdPersonExampleMap:PersistentLevel.ThirdPersonExampleMap' with GeneratedClass '/Game/ThirdPersonBP/Maps/ThirdPersonExampleMap.ThirdPersonExampleMap_C' with ClassGeneratedBy '/Game/ThirdPersonBP/Maps/ThirdPersonExampleMap.ThirdPersonExampleMap:PersistentLevel.ThirdPersonExampleMap'
[2018.11.08-16.50.27:082][429]LogPlayLevel: PlayLevel: No blueprints needed recompiling
[2018.11.08-16.50.27:096][429]PIE: New page: PIE session: ThirdPersonExampleMap (Nov 8, 2018, 2:50:27 AM)
[2018.11.08-16.50.27:096][429]LogPlayLevel: Creating play world package: /Game/ThirdPersonBP/Maps/UEDPIE_0_ThirdPersonExampleMap
[2018.11.08-16.50.27:109][429]LogPlayLevel: PIE: StaticDuplicateObject took: (0.012448s)
[2018.11.08-16.50.27:110][429]LogAIModule: Creating AISystem for world ThirdPersonExampleMap
[2018.11.08-16.50.27:110][429]LogPlayLevel: PIE: World Init took: (0.001059s)
[2018.11.08-16.50.27:110][429]LogPlayLevel: PIE: Created PIE world by copying editor world from /Game/ThirdPersonBP/Maps/ThirdPersonExampleMap.ThirdPersonExampleMap to /Game/ThirdPersonBP/Maps/UEDPIE_0_ThirdPersonExampleMap.ThirdPersonExampleMap (0.013731s)
[2018.11.08-16.50.27:150][429]LogInit: XAudio2 using 'DELL UZ2315H (NVIDIA High Definition Audio)' : 2 channels at 48 kHz using 16 bits per sample (channel mask 0x3)
[2018.11.08-16.50.27:159][429]LogInit: FAudioDevice initialized.
[2018.11.08-16.50.27:210][429]LogLoad: Game class is 'ThirdPersonGameMode_C'
[2018.11.08-16.50.27:213][429]LogWorld: Bringing World /Game/ThirdPersonBP/Maps/UEDPIE_0_ThirdPersonExampleMap.ThirdPersonExampleMap up for play (max tick rate 0) at 2018.11.08-09.50.27
[2018.11.08-16.50.27:215][429]LogWorld: Bringing up level for play took: 0.002540
[2018.11.08-16.50.27:236][429]LogContentBrowser: Native class hierarchy updated for 'MovieSceneCapture' in 0.0002 seconds. Added 10 classes and 0 folders.
[2018.11.08-16.50.27:238][429]PIE: Play in editor start time for /Game/ThirdPersonBP/Maps/UEDPIE_0_ThirdPersonExampleMap 0.362
[2018.11.08-16.50.27:238][429]LogBlueprintUserMessages: Late PlayInEditor Detection: Level '/Game/ThirdPersonBP/Maps/ThirdPersonExampleMap.ThirdPersonExampleMap:PersistentLevel' has LevelScriptBlueprint '/Game/ThirdPersonBP/Maps/ThirdPersonExampleMap.ThirdPersonExampleMap:PersistentLevel.ThirdPersonExampleMap' with GeneratedClass '/Game/ThirdPersonBP/Maps/ThirdPersonExampleMap.ThirdPersonExampleMap_C' with ClassGeneratedBy '/Game/ThirdPersonBP/Maps/ThirdPersonExampleMap.ThirdPersonExampleMap:PersistentLevel.ThirdPersonExampleMap'
[2018.11.08-16.51.36:723][760]LogBlueprintUserMessages: Early EndPlayMap Detection: Level '/Game/ThirdPersonBP/Maps/ThirdPersonExampleMap.ThirdPersonExampleMap:PersistentLevel' has LevelScriptBlueprint '/Game/ThirdPersonBP/Maps/ThirdPersonExampleMap.ThirdPersonExampleMap:PersistentLevel.ThirdPersonExampleMap' with GeneratedClass '/Game/ThirdPersonBP/Maps/ThirdPersonExampleMap.ThirdPersonExampleMap_C' with ClassGeneratedBy '/Game/ThirdPersonBP/Maps/ThirdPersonExampleMap.ThirdPersonExampleMap:PersistentLevel.ThirdPersonExampleMap'
[2018.11.08-16.51.36:725][760]LogSlate: Updating window title bar state: overlay mode, drag disabled, window buttons hidden, title bar hidden
[2018.11.08-16.51.36:760][760]LogPlayLevel: Display: Shutting down PIE online subsystems
[2018.11.08-16.51.36:761][760]LogBlueprintUserMessages: Late EndPlayMap Detection: Level '/Game/ThirdPersonBP/Maps/ThirdPersonExampleMap.ThirdPersonExampleMap:PersistentLevel' has LevelScriptBlueprint '/Game/ThirdPersonBP/Maps/ThirdPersonExampleMap.ThirdPersonExampleMap:PersistentLevel.ThirdPersonExampleMap' with GeneratedClass '/Game/ThirdPersonBP/Maps/ThirdPersonExampleMap.ThirdPersonExampleMap_C' with ClassGeneratedBy '/Game/ThirdPersonBP/Maps/ThirdPersonExampleMap.ThirdPersonExampleMap:PersistentLevel.ThirdPersonExampleMap'
[2018.11.08-16.51.36:787][760]LogSlate: Updating window title bar state: overlay mode, drag disabled, window buttons hidden, title bar hidden
[2018.11.08-16.51.36:828][764]LogPlayLevel: Display: Destroying online subsystem :Context_4
[2018.11.08-16.51.40:733][232]LogEditorViewport: Clicking on Actor (LMB): StaticMeshActor (Ice_Cream_Cone)
[2018.11.08-16.51.44:115][631]LogSlate: FSceneViewport::OnFocusLost() reason 0
[2018.11.08-16.53.03:579][897]LogSavePackage: Moving '../../../../../../Users/u0929730/Documents/GitHub/aluringLure/Lure/Saved/ThirdPersonExampleMap80C2192E4F7F5A8D128BAABF7C522689.tmp' to '../../../../../../Users/u0929730/Documents/GitHub/aluringLure/Lure/Content/ThirdPersonBP/Maps/ThirdPersonExampleMap.umap'
[2018.11.08-16.53.03:714][897]LogSavePackage: Moving '../../../../../../Users/u0929730/Documents/GitHub/aluringLure/Lure/Saved/ThirdPersonExampleMap_BuiltData8F86DE1C40CEA3F007D11D9079DF40A4.tmp' to '../../../../../../Users/u0929730/Documents/GitHub/aluringLure/Lure/Content/ThirdPersonBP/Maps/ThirdPersonExampleMap_BuiltData.uasset'
[2018.11.08-16.53.04:547][996]LogTemp: Repeating last play command: Selected Viewport
[2018.11.08-16.53.04:562][996]LogBlueprintUserMessages: Early PlayInEditor Detection: Level '/Game/ThirdPersonBP/Maps/ThirdPersonExampleMap.ThirdPersonExampleMap:PersistentLevel' has LevelScriptBlueprint '/Game/ThirdPersonBP/Maps/ThirdPersonExampleMap.ThirdPersonExampleMap:PersistentLevel.ThirdPersonExampleMap' with GeneratedClass '/Game/ThirdPersonBP/Maps/ThirdPersonExampleMap.ThirdPersonExampleMap_C' with ClassGeneratedBy '/Game/ThirdPersonBP/Maps/ThirdPersonExampleMap.ThirdPersonExampleMap:PersistentLevel.ThirdPersonExampleMap'
[2018.11.08-16.53.04:562][996]LogPlayLevel: PlayLevel: No blueprints needed recompiling
[2018.11.08-16.53.04:562][996]PIE: New page: PIE session: ThirdPersonExampleMap (Nov 8, 2018, 2:53:04 AM)
[2018.11.08-16.53.04:562][996]LogPlayLevel: Creating play world package: /Game/ThirdPersonBP/Maps/UEDPIE_0_ThirdPersonExampleMap
[2018.11.08-16.53.04:574][996]LogPlayLevel: PIE: StaticDuplicateObject took: (0.012020s)
[2018.11.08-16.53.04:575][996]LogAIModule: Creating AISystem for world ThirdPersonExampleMap
[2018.11.08-16.53.04:575][996]LogPlayLevel: PIE: World Init took: (0.001013s)
[2018.11.08-16.53.04:576][996]LogPlayLevel: PIE: Created PIE world by copying editor world from /Game/ThirdPersonBP/Maps/ThirdPersonExampleMap.ThirdPersonExampleMap to /Game/ThirdPersonBP/Maps/UEDPIE_0_ThirdPersonExampleMap.ThirdPersonExampleMap (0.013257s)
[2018.11.08-16.53.04:613][996]LogInit: XAudio2 using 'DELL UZ2315H (NVIDIA High Definition Audio)' : 2 channels at 48 kHz using 16 bits per sample (channel mask 0x3)
[2018.11.08-16.53.04:622][996]LogInit: FAudioDevice initialized.
[2018.11.08-16.53.04:655][996]LogLoad: Game class is 'ThirdPersonGameMode_C'
[2018.11.08-16.53.04:657][996]LogWorld: Bringing World /Game/ThirdPersonBP/Maps/UEDPIE_0_ThirdPersonExampleMap.ThirdPersonExampleMap up for play (max tick rate 0) at 2018.11.08-09.53.04
[2018.11.08-16.53.04:657][996]LogWorld: Bringing up level for play took: 0.001291
[2018.11.08-16.53.04:670][996]PIE: Play in editor start time for /Game/ThirdPersonBP/Maps/UEDPIE_0_ThirdPersonExampleMap -0.205
[2018.11.08-16.53.04:670][996]LogBlueprintUserMessages: Late PlayInEditor Detection: Level '/Game/ThirdPersonBP/Maps/ThirdPersonExampleMap.ThirdPersonExampleMap:PersistentLevel' has LevelScriptBlueprint '/Game/ThirdPersonBP/Maps/ThirdPersonExampleMap.ThirdPersonExampleMap:PersistentLevel.ThirdPersonExampleMap' with GeneratedClass '/Game/ThirdPersonBP/Maps/ThirdPersonExampleMap.ThirdPersonExampleMap_C' with ClassGeneratedBy '/Game/ThirdPersonBP/Maps/ThirdPersonExampleMap.ThirdPersonExampleMap:PersistentLevel.ThirdPersonExampleMap'
[2018.11.08-16.53.25:874][538]LogBlueprintUserMessages: Early EndPlayMap Detection: Level '/Game/ThirdPersonBP/Maps/ThirdPersonExampleMap.ThirdPersonExampleMap:PersistentLevel' has LevelScriptBlueprint '/Game/ThirdPersonBP/Maps/ThirdPersonExampleMap.ThirdPersonExampleMap:PersistentLevel.ThirdPersonExampleMap' with GeneratedClass '/Game/ThirdPersonBP/Maps/ThirdPersonExampleMap.ThirdPersonExampleMap_C' with ClassGeneratedBy '/Game/ThirdPersonBP/Maps/ThirdPersonExampleMap.ThirdPersonExampleMap:PersistentLevel.ThirdPersonExampleMap'
[2018.11.08-16.53.25:874][538]LogSlate: Updating window title bar state: overlay mode, drag disabled, window buttons hidden, title bar hidden
[2018.11.08-16.53.25:908][538]LogPlayLevel: Display: Shutting down PIE online subsystems
[2018.11.08-16.53.25:909][538]LogBlueprintUserMessages: Late EndPlayMap Detection: Level '/Game/ThirdPersonBP/Maps/ThirdPersonExampleMap.ThirdPersonExampleMap:PersistentLevel' has LevelScriptBlueprint '/Game/ThirdPersonBP/Maps/ThirdPersonExampleMap.ThirdPersonExampleMap:PersistentLevel.ThirdPersonExampleMap' with GeneratedClass '/Game/ThirdPersonBP/Maps/ThirdPersonExampleMap.ThirdPersonExampleMap_C' with ClassGeneratedBy '/Game/ThirdPersonBP/Maps/ThirdPersonExampleMap.ThirdPersonExampleMap:PersistentLevel.ThirdPersonExampleMap'
[2018.11.08-16.53.25:933][538]LogSlate: Updating window title bar state: overlay mode, drag disabled, window buttons hidden, title bar hidden
[2018.11.08-16.53.25:978][542]LogPlayLevel: Display: Destroying online subsystem :Context_5
[2018.11.08-16.53.26:570][613]LogSlate: FSceneViewport::OnFocusLost() reason 0
[2018.11.08-16.53.26:670][625]LogTemp: Repeating last play command: Selected Viewport
[2018.11.08-16.53.26:685][625]LogBlueprintUserMessages: Early PlayInEditor Detection: Level '/Game/ThirdPersonBP/Maps/ThirdPersonExampleMap.ThirdPersonExampleMap:PersistentLevel' has LevelScriptBlueprint '/Game/ThirdPersonBP/Maps/ThirdPersonExampleMap.ThirdPersonExampleMap:PersistentLevel.ThirdPersonExampleMap' with GeneratedClass '/Game/ThirdPersonBP/Maps/ThirdPersonExampleMap.ThirdPersonExampleMap_C' with ClassGeneratedBy '/Game/ThirdPersonBP/Maps/ThirdPersonExampleMap.ThirdPersonExampleMap:PersistentLevel.ThirdPersonExampleMap'
[2018.11.08-16.53.26:685][625]LogPlayLevel: PlayLevel: No blueprints needed recompiling
[2018.11.08-16.53.26:685][625]PIE: New page: PIE session: ThirdPersonExampleMap (Nov 8, 2018, 2:53:26 AM)
[2018.11.08-16.53.26:685][625]LogPlayLevel: Creating play world package: /Game/ThirdPersonBP/Maps/UEDPIE_0_ThirdPersonExampleMap
[2018.11.08-16.53.26:696][625]LogPlayLevel: PIE: StaticDuplicateObject took: (0.012096s)
[2018.11.08-16.53.26:697][625]LogAIModule: Creating AISystem for world ThirdPersonExampleMap
[2018.11.08-16.53.26:697][625]LogPlayLevel: PIE: World Init took: (0.000874s)
[2018.11.08-16.53.26:697][625]LogPlayLevel: PIE: Created PIE world by copying editor world from /Game/ThirdPersonBP/Maps/ThirdPersonExampleMap.ThirdPersonExampleMap to /Game/ThirdPersonBP/Maps/UEDPIE_0_ThirdPersonExampleMap.ThirdPersonExampleMap (0.013119s)
[2018.11.08-16.53.26:736][625]LogInit: XAudio2 using 'DELL UZ2315H (NVIDIA High Definition Audio)' : 2 channels at 48 kHz using 16 bits per sample (channel mask 0x3)
[2018.11.08-16.53.26:745][625]LogInit: FAudioDevice initialized.
[2018.11.08-16.53.26:776][625]LogLoad: Game class is 'ThirdPersonGameMode_C'
[2018.11.08-16.53.26:778][625]LogWorld: Bringing World /Game/ThirdPersonBP/Maps/UEDPIE_0_ThirdPersonExampleMap.ThirdPersonExampleMap up for play (max tick rate 0) at 2018.11.08-09.53.26
[2018.11.08-16.53.26:778][625]LogWorld: Bringing up level for play took: 0.001211
[2018.11.08-16.53.26:790][625]PIE: Play in editor start time for /Game/ThirdPersonBP/Maps/UEDPIE_0_ThirdPersonExampleMap -0.085
[2018.11.08-16.53.26:791][625]LogBlueprintUserMessages: Late PlayInEditor Detection: Level '/Game/ThirdPersonBP/Maps/ThirdPersonExampleMap.ThirdPersonExampleMap:PersistentLevel' has LevelScriptBlueprint '/Game/ThirdPersonBP/Maps/ThirdPersonExampleMap.ThirdPersonExampleMap:PersistentLevel.ThirdPersonExampleMap' with GeneratedClass '/Game/ThirdPersonBP/Maps/ThirdPersonExampleMap.ThirdPersonExampleMap_C' with ClassGeneratedBy '/Game/ThirdPersonBP/Maps/ThirdPersonExampleMap.ThirdPersonExampleMap:PersistentLevel.ThirdPersonExampleMap'
[2018.11.08-16.54.05:124][220]LogBlueprintUserMessages: Early EndPlayMap Detection: Level '/Game/ThirdPersonBP/Maps/ThirdPersonExampleMap.ThirdPersonExampleMap:PersistentLevel' has LevelScriptBlueprint '/Game/ThirdPersonBP/Maps/ThirdPersonExampleMap.ThirdPersonExampleMap:PersistentLevel.ThirdPersonExampleMap' with GeneratedClass '/Game/ThirdPersonBP/Maps/ThirdPersonExampleMap.ThirdPersonExampleMap_C' with ClassGeneratedBy '/Game/ThirdPersonBP/Maps/ThirdPersonExampleMap.ThirdPersonExampleMap:PersistentLevel.ThirdPersonExampleMap'
[2018.11.08-16.54.05:125][220]LogSlate: Updating window title bar state: overlay mode, drag disabled, window buttons hidden, title bar hidden
[2018.11.08-16.54.05:156][220]LogPlayLevel: Display: Shutting down PIE online subsystems
[2018.11.08-16.54.05:156][220]LogBlueprintUserMessages: Late EndPlayMap Detection: Level '/Game/ThirdPersonBP/Maps/ThirdPersonExampleMap.ThirdPersonExampleMap:PersistentLevel' has LevelScriptBlueprint '/Game/ThirdPersonBP/Maps/ThirdPersonExampleMap.ThirdPersonExampleMap:PersistentLevel.ThirdPersonExampleMap' with GeneratedClass '/Game/ThirdPersonBP/Maps/ThirdPersonExampleMap.ThirdPersonExampleMap_C' with ClassGeneratedBy '/Game/ThirdPersonBP/Maps/ThirdPersonExampleMap.ThirdPersonExampleMap:PersistentLevel.ThirdPersonExampleMap'
[2018.11.08-16.54.05:180][220]LogSlate: Updating window title bar state: overlay mode, drag disabled, window buttons hidden, title bar hidden
[2018.11.08-16.54.05:227][225]LogPlayLevel: Display: Destroying online subsystem :Context_6
[2018.11.08-16.54.15:903][503]LogSlate: FSceneViewport::OnFocusLost() reason 0
[2018.11.08-16.55.39:443][469]LogEditorViewport: Clicking on Actor (context menu): NavMeshBoundsVolume (NavMeshBoundsVolume)
[2018.11.08-16.55.39:493][469]LogSlate: FSceneViewport::OnFocusLost() reason 2
[2018.11.08-16.55.47:128][366]LogEditorViewport: Clicking on Actor (LMB): BP_WalkingAI_C (BP_WalkingAI)
[2018.11.08-16.55.48:369][475]LogEditorViewport: Clicking on Actor (LMB): StaticMeshActor (Floor)
[2018.11.08-16.55.51:710][859]LogSlate: FSceneViewport::OnFocusLost() reason 2
[2018.11.08-16.55.51:868][859]LogSavePackage: Moving '../../../../../../Users/u0929730/Documents/GitHub/aluringLure/Lure/Saved/ThirdPersonExampleMap8EE587604DEF6BC944CE2BA01803F2E9.tmp' to '../../../../../../Users/u0929730/Documents/GitHub/aluringLure/Lure/Content/ThirdPersonBP/Maps/ThirdPersonExampleMap.umap'
[2018.11.08-16.55.52:001][859]LogSavePackage: Moving '../../../../../../Users/u0929730/Documents/GitHub/aluringLure/Lure/Saved/ThirdPersonExampleMap_BuiltDataA8777A8D4CF7EE82B11AAFA9494F6A8F.tmp' to '../../../../../../Users/u0929730/Documents/GitHub/aluringLure/Lure/Content/ThirdPersonBP/Maps/ThirdPersonExampleMap_BuiltData.uasset'
[2018.11.08-16.55.55:363][253]LogSlate: FSceneViewport::OnFocusLost() reason 0
[2018.11.08-16.55.55:551][265]LogSlate: Window 'Lure - Unreal Editor' being destroyed
[2018.11.08-16.55.55:729][266]Cmd: QUIT_EDITOR
[2018.11.08-16.55.56:713][266]LogWindowsTextInputMethodSystem: Display: IME system now deactivated.
[2018.11.08-16.55.56:730][266]LogExit: Preparing to exit.
[2018.11.08-16.55.57:380][266]LogExit: Editor shut down
[2018.11.08-16.55.57:381][266]LogExit: Transaction tracking system shut down
[2018.11.08-16.55.57:744][266]LogExit: Object subsystem successfully closed.
[2018.11.08-16.55.57:771][266]LogShaderCompilers: Display: Shaders left to compile 0
[2018.11.08-16.55.57:774][266]LogD3D11RHI: Shutdown
[2018.11.08-16.55.57:774][266]LogD3D11RHI: CleanupD3DDevice
[2018.11.08-16.55.57:775][266]LogD3D11RHI: ~FD3D11DynamicRHI
[2018.11.08-16.55.57:794][266]LogModuleManager: Shutting down and abandoning module MovieSceneCapture (618)
[2018.11.08-16.55.57:794][266]LogModuleManager: Shutting down and abandoning module Voice (616)
[2018.11.08-16.55.57:794][266]LogModuleManager: Shutting down and abandoning module MeshBuilder (614)
[2018.11.08-16.55.57:794][266]LogModuleManager: Shutting down and abandoning module BlueprintGraph (612)
[2018.11.08-16.55.57:794][266]LogModuleManager: Shutting down and abandoning module HierarchicalLODOutliner (610)
[2018.11.08-16.55.57:794][266]LogModuleManager: Shutting down and abandoning module AddContentDialog (608)
[2018.11.08-16.55.57:794][266]LogModuleManager: Shutting down and abandoning module WidgetCarousel (607)
[2018.11.08-16.55.57:794][266]LogModuleManager: Shutting down and abandoning module EditorWidgets (604)
[2018.11.08-16.55.57:794][266]LogModuleManager: Shutting down and abandoning module CollectionManager (602)
[2018.11.08-16.55.57:795][266]LogModuleManager: Shutting down and abandoning module SceneOutliner (600)
[2018.11.08-16.55.57:795][266]LogModuleManager: Shutting down and abandoning module StatsViewer (598)
[2018.11.08-16.55.57:795][266]LogModuleManager: Shutting down and abandoning module FoliageEdit (596)
[2018.11.08-16.55.57:795][266]LogModuleManager: Shutting down and abandoning module LandscapeEditor (594)
[2018.11.08-16.55.57:795][266]LogModuleManager: Shutting down and abandoning module MeshPaintMode (592)
[2018.11.08-16.55.57:795][266]LogModuleManager: Shutting down and abandoning module SceneDepthPickerMode (590)
[2018.11.08-16.55.57:795][266]LogModuleManager: Shutting down and abandoning module ActorPickerMode (588)
[2018.11.08-16.55.57:795][266]LogModuleManager: Shutting down and abandoning module GeometryMode (586)
[2018.11.08-16.55.57:795][266]LogModuleManager: Shutting down and abandoning module TextureAlignMode (584)
[2018.11.08-16.55.57:795][266]LogModuleManager: Shutting down and abandoning module BspMode (582)
[2018.11.08-16.55.57:795][266]LogModuleManager: Shutting down and abandoning module PIEPreviewDeviceProfileSelector (580)
[2018.11.08-16.55.57:795][266]LogModuleManager: Shutting down and abandoning module SequenceRecorderSections (578)
[2018.11.08-16.55.57:795][266]LogModuleManager: Shutting down and abandoning module AutomationWorker (576)
[2018.11.08-16.55.57:795][266]LogModuleManager: Shutting down and abandoning module AudioCaptureEditor (574)
[2018.11.08-16.55.57:795][266]LogModuleManager: Shutting down and abandoning module SequenceRecorder (573)
[2018.11.08-16.55.57:795][266]LogModuleManager: Shutting down and abandoning module MatineeToLevelSequence (570)
[2018.11.08-16.55.57:795][266]LogModuleManager: Shutting down and abandoning module LevelSequenceEditor (568)
[2018.11.08-16.55.57:795][266]LogModuleManager: Shutting down and abandoning module PlacementMode (567)
[2018.11.08-16.55.57:795][266]LogModuleManager: Shutting down and abandoning module MaterialEditor (566)
[2018.11.08-16.55.57:795][266]LogModuleManager: Shutting down and abandoning module WmfMediaFactory (562)
[2018.11.08-16.55.57:795][266]LogModuleManager: Shutting down and abandoning module WmfMediaEditor (560)
[2018.11.08-16.55.57:795][266]LogModuleManager: Shutting down and abandoning module MediaPlayerEditor (558)
[2018.11.08-16.55.57:795][266]LogModuleManager: Shutting down and abandoning module OpenExrWrapper (556)
[2018.11.08-16.55.57:795][266]LogModuleManager: Shutting down and abandoning module ImgMediaFactory (554)
[2018.11.08-16.55.57:795][266]LogModuleManager: Shutting down and abandoning module ImgMediaEditor (552)
[2018.11.08-16.55.57:795][266]LogModuleManager: Shutting down and abandoning module AvfMediaFactory (550)
[2018.11.08-16.55.57:795][266]LogModuleManager: Shutting down and abandoning module AvfMediaEditor (548)
[2018.11.08-16.55.57:795][266]LogModuleManager: Shutting down and abandoning module AndroidMediaFactory (546)
[2018.11.08-16.55.57:795][266]LogModuleManager: Shutting down and abandoning module AndroidMediaEditor (544)
[2018.11.08-16.55.57:795][266]LogModuleManager: Shutting down and abandoning module MagicLeapCameraPreviewFactory (542)
[2018.11.08-16.55.57:795][266]LogModuleManager: Shutting down and abandoning module MagicLeapMediaFactory (540)
[2018.11.08-16.55.57:795][266]LogModuleManager: Shutting down and abandoning module MagicLeapMediaEditor (538)
[2018.11.08-16.55.57:795][266]LogModuleManager: Shutting down and abandoning module CharacterAI (536)
[2018.11.08-16.55.57:795][266]LogModuleManager: Shutting down and abandoning module SmartSnapping (534)
[2018.11.08-16.55.57:795][266]LogModuleManager: Shutting down and abandoning module SessionServices (532)
[2018.11.08-16.55.57:795][266]LogModuleManager: Shutting down and abandoning module ViewportSnapping (530)
[2018.11.08-16.55.57:795][266]LogModuleManager: Shutting down and abandoning module ViewportInteraction (528)
[2018.11.08-16.55.57:796][266]LogModuleManager: Shutting down and abandoning module ClothPainter (526)
[2018.11.08-16.55.57:796][266]LogModuleManager: Shutting down and abandoning module SkeletalMeshEditor (525)
[2018.11.08-16.55.57:796][266]LogModuleManager: Shutting down and abandoning module LogVisualizer (522)
[2018.11.08-16.55.57:796][266]LogModuleManager: Shutting down and abandoning module IntroTutorials (520)
[2018.11.08-16.55.57:796][266]LogModuleManager: Shutting down and abandoning module GameProjectGeneration (519)
[2018.11.08-16.55.57:796][266]LogModuleManager: Shutting down and abandoning module LuminPlatformEditor (516)
[2018.11.08-16.55.57:796][266]LogModuleManager: Shutting down and abandoning module IOSPlatformEditor (514)
[2018.11.08-16.55.57:796][266]LogModuleManager: Shutting down and abandoning module HTML5PlatformEditor (512)
[2018.11.08-16.55.57:796][266]LogModuleManager: Shutting down and abandoning module AndroidPlatformEditor (510)
[2018.11.08-16.55.57:796][266]LogModuleManager: Shutting down and abandoning module AndroidDeviceDetection (509)
[2018.11.08-16.55.58:272][266]LogModuleManager: Shutting down and abandoning module WindowsPlatformEditor (506)
[2018.11.08-16.55.58:272][266]LogModuleManager: Shutting down and abandoning module LuminRuntimeSettings (504)
[2018.11.08-16.55.58:272][266]LogModuleManager: Shutting down and abandoning module IOSRuntimeSettings (502)
[2018.11.08-16.55.58:272][266]LogModuleManager: Shutting down and abandoning module AndroidRuntimeSettings (500)
[2018.11.08-16.55.58:272][266]LogModuleManager: Shutting down and abandoning module InputBindingEditor (498)
[2018.11.08-16.55.58:272][266]LogModuleManager: Shutting down and abandoning module MergeActors (496)
[2018.11.08-16.55.58:272][266]LogModuleManager: Shutting down and abandoning module LocalizationDashboard (494)
[2018.11.08-16.55.58:272][266]LogModuleManager: Shutting down and abandoning module LocalizationService (493)
[2018.11.08-16.55.58:273][266]LogModuleManager: Shutting down and abandoning module HardwareTargeting (490)
[2018.11.08-16.55.58:273][266]LogModuleManager: Shutting down and abandoning module DeviceProfileEditor (488)
[2018.11.08-16.55.58:273][266]LogModuleManager: Shutting down and abandoning module UndoHistory (486)
[2018.11.08-16.55.58:273][266]LogModuleManager: Shutting down and abandoning module XmlParser (484)
[2018.11.08-16.55.58:273][266]LogModuleManager: Shutting down and abandoning module Blutility (482)
[2018.11.08-16.55.58:273][266]LogModuleManager: Shutting down and abandoning module ProjectSettingsViewer (480)
[2018.11.08-16.55.58:273][266]LogModuleManager: Shutting down and abandoning module ProjectTargetPlatformEditor (479)
[2018.11.08-16.55.58:273][266]LogModuleManager: Shutting down and abandoning module EditorSettingsViewer (476)
[2018.11.08-16.55.58:273][266]LogModuleManager: Shutting down and abandoning module SettingsEditor (474)
[2018.11.08-16.55.58:273][266]LogModuleManager: Shutting down and abandoning module ProjectLauncher (472)
[2018.11.08-16.55.58:273][266]LogModuleManager: Shutting down and abandoning module SessionFrontend (470)
[2018.11.08-16.55.58:273][266]LogModuleManager: Shutting down and abandoning module ProfilerClient (468)
[2018.11.08-16.55.58:273][266]LogModuleManager: Shutting down and abandoning module DeviceManager (466)
[2018.11.08-16.55.58:273][266]LogModuleManager: Shutting down and abandoning module TargetDeviceServices (465)
[2018.11.08-16.55.58:336][266]LogModuleManager: Shutting down and abandoning module AutomationController (462)
[2018.11.08-16.55.58:336][266]LogModuleManager: Shutting down and abandoning module AutomationWindow (460)
[2018.11.08-16.55.58:336][266]LogModuleManager: Shutting down and abandoning module Layers (458)
[2018.11.08-16.55.58:336][266]LogModuleManager: Shutting down and abandoning module ComponentVisualizers (456)
[2018.11.08-16.55.58:336][266]LogModuleManager: Shutting down and abandoning module DetailCustomizations (454)
[2018.11.08-16.55.58:336][266]LogModuleManager: Shutting down and abandoning module PackagesDialog (452)
[2018.11.08-16.55.58:336][266]LogModuleManager: Shutting down and abandoning module Persona (450)
[2018.11.08-16.55.58:336][266]LogModuleManager: Shutting down and abandoning module AdvancedPreviewScene (449)
[2018.11.08-16.55.58:336][266]LogModuleManager: Shutting down and abandoning module AnimGraph (447)
[2018.11.08-16.55.58:336][266]LogModuleManager: Shutting down and abandoning module Kismet (444)
[2018.11.08-16.55.58:339][266]LogModuleManager: Shutting down and abandoning module GraphEditor (442)
[2018.11.08-16.55.58:340][266]LogModuleManager: Shutting down and abandoning module ClassViewer (440)
[2018.11.08-16.55.58:340][266]LogModuleManager: Shutting down and abandoning module Toolbox (438)
[2018.11.08-16.55.58:340][266]LogModuleManager: Shutting down and abandoning module ModuleUI (436)
[2018.11.08-16.55.58:340][266]LogModuleManager: Shutting down and abandoning module MovieSceneTools (434)
[2018.11.08-16.55.58:340][266]LogModuleManager: Shutting down and abandoning module OutputLog (432)
[2018.11.08-16.55.58:340][266]LogModuleManager: Shutting down and abandoning module GammaUI (430)
[2018.11.08-16.55.58:340][266]LogModuleManager: Shutting down and abandoning module Documentation (428)
[2018.11.08-16.55.58:340][266]LogModuleManager: Shutting down and abandoning module MovieSceneTracks (426)
[2018.11.08-16.55.58:340][266]LogModuleManager: Shutting down and abandoning module MovieScene (424)
[2018.11.08-16.55.58:340][266]LogModuleManager: Shutting down and abandoning module StreamingPauseRendering (422)
[2018.11.08-16.55.58:340][266]LogModuleManager: Shutting down and abandoning module LauncherPlatform (420)
[2018.11.08-16.55.58:340][266]LogModuleManager: Shutting down and abandoning module AnalyticsET (418)
[2018.11.08-16.55.58:340][266]LogModuleManager: Shutting down and abandoning module PortalServices (416)
[2018.11.08-16.55.58:340][266]LogModuleManager: Shutting down and abandoning module PortalRpc (414)
[2018.11.08-16.55.58:340][266]LogModuleManager: Shutting down and abandoning module MessagingRpc (412)
[2018.11.08-16.55.58:340][266]LogModuleManager: Shutting down and abandoning module AIModule (410)
[2018.11.08-16.55.58:340][266]LogModuleManager: Shutting down and abandoning module GameplayDebugger (409)
[2018.11.08-16.55.58:340][266]LogModuleManager: Shutting down and abandoning module AITestSuite (407)
[2018.11.08-16.55.58:340][266]LogModuleManager: Shutting down and abandoning module NavigationSystem (405)
[2018.11.08-16.55.58:340][266]LogModuleManager: Shutting down and abandoning module DesktopPlatform (402)
[2018.11.08-16.55.58:340][266]LogModuleManager: Shutting down and abandoning module ProfilerService (400)
[2018.11.08-16.55.58:409][266]LogModuleManager: Shutting down and abandoning module TaskGraph (398)
[2018.11.08-16.55.58:409][266]LogModuleManager: Shutting down and abandoning module SteamVRController (396)
[2018.11.08-16.55.58:409][266]LogModuleManager: Shutting down and abandoning module ProceduralMeshComponentEditor (394)
[2018.11.08-16.55.58:409][266]LogModuleManager: Shutting down and abandoning module ProceduralMeshComponent (392)
[2018.11.08-16.55.58:409][266]LogModuleManager: Shutting down and abandoning module OculusInput (390)
[2018.11.08-16.55.58:409][266]LogModuleManager: Shutting down and abandoning module MobilePatchingUtils (388)
[2018.11.08-16.55.58:409][266]LogModuleManager: Shutting down and abandoning module EditableMesh (386)
[2018.11.08-16.55.58:409][266]LogModuleManager: Shutting down and abandoning module CustomMeshComponent (384)
[2018.11.08-16.55.58:409][266]LogModuleManager: Shutting down and abandoning module CableComponent (382)
[2018.11.08-16.55.58:409][266]LogModuleManager: Shutting down and abandoning module AudioCapture (380)
[2018.11.08-16.55.58:409][266]LogModuleManager: Shutting down and abandoning module ArchVisCharacter (378)
[2018.11.08-16.55.58:409][266]LogModuleManager: Shutting down and abandoning module AndroidPermission (376)
[2018.11.08-16.55.58:409][266]LogModuleManager: Shutting down and abandoning module NUTUnrealEngine4 (374)
[2018.11.08-16.55.58:409][266]LogModuleManager: Shutting down and abandoning module NetcodeUnitTest (372)
[2018.11.08-16.55.58:409][266]LogModuleManager: Shutting down and abandoning module MediaCompositingEditor (370)
[2018.11.08-16.55.58:409][266]LogModuleManager: Shutting down and abandoning module MediaCompositing (368)
[2018.11.08-16.55.58:409][266]LogModuleManager: Shutting down and abandoning module LinearTimecode (366)
[2018.11.08-16.55.58:409][266]LogModuleManager: Shutting down and abandoning module ImgMedia (364)
[2018.11.08-16.55.58:413][266]LogModuleManager: Shutting down and abandoning module HTML5Networking (362)
[2018.11.08-16.55.58:413][266]LogModuleManager: Shutting down and abandoning module GeometryCacheTracks (360)
[2018.11.08-16.55.58:413][266]LogModuleManager: Shutting down and abandoning module GeometryCacheSequencer (358)
[2018.11.08-16.55.58:413][266]LogModuleManager: Shutting down and abandoning module BackChannel (356)
[2018.11.08-16.55.58:413][266]LogModuleManager: Shutting down and abandoning module AppleVision (354)
[2018.11.08-16.55.58:413][266]LogModuleManager: Shutting down and abandoning module AppleImageUtils (352)
[2018.11.08-16.55.58:413][266]LogModuleManager: Shutting down and abandoning module AlembicImporter (350)
[2018.11.08-16.55.58:413][266]LogModuleManager: Shutting down and abandoning module AlembicLibrary (349)
[2018.11.08-16.55.58:413][266]LogModuleManager: Shutting down and abandoning module GeometryCache (348)
[2018.11.08-16.55.58:413][266]LogModuleManager: Shutting down and abandoning module GeometryCacheEd (347)
[2018.11.08-16.55.58:413][266]LogModuleManager: Shutting down and abandoning module DatasmithContentEditor (342)
[2018.11.08-16.55.58:413][266]LogModuleManager: Shutting down and abandoning module DatasmithContent (340)
[2018.11.08-16.55.58:413][266]LogModuleManager: Shutting down and abandoning module SpeedTreeImporter (338)
[2018.11.08-16.55.58:413][266]LogModuleManager: Shutting down and abandoning module PluginBrowser (336)
[2018.11.08-16.55.58:414][266]LogModuleManager: Shutting down and abandoning module MobileLauncherProfileWizard (334)
[2018.11.08-16.55.58:414][266]LogModuleManager: Shutting down and abandoning module PolygonModeling (332)
[2018.11.08-16.55.58:414][266]LogModuleManager: Shutting down and abandoning module MeshEditor (330)
[2018.11.08-16.55.58:414][266]LogModuleManager: Shutting down and abandoning module CryptoKeysOpenSSL (328)
[2018.11.08-16.55.58:414][266]LogModuleManager: Shutting down and abandoning module CryptoKeys (326)
[2018.11.08-16.55.58:414][266]LogModuleManager: Shutting down and abandoning module VisualStudioSourceCodeAccess (324)
[2018.11.08-16.55.58:414][266]LogModuleManager: Shutting down and abandoning module VisualStudioCodeSourceCodeAccess (322)
[2018.11.08-16.55.58:414][266]LogModuleManager: Shutting down and abandoning module UObjectPlugin (320)
[2018.11.08-16.55.58:414][266]LogModuleManager: Shutting down and abandoning module SubversionSourceControl (318)
[2018.11.08-16.55.58:414][266]LogModuleManager: Shutting down and abandoning module PerforceSourceControl (316)
[2018.11.08-16.55.58:414][266]LogModuleManager: Shutting down and abandoning module GitSourceControl (314)
[2018.11.08-16.55.58:414][266]LogModuleManager: Shutting down and abandoning module SourceControl (313)
[2018.11.08-16.55.58:414][266]LogModuleManager: Shutting down and abandoning module CLionSourceCodeAccess (310)
[2018.11.08-16.55.58:414][266]LogModuleManager: Shutting down and abandoning module LightPropagationVolumeEditor (308)
[2018.11.08-16.55.58:414][266]LogModuleManager: Shutting down and abandoning module PaperTiledImporter (306)
[2018.11.08-16.55.58:414][266]LogModuleManager: Shutting down and abandoning module PaperSpriteSheetImporter (304)
[2018.11.08-16.55.58:414][266]LogModuleManager: Shutting down and abandoning module Paper2DEditor (302)
[2018.11.08-16.55.58:414][266]LogModuleManager: Shutting down and abandoning module MeshPaint (301)
[2018.11.08-16.55.58:414][266]LogModuleManager: Shutting down and abandoning module RuntimePhysXCooking (298)
[2018.11.08-16.55.58:414][266]LogModuleManager: Shutting down and abandoning module PhysXVehiclesEditor (296)
[2018.11.08-16.55.58:414][266]LogModuleManager: Shutting down and abandoning module PhysXVehicles (294)
[2018.11.08-16.55.58:414][266]LogModuleManager: Shutting down and abandoning module OculusEditor (292)
[2018.11.08-16.55.58:414][266]LogModuleManager: Shutting down and abandoning module LocationServicesBPLibrary (290)
[2018.11.08-16.55.58:414][266]LogModuleManager: Shutting down and abandoning module ImmediatePhysicsEditor (288)
[2018.11.08-16.55.58:414][266]LogModuleManager: Shutting down and abandoning module ImmediatePhysics (286)
[2018.11.08-16.55.58:414][266]LogModuleManager: Shutting down and abandoning module ActorSequence (284)
[2018.11.08-16.55.58:414][266]LogModuleManager: Shutting down and abandoning module UdpMessaging (282)
[2018.11.08-16.55.58:515][266]LogModuleManager: Shutting down and abandoning module TcpMessaging (280)
[2018.11.08-16.55.58:616][266]LogModuleManager: Shutting down and abandoning module MagicLeapAudio (278)
[2018.11.08-16.55.58:616][266]LogModuleManager: Shutting down and abandoning module GameplayTagsEditor (276)
[2018.11.08-16.55.58:616][266]LogModuleManager: Shutting down and abandoning module FacialAnimationEditor (274)
[2018.11.08-16.55.58:616][266]LogModuleManager: Shutting down and abandoning module FacialAnimation (272)
[2018.11.08-16.55.58:616][266]LogModuleManager: Shutting down and abandoning module DataValidation (270)
[2018.11.08-16.55.58:616][266]LogModuleManager: Shutting down and abandoning module AssetManagerEditor (268)
[2018.11.08-16.55.58:616][266]LogModuleManager: Shutting down and abandoning module LevelEditor (267)
[2018.11.08-16.55.58:616][266]LogModuleManager: Shutting down and abandoning module PixelInspectorModule (266)
[2018.11.08-16.55.58:616][266]LogModuleManager: Shutting down and abandoning module CommonMenuExtensions (264)
[2018.11.08-16.55.58:617][266]LogModuleManager: Shutting down and abandoning module MainFrame (262)
[2018.11.08-16.55.58:617][266]LogModuleManager: Shutting down and abandoning module HotReload (261)
[2018.11.08-16.55.58:617][266]LogModuleManager: Shutting down and abandoning module ContentBrowser (257)
[2018.11.08-16.55.58:618][266]LogModuleManager: Shutting down and abandoning module TreeMap (255)
[2018.11.08-16.55.58:618][266]LogModuleManager: Shutting down and abandoning module LightPropagationVolumeRuntime (252)
[2018.11.08-16.55.58:618][266]LogModuleManager: Shutting down and abandoning module AISupportModule (250)
[2018.11.08-16.55.58:618][266]LogModuleManager: Shutting down and abandoning module Paper2D (248)
[2018.11.08-16.55.58:618][266]LogModuleManager: Shutting down and abandoning module WindowsMoviePlayer (246)
[2018.11.08-16.55.58:618][266]LogModuleManager: Shutting down and abandoning module WmfMedia (244)
[2018.11.08-16.55.58:620][266]LogModuleManager: Shutting down and abandoning module Media (243)
[2018.11.08-16.55.58:626][266]LogModuleManager: Shutting down and abandoning module PacketHandler (240)
[2018.11.08-16.55.58:626][266]LogModuleManager: Shutting down and abandoning module ClothingSystemEditor (238)
[2018.11.08-16.55.58:626][266]LogModuleManager: Shutting down and abandoning module ClothingSystemRuntime (236)
[2018.11.08-16.55.58:626][266]LogModuleManager: Shutting down and abandoning module MediaAssets (234)
[2018.11.08-16.55.58:626][266]LogModuleManager: Shutting down and abandoning module Overlay (232)
[2018.11.08-16.55.58:626][266]LogModuleManager: Shutting down and abandoning module OverlayEditor (231)
[2018.11.08-16.55.58:626][266]LogModuleManager: Shutting down and abandoning module VREditor (228)
[2018.11.08-16.55.58:626][266]LogModuleManager: Shutting down and abandoning module StringTableEditor (226)
[2018.11.08-16.55.58:626][266]LogModuleManager: Shutting down and abandoning module GameplayTasksEditor (224)
[2018.11.08-16.55.58:626][266]LogModuleManager: Shutting down and abandoning module BehaviorTreeEditor (222)
[2018.11.08-16.55.58:626][266]LogModuleManager: Shutting down and abandoning module FunctionalTesting (220)
[2018.11.08-16.55.58:626][266]LogModuleManager: Shutting down and abandoning module CollisionAnalyzer (218)
[2018.11.08-16.55.58:626][266]LogModuleManager: Shutting down and abandoning module WorkspaceMenuStructure (217)
[2018.11.08-16.55.58:627][266]LogModuleManager: Shutting down and abandoning module UMG (214)
[2018.11.08-16.55.58:627][266]LogModuleManager: Shutting down and abandoning module UMGEditor (213)
[2018.11.08-16.55.58:627][266]LogModuleManager: Shutting down and abandoning module Sequencer (212)
[2018.11.08-16.55.58:627][266]LogModuleManager: Shutting down and abandoning module MessageLog (209)
[2018.11.08-16.55.58:627][266]LogModuleManager: Shutting down and abandoning module SlateReflector (204)
[2018.11.08-16.55.58:627][266]LogModuleManager: Shutting down and abandoning module Slate (202)
[2018.11.08-16.55.58:627][266]LogModuleManager: Shutting down and abandoning module EditorStyle (200)
[2018.11.08-16.55.58:630][266]LogModuleManager: Shutting down and abandoning module MRMesh (198)
[2018.11.08-16.55.58:630][266]LogModuleManager: Shutting down and abandoning module SourceCodeAccess (196)
[2018.11.08-16.55.58:630][266]LogModuleManager: Shutting down and abandoning module HeadMountedDisplay (194)
[2018.11.08-16.55.58:630][266]LogModuleManager: Shutting down and abandoning module XAudio2 (192)
[2018.11.08-16.55.58:630][266]LogModuleManager: Shutting down and abandoning module Networking (190)
[2018.11.08-16.55.58:630][266]LogModuleManager: Shutting down and abandoning module Core (188)
[2018.11.08-16.55.58:630][266]LogModuleManager: Shutting down and abandoning module LevelSequence (186)
[2018.11.08-16.55.58:630][266]LogModuleManager: Shutting down and abandoning module KismetCompiler (184)
[2018.11.08-16.55.58:630][266]LogModuleManager: Shutting down and abandoning module MeshUtilities (182)
[2018.11.08-16.55.58:630][266]LogModuleManager: Shutting down and abandoning module MeshMergeUtilities (181)
[2018.11.08-16.55.58:630][266]LogModuleManager: Shutting down and abandoning module MeshReductionInterface (180)
[2018.11.08-16.55.58:630][266]LogModuleManager: Shutting down and abandoning module SimplygonSwarm (179)
[2018.11.08-16.55.58:630][266]LogModuleManager: Shutting down and abandoning module ProxyLODMeshReduction (177)
[2018.11.08-16.55.58:630][266]LogModuleManager: Shutting down and abandoning module SimplygonMeshReduction (175)
[2018.11.08-16.55.58:630][266]LogModuleManager: Shutting down and abandoning module QuadricMeshReduction (173)
[2018.11.08-16.55.58:630][266]LogModuleManager: Shutting down and abandoning module MaterialBaking (169)
[2018.11.08-16.55.58:630][266]LogModuleManager: Shutting down and abandoning module DirectoryWatcher (165)
[2018.11.08-16.55.58:631][266]LogModuleManager: Shutting down and abandoning module DerivedDataCache (162)
[2018.11.08-16.55.58:700][266]LogDerivedDataCache: Shutdown
[2018.11.08-16.55.58:700][266]LogModuleManager: Shutting down and abandoning module XGEController (160)
[2018.11.08-16.55.58:700][266]LogModuleManager: Shutting down and abandoning module TargetPlatform (158)
[2018.11.08-16.55.58:700][266]LogModuleManager: Shutting down and abandoning module VulkanShaderFormat (157)
[2018.11.08-16.55.58:700][266]LogModuleManager: Shutting down and abandoning module ShaderFormatVectorVM (155)
[2018.11.08-16.55.58:700][266]LogModuleManager: Shutting down and abandoning module ShaderFormatOpenGL (153)
[2018.11.08-16.55.58:700][266]LogModuleManager: Shutting down and abandoning module ShaderFormatD3D (151)
[2018.11.08-16.55.58:700][266]LogModuleManager: Shutting down and abandoning module MetalShaderFormat (149)
[2018.11.08-16.55.58:700][266]LogModuleManager: Shutting down and abandoning module TextureFormatUncompressed (147)
[2018.11.08-16.55.58:700][266]LogModuleManager: Shutting down and abandoning module TextureFormatPVR (145)
[2018.11.08-16.55.58:700][266]LogModuleManager: Shutting down and abandoning module TextureFormatDXT (143)
[2018.11.08-16.55.58:700][266]LogModuleManager: Shutting down and abandoning module TextureFormatIntelISPCTexComp (141)
[2018.11.08-16.55.58:701][266]LogModuleManager: Shutting down and abandoning module TextureFormatASTC (139)
[2018.11.08-16.55.58:701][266]LogModuleManager: Shutting down and abandoning module ImageWrapper (138)
[2018.11.08-16.55.58:701][266]LogModuleManager: Shutting down and abandoning module TextureFormatAndroid (135)
[2018.11.08-16.55.58:701][266]LogModuleManager: Shutting down and abandoning module AudioFormatOpus (133)
[2018.11.08-16.55.58:701][266]LogModuleManager: Shutting down and abandoning module AudioFormatOgg (131)
[2018.11.08-16.55.58:701][266]LogModuleManager: Shutting down and abandoning module AudioFormatADPCM (129)
[2018.11.08-16.55.58:701][266]LogModuleManager: Shutting down and abandoning module LuminTargetPlatform (127)
[2018.11.08-16.55.58:701][266]LogModuleManager: Shutting down and abandoning module LinuxTargetPlatform (125)
[2018.11.08-16.55.58:701][266]LogModuleManager: Shutting down and abandoning module LinuxServerTargetPlatform (123)
[2018.11.08-16.55.58:701][266]LogModuleManager: Shutting down and abandoning module LinuxNoEditorTargetPlatform (121)
[2018.11.08-16.55.58:701][266]LogModuleManager: Shutting down and abandoning module LinuxClientTargetPlatform (119)
[2018.11.08-16.55.58:701][266]LogModuleManager: Shutting down and abandoning module TVOSTargetPlatform (117)
[2018.11.08-16.55.58:701][266]LogModuleManager: Shutting down and abandoning module Messaging (115)
[2018.11.08-16.55.58:701][266]LogModuleManager: Shutting down and abandoning module IOSTargetPlatform (113)
[2018.11.08-16.55.58:702][266]LogModuleManager: Shutting down and abandoning module HTML5TargetPlatform (111)
[2018.11.08-16.55.58:702][266]LogModuleManager: Shutting down and abandoning module AndroidTargetPlatform (109)
[2018.11.08-16.55.58:707][266]LogModuleManager: Shutting down and abandoning module WindowsTargetPlatform (107)
[2018.11.08-16.55.58:707][266]LogModuleManager: Shutting down and abandoning module WindowsServerTargetPlatform (105)
[2018.11.08-16.55.58:707][266]LogModuleManager: Shutting down and abandoning module WindowsNoEditorTargetPlatform (103)
[2018.11.08-16.55.58:707][266]LogModuleManager: Shutting down and abandoning module WindowsClientTargetPlatform (101)
[2018.11.08-16.55.58:707][266]LogModuleManager: Shutting down and abandoning module MacTargetPlatform (99)
[2018.11.08-16.55.58:707][266]LogModuleManager: Shutting down and abandoning module MacServerTargetPlatform (97)
[2018.11.08-16.55.58:707][266]LogModuleManager: Shutting down and abandoning module MacNoEditorTargetPlatform (95)
[2018.11.08-16.55.58:707][266]LogModuleManager: Shutting down and abandoning module MacClientTargetPlatform (93)
[2018.11.08-16.55.58:707][266]LogModuleManager: Shutting down and abandoning module AllDesktopTargetPlatform (91)
[2018.11.08-16.55.58:707][266]LogModuleManager: Shutting down and abandoning module InputCore (88)
[2018.11.08-16.55.58:707][266]LogModuleManager: Shutting down and abandoning module Settings (86)
[2018.11.08-16.55.58:707][266]LogModuleManager: Shutting down and abandoning module PhysXCooking (84)
[2018.11.08-16.55.58:707][266]LogModuleManager: Shutting down and abandoning module SteamVR (82)
[2018.11.08-16.55.58:707][266]LogModuleManager: Shutting down and abandoning module OculusHMD (80)
[2018.11.08-16.55.58:707][266]LogModuleManager: Shutting down and abandoning module ExampleDeviceProfileSelector (78)
[2018.11.08-16.55.58:707][266]LogModuleManager: Shutting down and abandoning module LauncherChunkInstaller (76)
[2018.11.08-16.55.58:707][266]LogModuleManager: Shutting down and abandoning module OnlineBlueprintSupport (74)
[2018.11.08-16.55.58:707][266]LogModuleManager: Shutting down and abandoning module OnlineSubsystem (70)
[2018.11.08-16.55.58:708][266]LogModuleManager: Shutting down and abandoning module XMPP (65)
[2018.11.08-16.55.58:708][266]LogModuleManager: Shutting down and abandoning module WebSockets (64)
[2018.11.08-16.55.58:714][266]LogModuleManager: Shutting down and abandoning module HTTP (61)
[2018.11.08-16.55.58:714][266]LogHttp: Display: Http module shutting down, but needs to wait on 1 outstanding Http requests:
[2018.11.08-16.55.58:714][266]LogHttp: Display: 	verb=[POST] url=[https://datarouter.ol.epicgames.com/datarouter/api/v1/public/data?SessionID=%7BA68D4326-4048-919A-3490-26BF1F012761%7D&AppID=UEEditor.Rocket.Release&AppVersion=4.20.3-4212847%2B%2B%2BUE4%2BRelease-4.20&UserID=42f3de3c4cbb648e302aeb90bb1ed595%7C8de9a50eabe14c69b01b4a1c9dc24786%7Cd5298a64-5694-4efc-8218-5abe3e8400ec&AppEnvironment=datacollector-binary&UploadType=eteventstream] status=Processing
[2018.11.08-16.55.58:747][266]LogModuleManager: Shutting down and abandoning module SSL (60)
[2018.11.08-16.55.58:747][266]LogModuleManager: Shutting down and abandoning module MagicLeapEmulator (56)
[2018.11.08-16.55.58:747][266]LogModuleManager: Shutting down and abandoning module MagicLeapPrivileges (54)
[2018.11.08-16.55.58:747][266]LogModuleManager: Shutting down and abandoning module MagicLeapIdentity (52)
[2018.11.08-16.55.58:747][266]LogModuleManager: Shutting down and abandoning module MagicLeapHelperVulkan (50)
[2018.11.08-16.55.58:747][266]LogModuleManager: Shutting down and abandoning module MagicLeapHelperOpenGL (48)
[2018.11.08-16.55.58:748][266]LogModuleManager: Shutting down and abandoning module MagicLeapSecureStorage (46)
[2018.11.08-16.55.58:748][266]LogModuleManager: Shutting down and abandoning module MagicLeapGestures (44)
[2018.11.08-16.55.58:748][266]LogModuleManager: Shutting down and abandoning module MagicLeapEyeTracker (42)
[2018.11.08-16.55.58:748][266]LogModuleManager: Shutting down and abandoning module MagicLeapController (40)
[2018.11.08-16.55.58:748][266]LogSlate: Slate User Destroyed.  User Index 0, Is Virtual User: 0
[2018.11.08-16.55.58:748][266]LogModuleManager: Shutting down and abandoning module MagicLeap (38)
[2018.11.08-16.55.58:748][266]LogModuleManager: Shutting down and abandoning module AnimationModifiers (36)
[2018.11.08-16.55.58:748][266]LogModuleManager: Shutting down and abandoning module PropertyEditor (35)
[2018.11.08-16.55.58:748][266]LogModuleManager: Shutting down and abandoning module AudioEditor (32)
[2018.11.08-16.55.58:748][266]LogModuleManager: Shutting down and abandoning module TextureCompressor (30)
[2018.11.08-16.55.58:748][266]LogModuleManager: Shutting down and abandoning module ShaderCore (28)
[2018.11.08-16.55.58:748][266]LogModuleManager: Shutting down and abandoning module Landscape (26)
[2018.11.08-16.55.58:748][266]LogModuleManager: Shutting down and abandoning module SlateRHIRenderer (24)
[2018.11.08-16.55.58:748][266]LogModuleManager: Shutting down and abandoning module OpenGLDrv (22)
[2018.11.08-16.55.58:748][266]LogModuleManager: Shutting down and abandoning module D3D11RHI (20)
[2018.11.08-16.55.58:748][266]LogModuleManager: Shutting down and abandoning module AnimGraphRuntime (18)
[2018.11.08-16.55.58:748][266]LogModuleManager: Shutting down and abandoning module Renderer (16)
[2018.11.08-16.55.58:748][266]LogModuleManager: Shutting down and abandoning module Engine (14)
[2018.11.08-16.55.58:748][266]LogModuleManager: Shutting down and abandoning module CoreUObject (12)
[2018.11.08-16.55.58:748][266]LogModuleManager: Shutting down and abandoning module NetworkFile (10)
[2018.11.08-16.55.58:748][266]LogModuleManager: Shutting down and abandoning module CookedIterativeFile (8)
[2018.11.08-16.55.58:748][266]LogModuleManager: Shutting down and abandoning module StreamingFile (6)
[2018.11.08-16.55.58:749][266]LogModuleManager: Shutting down and abandoning module SandboxFile (4)
[2018.11.08-16.55.58:749][266]LogModuleManager: Shutting down and abandoning module PakFile (2)
[2018.11.08-16.55.58:755][266]LogExit: Exiting.
[2018.11.08-16.55.58:763][266]Log file closed, 11/08/18 09:55:58
