Log file open, 11/12/18 21:40:57
LogWindows: Failed to load 'aqProf.dll' (GetLastError=126)
LogWindows: File 'aqProf.dll' does not exist
LogWindows: Failed to load 'VtuneApi.dll' (GetLastError=126)
LogWindows: File 'VtuneApi.dll' does not exist
LogWindows: Failed to load 'VtuneApi32e.dll' (GetLastError=126)
LogWindows: File 'VtuneApi32e.dll' does not exist
LogInit: Display: Running engine for game: Lure
LogPlatformFile: Not using cached read wrapper
LogTaskGraph: Started task graph with 5 named threads and 23 total threads with 3 sets of task threads.
LogStats: Stats thread started at 0.312232
LogD3D11RHI: Loaded GFSDK_Aftermath_Lib.x64.dll
LogICUInternationalization: Display: ICU TimeZone Detection - Raw Offset: -7:00, Platform Override: ''
LogPluginManager: Mounting plugin Paper2D
LogPluginManager: Mounting plugin AISupport
LogPluginManager: Mounting plugin LightPropagationVolume
LogPluginManager: Mounting plugin CLionSourceCodeAccess
LogPluginManager: Mounting plugin CodeLiteSourceCodeAccess
LogPluginManager: Mounting plugin GitSourceControl
LogPluginManager: Mounting plugin KDevelopSourceCodeAccess
LogPluginManager: Mounting plugin NullSourceCodeAccess
LogPluginManager: Mounting plugin PerforceSourceControl
LogPluginManager: Mounting plugin SubversionSourceControl
LogPluginManager: Mounting plugin UObjectPlugin
LogPluginManager: Mounting plugin VisualStudioCodeSourceCodeAccess
LogPluginManager: Mounting plugin VisualStudioSourceCodeAccess
LogPluginManager: Mounting plugin XCodeSourceCodeAccess
LogPluginManager: Mounting plugin AssetManagerEditor
LogPluginManager: Mounting plugin CryptoKeys
LogPluginManager: Mounting plugin DataValidation
LogPluginManager: Mounting plugin FacialAnimation
LogPluginManager: Mounting plugin GameplayTagsEditor
LogPluginManager: Mounting plugin MacGraphicsSwitching
LogPluginManager: Mounting plugin MeshEditor
LogPluginManager: Mounting plugin MobileLauncherProfileWizard
LogPluginManager: Mounting plugin PluginBrowser
LogPluginManager: Mounting plugin SpeedTreeImporter
LogPluginManager: Mounting plugin DatasmithContent
LogPluginManager: Mounting plugin AlembicImporter
LogPluginManager: Mounting plugin AppleImageUtils
LogPluginManager: Mounting plugin AppleVision
LogPluginManager: Mounting plugin BackChannel
LogPluginManager: Mounting plugin CharacterAI
LogPluginManager: Mounting plugin GeometryCache
LogPluginManager: Mounting plugin HTML5Networking
LogPluginManager: Mounting plugin ProxyLODPlugin
LogPluginManager: Mounting plugin MagicLeap
LogPluginManager: Mounting plugin MagicLeapEmulator
LogPluginManager: Mounting plugin MagicLeapMedia
LogPluginManager: Mounting plugin AndroidMedia
LogPluginManager: Mounting plugin AvfMedia
LogPluginManager: Mounting plugin ImgMedia
LogPluginManager: Mounting plugin LinearTimecode
LogPluginManager: Mounting plugin MediaCompositing
LogPluginManager: Mounting plugin MediaPlayerEditor
LogPluginManager: Mounting plugin WmfMedia
LogPluginManager: Mounting plugin TcpMessaging
LogPluginManager: Mounting plugin UdpMessaging
LogPluginManager: Mounting plugin ActorSequence
LogPluginManager: Mounting plugin LevelSequenceEditor
LogPluginManager: Mounting plugin MatineeToLevelSequence
LogPluginManager: Mounting plugin NetcodeUnitTest
LogPluginManager: Mounting plugin NUTUnrealEngine4
LogPluginManager: Mounting plugin OnlineSubsystemGooglePlay
LogPluginManager: Mounting plugin OnlineSubsystemIOS
LogPluginManager: Mounting plugin OnlineSubsystem
LogPluginManager: Mounting plugin OnlineSubsystemNull
LogPluginManager: Mounting plugin OnlineSubsystemUtils
LogPluginManager: Mounting plugin LauncherChunkInstaller
LogPluginManager: Mounting plugin AndroidDeviceProfileSelector
LogPluginManager: Mounting plugin AndroidMoviePlayer
LogPluginManager: Mounting plugin AndroidPermission
LogPluginManager: Mounting plugin AppleMoviePlayer
LogPluginManager: Mounting plugin ArchVisCharacter
LogPluginManager: Mounting plugin AudioCapture
LogPluginManager: Mounting plugin CableComponent
LogPluginManager: Mounting plugin CustomMeshComponent
LogPluginManager: Mounting plugin EditableMesh
LogPluginManager: Mounting plugin ExampleDeviceProfileSelector
LogPluginManager: Mounting plugin GoogleCloudMessaging
LogPluginManager: Mounting plugin ImmediatePhysics
LogPluginManager: Mounting plugin IOSDeviceProfileSelector
LogPluginManager: Mounting plugin LinuxDeviceProfileSelector
LogPluginManager: Mounting plugin LocationServicesBPLibrary
LogPluginManager: Mounting plugin MobilePatchingUtils
LogPluginManager: Mounting plugin OculusVR
LogPluginManager: Plugin shader directory ../../../Engine/Plugins/Runtime/Oculus/OculusVR/Shaders found
LogPluginManager: Mapping shader source directory ../../../Engine/Plugins/Runtime/Oculus/OculusVR/Shaders to virtual directory /Plugin/OculusVR
LogPluginManager: Mounting plugin PhysXVehicles
LogPluginManager: Mounting plugin ProceduralMeshComponent
LogPluginManager: Mounting plugin RuntimePhysXCooking
LogPluginManager: Mounting plugin SteamVR
LogPluginManager: Mounting plugin WindowsMoviePlayer
LogStreaming: Display: Took  0.145s to configure plugins.
LogInit: Using libcurl 7.55.1-DEV
LogInit:  - built for x86_64-pc-win32
LogInit:  - supports SSL with OpenSSL/1.0.2h
LogInit:  - supports HTTP deflate (compression) using libz 1.2.8
LogInit:  - other features:
LogInit:      CURL_VERSION_SSL
LogInit:      CURL_VERSION_LIBZ
LogInit:      CURL_VERSION_IPV6
LogInit:      CURL_VERSION_ASYNCHDNS
LogInit:      CURL_VERSION_LARGEFILE
LogInit:      CURL_VERSION_IDN
LogInit:  CurlRequestOptions (configurable via config and command line):
LogInit:  - bVerifyPeer = false  - Libcurl will NOT verify peer certificate
LogInit:  - bUseHttpProxy = false  - Libcurl will NOT use HTTP proxy
LogInit:  - bDontReuseConnections = false  - Libcurl will reuse connections
LogInit:  - CertBundlePath = nullptr  - Libcurl will use whatever was configured at build time.
LogInit:  - MaxHostConnections = 16  - Libcurl will limit the number of connections to a host
LogInit:  - LocalHostAddr = Default
LogInit:  - BufferSize = 65536
LogInit: WinSock: version 1.1 (2.2), MaxSocks=32767, MaxUdp=65467
LogInit: Build: ++UE4+Release-4.20-CL-4369336
LogInit: Engine Version: 4.20.3-4369336+++UE4+Release-4.20
LogInit: Compatible Engine Version: 4.20.0-4212847+++UE4+Release-4.20
LogInit: Net CL: 4212847
LogInit: OS: Windows 10 (), CPU: Intel(R) Core(TM) i7-4770 CPU @ 3.40GHz, GPU: NVIDIA GeForce GTX 1070
LogInit: Compiled (64-bit): Sep 17 2018 12:26:19
LogInit: Compiled with Visual C++: 19.13.26129.00
LogInit: Build Configuration: Development
LogInit: Branch Name: ++UE4+Release-4.20
LogInit: Command Line: -EpicPortal  -epicusername="Hitheshwar" -epicuserid=271b9cef4d5b4a6fb686810362852a18 -epiclocale=en-US
LogInit: Base Directory: C:/Program Files/Epic Games/UE_4.20/Engine/Binaries/Win64/
LogInit: Installed Engine Build: 1
LogDevObjectVersion: Number of dev versions registered: 20
LogDevObjectVersion:   Dev-Blueprints (B0D832E4-1F89-4F0D-ACCF-7EB736FD4AA2): 10
LogDevObjectVersion:   Dev-Build (E1C64328-A22C-4D53-A36C-8E866417BD8C): 0
LogDevObjectVersion:   Dev-Core (375EC13C-06E4-48FB-B500-84F0262A717E): 2
LogDevObjectVersion:   Dev-Editor (E4B068ED-F494-42E9-A231-DA0B2E46BB41): 24
LogDevObjectVersion:   Dev-Framework (CFFC743F-43B0-4480-9391-14DF171D2073): 34
LogDevObjectVersion:   Dev-Mobile (B02B49B5-BB20-44E9-A304-32B752E40360): 2
LogDevObjectVersion:   Dev-Networking (A4E4105C-59A1-49B5-A7C5-40C4547EDFEE): 0
LogDevObjectVersion:   Dev-Online (39C831C9-5AE6-47DC-9A44-9C173E1C8E7C): 0
LogDevObjectVersion:   Dev-Physics (78F01B33-EBEA-4F98-B9B4-84EACCB95AA2): 0
LogDevObjectVersion:   Dev-Platform (6631380F-2D4D-43E0-8009-CF276956A95A): 0
LogDevObjectVersion:   Dev-Rendering (12F88B9F-8875-4AFC-A67C-D90C383ABD29): 26
LogDevObjectVersion:   Dev-Sequencer (7B5AE74C-D270-4C10-A958-57980B212A5A): 9
LogDevObjectVersion:   Dev-VR (D7296918-1DD6-4BDD-9DE2-64A83CC13884): 2
LogDevObjectVersion:   Dev-LoadTimes (C2A15278-BFE7-4AFE-6C17-90FF531DF755): 1
LogDevObjectVersion:   Private-Geometry (6EACA3D4-40EC-4CC1-B786-8BED09428FC5): 3
LogDevObjectVersion:   Dev-AnimPhys (29E575DD-E0A3-4627-9D10-D276232CDCEA): 17
LogDevObjectVersion:   Dev-ReflectionCapture (6B266CEC-1EC7-4B8F-A30B-E4D90942FC07): 1
LogDevObjectVersion:   Dev-Automation (0DF73D61-A23F-47EA-B727-89E90C41499A): 1
LogDevObjectVersion:   FortniteMain (601D1886-AC64-4F84-AA16-D3DE0DEAC7D6): 12
LogDevObjectVersion:   Dev-Enterprise (9DFFBCD6-494F-0158-E221-12823C92A888): 1
LogStreaming: Display: Took  0.003s to delete old logs.
LogInit: Presizing for max 8388607 objects, including 0 objects not considered by GC, pre-allocating 0 bytes for permanent pool.
LogInit: Object subsystem initialized
[2018.11.13-04.40.57:761][  0]LogInit: Selected Device Profile: [Windows]
[2018.11.13-04.40.57:761][  0]LogInit: Applying CVar settings loaded from the selected device profile: [Windows]
[2018.11.13-04.40.57:774][  0]LogHAL: Display: Platform has ~ 32 GB [34294435840 / 34359738368 / 32], which maps to Largest [LargestMinGB=32, LargerMinGB=12, DefaultMinGB=8, SmallerMinGB=6, SmallestMinGB=0)
[2018.11.13-04.40.57:774][  0]LogInit: Setting Device Profile CVar: [[r.Vulkan.UseRealUBs:1]]
[2018.11.13-04.40.57:774][  0]LogInit: Going up to parent DeviceProfile []
[2018.11.13-04.40.57:775][  0]LogInit: Computer: eae-d-080
[2018.11.13-04.40.57:775][  0]LogInit: User: u1217889
[2018.11.13-04.40.57:775][  0]LogInit: CPU Page size=4096, Cores=4
[2018.11.13-04.40.57:775][  0]LogInit: High frequency timer resolution =3.320312 MHz
[2018.11.13-04.40.57:775][  0]LogMemory: Memory total: Physical=31.9GB (32GB approx)
[2018.11.13-04.40.57:775][  0]LogMemory: Platform Memory Stats for Windows
[2018.11.13-04.40.57:775][  0]LogMemory: Process Physical Memory: 99.98 MB used, 99.98 MB peak
[2018.11.13-04.40.57:775][  0]LogMemory: Process Virtual Memory: 91.16 MB used, 91.16 MB peak
[2018.11.13-04.40.57:775][  0]LogMemory: Physical Memory: 10576.75 MB used,  22128.97 MB free, 32705.72 MB total
[2018.11.13-04.40.57:775][  0]LogMemory: Virtual Memory: 4640.45 MB used,  22128.97 MB free, 134217728.00 MB total
[2018.11.13-04.40.57:804][  0]LogInit: Using OS detected language (en-US).
[2018.11.13-04.40.57:804][  0]LogInit: Using OS detected locale (en-US).
[2018.11.13-04.40.57:805][  0]LogTextLocalizationManager: No specific localization for 'en-US' exists, so the 'en' localization will be used.
[2018.11.13-04.40.58:223][  0]LogStreaming: Display: Took  0.419s to InitEngineTextLocalization.
[2018.11.13-04.40.58:223][  0]LogInit: Setting process to per monitor DPI aware
[2018.11.13-04.40.58:260][  0]LogSlate: New Slate User Created.  User Index 0, Is Virtual User: 0
[2018.11.13-04.40.58:260][  0]LogSlate: Slate User Registered.  User Index 0, Is Virtual User: 0
[2018.11.13-04.40.58:480][  0]LogHMD: Failed to initialize OpenVR with code 110
[2018.11.13-04.40.58:480][  0]LogD3D11RHI: D3D11 adapters:
[2018.11.13-04.40.58:551][  0]LogD3D11RHI:    0. 'NVIDIA GeForce GTX 1070' (Feature Level 11_0)
[2018.11.13-04.40.58:551][  0]LogD3D11RHI:       8088/0/16352 MB DedicatedVideo/DedicatedSystem/SharedSystem, Outputs:2, VendorId:0x10de
[2018.11.13-04.40.58:554][  0]LogD3D11RHI:    1. 'Microsoft Basic Render Driver' (Feature Level 11_0)
[2018.11.13-04.40.58:554][  0]LogD3D11RHI:       0/0/16352 MB DedicatedVideo/DedicatedSystem/SharedSystem, Outputs:0, VendorId:0x1414
[2018.11.13-04.40.58:554][  0]LogD3D11RHI: Chosen D3D11 Adapter: 0
[2018.11.13-04.40.58:562][  0]LogD3D11RHI: Creating new Direct3DDevice
[2018.11.13-04.40.58:562][  0]LogD3D11RHI:     GPU DeviceId: 0x1b81 (for the marketing name, search the web for "GPU Device Id")
[2018.11.13-04.40.58:562][  0]LogWindows: EnumDisplayDevices:
[2018.11.13-04.40.58:563][  0]LogWindows:    0. 'NVIDIA GeForce GTX 1070' (P:1 D:1)
[2018.11.13-04.40.58:563][  0]LogWindows:    1. 'NVIDIA GeForce GTX 1070' (P:0 D:1)
[2018.11.13-04.40.58:563][  0]LogWindows:    2. 'NVIDIA GeForce GTX 1070' (P:0 D:0)
[2018.11.13-04.40.58:564][  0]LogWindows:    3. 'NVIDIA GeForce GTX 1070' (P:0 D:0)
[2018.11.13-04.40.58:564][  0]LogWindows: DebugString: FoundDriverCount:4 
[2018.11.13-04.40.58:564][  0]LogD3D11RHI:     Adapter Name: NVIDIA GeForce GTX 1070
[2018.11.13-04.40.58:564][  0]LogD3D11RHI:   Driver Version: 399.24 (internal:24.21.13.9924, unified:399.24)
[2018.11.13-04.40.58:564][  0]LogD3D11RHI:      Driver Date: 9-5-2018
[2018.11.13-04.40.58:564][  0]LogRHI: Texture pool is 5661 MB (70% of 8088 MB)
[2018.11.13-04.40.58:609][  0]LogD3D11RHI: Async texture creation enabled
[2018.11.13-04.40.58:627][  0]LogD3D11RHI: GPU Timing Frequency: 1000.000000 (Debug: 2 2)
[2018.11.13-04.40.58:720][  0]LogShaderCompilers: Guid format shader working directory is -10 characters bigger than the processId version (../../../../../../Users/u1217889/Documents/aluringLure/Lure/Intermediate/Shaders/WorkingDirectory/4492/).
[2018.11.13-04.40.58:721][  0]LogShaderCompilers: Cleaned the shader compiler working directory 'C:/Users/u1217889/AppData/Local/Temp/UnrealShaderWorkingDir/D08F3AC648C02150070D769AB95CD1E1/'.
[2018.11.13-04.40.59:062][  0]LogTemp: Display: Loaded TP AllDesktopTargetPlatform
[2018.11.13-04.40.59:077][  0]LogTemp: Display: Loaded TP MacClientTargetPlatform
[2018.11.13-04.40.59:091][  0]LogTemp: Display: Loaded TP MacNoEditorTargetPlatform
[2018.11.13-04.40.59:106][  0]LogTemp: Display: Loaded TP MacServerTargetPlatform
[2018.11.13-04.40.59:121][  0]LogTemp: Display: Loaded TP MacTargetPlatform
[2018.11.13-04.40.59:135][  0]LogTemp: Display: Loaded TP WindowsClientTargetPlatform
[2018.11.13-04.40.59:153][  0]LogTemp: Display: Loaded TP WindowsNoEditorTargetPlatform
[2018.11.13-04.40.59:167][  0]LogTemp: Display: Loaded TP WindowsServerTargetPlatform
[2018.11.13-04.40.59:175][  0]LogTemp: Display: Loaded TP WindowsTargetPlatform
[2018.11.13-04.40.59:252][  0]LogTemp: Display: Loaded TP AndroidTargetPlatform
[2018.11.13-04.40.59:252][  0]LogTemp: Display: Loaded TP AndroidTargetPlatform
[2018.11.13-04.40.59:252][  0]LogTemp: Display: Loaded TP AndroidTargetPlatform
[2018.11.13-04.40.59:252][  0]LogTemp: Display: Loaded TP AndroidTargetPlatform
[2018.11.13-04.40.59:252][  0]LogTemp: Display: Loaded TP AndroidTargetPlatform
[2018.11.13-04.40.59:252][  0]LogTemp: Display: Loaded TP AndroidTargetPlatform
[2018.11.13-04.40.59:252][  0]LogTemp: Display: Loaded TP AndroidTargetPlatform
[2018.11.13-04.40.59:252][  0]LogTemp: Display: Loaded TP AndroidTargetPlatform
[2018.11.13-04.40.59:252][  0]LogTemp: Display: Loaded TP AndroidTargetPlatform
[2018.11.13-04.40.59:252][  0]LogTemp: Display: Loaded TP AndroidTargetPlatform
[2018.11.13-04.40.59:252][  0]LogTemp: Display: Loaded TP AndroidTargetPlatform
[2018.11.13-04.40.59:252][  0]LogTemp: Display: Loaded TP AndroidTargetPlatform
[2018.11.13-04.40.59:252][  0]LogTemp: Display: Loaded TP AndroidTargetPlatform
[2018.11.13-04.40.59:252][  0]LogTemp: Display: Loaded TP AndroidTargetPlatform
[2018.11.13-04.40.59:252][  0]LogTemp: Display: Loaded TP AndroidTargetPlatform
[2018.11.13-04.40.59:252][  0]LogTemp: Display: Loaded TP AndroidTargetPlatform
[2018.11.13-04.40.59:252][  0]LogTemp: Display: Loaded TP AndroidTargetPlatform
[2018.11.13-04.40.59:252][  0]LogTemp: Display: Loaded TP AndroidTargetPlatform
[2018.11.13-04.40.59:254][  0]LogTemp: Display: Loaded TP HTML5TargetPlatform
[2018.11.13-04.40.59:326][  0]LogTemp: Display: Loaded TP IOSTargetPlatform
[2018.11.13-04.40.59:326][  0]LogTemp: Display: Loaded TP IOSTargetPlatform
[2018.11.13-04.40.59:349][  0]LogTemp: Display: Loaded TP TVOSTargetPlatform
[2018.11.13-04.40.59:349][  0]LogTemp: Display: Loaded TP TVOSTargetPlatform
[2018.11.13-04.40.59:362][  0]LogTemp: Display: Loaded TP LinuxClientTargetPlatform
[2018.11.13-04.40.59:375][  0]LogTemp: Display: Loaded TP LinuxNoEditorTargetPlatform
[2018.11.13-04.40.59:387][  0]LogTemp: Display: Loaded TP LinuxServerTargetPlatform
[2018.11.13-04.40.59:400][  0]LogTemp: Display: Loaded TP LinuxTargetPlatform
[2018.11.13-04.40.59:410][  0]LogTemp: Display: Loaded TP LuminTargetPlatform
[2018.11.13-04.40.59:410][  0]LogTargetPlatformManager: Display: Building Assets For Windows
[2018.11.13-04.40.59:495][  0]LogXGEController: Cannot use XGE Controller as Incredibuild is not installed on this machine.
[2018.11.13-04.40.59:496][  0]LogShaderCompilers: Cannot use XGE Shader Compiler as Incredibuild is not installed on this machine.
[2018.11.13-04.40.59:496][  0]LogShaderCompilers: Display: Using Local Shader Compiler.
[2018.11.13-04.41.00:279][  0]LogDerivedDataCache: Display: Max Cache Size: 512 MB
[2018.11.13-04.41.00:363][  0]LogDerivedDataCache: Loaded boot cache 0.08s 71MB C:/Users/u1217889/AppData/Local/UnrealEngine/4.20/DerivedDataCache/Boot.ddc.
[2018.11.13-04.41.00:363][  0]LogDerivedDataCache: Display: Loaded Boot cache: C:/Users/u1217889/AppData/Local/UnrealEngine/4.20/DerivedDataCache/Boot.ddc
[2018.11.13-04.41.00:363][  0]LogDerivedDataCache: FDerivedDataBackendGraph:  Pak pak cache file ../../../../../../Users/u1217889/Documents/aluringLure/Lure/DerivedDataCache/DDC.ddp not found, will not use a pak cache.
[2018.11.13-04.41.00:363][  0]LogDerivedDataCache: Unable to find inner node Pak for hierarchical cache Hierarchy.
[2018.11.13-04.41.00:363][  0]LogDerivedDataCache: FDerivedDataBackendGraph:  CompressedPak pak cache file ../../../../../../Users/u1217889/Documents/aluringLure/Lure/DerivedDataCache/Compressed.ddp not found, will not use a pak cache.
[2018.11.13-04.41.00:363][  0]LogDerivedDataCache: Unable to find inner node CompressedPak for hierarchical cache Hierarchy.
[2018.11.13-04.41.00:376][  0]LogDerivedDataCache: Display: Pak cache opened for reading ../../../Engine/DerivedDataCache/Compressed.ddp.
[2018.11.13-04.41.00:388][  0]LogDerivedDataCache: Using Local data cache path C:/Users/u1217889/AppData/Local/UnrealEngine/Common/DerivedDataCache: Writable
[2018.11.13-04.41.00:388][  0]LogDerivedDataCache: Shared data cache path not found in *engine.ini, will not use an Shared cache.
[2018.11.13-04.41.00:388][  0]LogDerivedDataCache: Unable to find inner node Shared for hierarchical cache Hierarchy.
[2018.11.13-04.41.00:407][  0]LogMaterial: Verifying Global Shaders for PCD3D_SM5
[2018.11.13-04.41.00:409][  0]LogSlate: Using FreeType 2.6.0
[2018.11.13-04.41.00:409][  0]LogSlate: SlateFontServices - WITH_FREETYPE: 1, WITH_HARFBUZZ: 1
[2018.11.13-04.41.00:488][  0]LogAssetRegistry: FAssetRegistry took 0.0258 seconds to start up
[2018.11.13-04.41.00:823][  0]LogInit: Selected Device Profile: [Windows]
[2018.11.13-04.41.00:886][  0]LogSimplygon: Simplygon DLL not present - disabling.
[2018.11.13-04.41.00:891][  0]LogMeshReduction: Using SimplygonSwarm for distributed automatic mesh merging
[2018.11.13-04.41.00:891][  0]LogMeshReduction: Using ProxyLODMeshReduction for automatic mesh merging
[2018.11.13-04.41.00:891][  0]LogMeshReduction: Using QuadricMeshReduction for automatic static mesh reduction
[2018.11.13-04.41.00:891][  0]LogMeshReduction: No automatic skeletal mesh reduction module available
[2018.11.13-04.41.00:985][  0]LogNetVersion: Lure 1.0.0, NetCL: 4212847, EngineNetVer: 5, GameNetVer: 0 (Checksum: 2248156831)
[2018.11.13-04.41.01:507][  0]LogPackageLocalizationCache: Processed 11 localized package path(s) for 2 prioritized culture(s) in 0.115185 seconds
[2018.11.13-04.41.01:514][  0]LogUObjectArray: 38425 objects as part of root set at end of initial load.
[2018.11.13-04.41.01:514][  0]LogUObjectAllocator: 6690872 out of 0 bytes used by permanent object pool.
[2018.11.13-04.41.01:514][  0]LogUObjectArray: CloseDisregardForGC: 0/0 objects in disregard for GC pool
[2018.11.13-04.41.02:433][  0]LogTcpMessaging: Initializing TcpMessaging bridge
[2018.11.13-04.41.02:446][  0]LogUdpMessaging: Initializing bridge on interface 0.0.0.0:0 to multicast group 230.0.0.1:6666.
[2018.11.13-04.41.02:595][  0]SourceControl: Source control is disabled
[2018.11.13-04.41.02:596][  0]SourceControl: Source control is disabled
[2018.11.13-04.41.02:597][  0]SourceControl: Source control is disabled
[2018.11.13-04.41.02:599][  0]SourceControl: Source control is disabled
[2018.11.13-04.41.02:772][  0]LogAndroidPermission: UAndroidPermissionCallbackProxy::GetInstance
[2018.11.13-04.41.02:871][  0]LogOcInput: OculusInput pre-init called
[2018.11.13-04.41.02:936][  0]LogEngine: Initializing Engine...
[2018.11.13-04.41.02:937][  0]LogHMD: Failed to initialize OpenVR with code 110
[2018.11.13-04.41.02:938][  0]LogStats: UGameplayTagsManager::ConstructGameplayTagTree: ImportINI prefixes -  0.000 s
[2018.11.13-04.41.02:938][  0]LogStats: UGameplayTagsManager::ConstructGameplayTagTree: Construct from data asset -  0.000 s
[2018.11.13-04.41.02:938][  0]LogStats: UGameplayTagsManager::ConstructGameplayTagTree: ImportINI -  0.000 s
[2018.11.13-04.41.02:938][  0]LogStats: UGameplayTagsManager::ConstructGameplayTagTree: GameplayTagTreeChangedEvent.Broadcast -  0.000 s
[2018.11.13-04.41.03:168][  0]LogInit: Initializing FReadOnlyCVARCache
[2018.11.13-04.41.03:187][  0]LogAIModule: Creating AISystem for world Untitled
[2018.11.13-04.41.03:225][  0]LogInit: XAudio2 using 'DELL UZ2315H (NVIDIA High Definition Audio)' : 2 channels at 48 kHz using 16 bits per sample (channel mask 0x3)
[2018.11.13-04.41.03:255][  0]LogInit: FAudioDevice initialized.
[2018.11.13-04.41.03:255][  0]LogNetVersion: Set ProjectVersion to 1.0.0.0. Version Checksum will be recalculated on next use.
[2018.11.13-04.41.03:376][  0]LogDerivedDataCache: Saved boot cache 0.12s 71MB C:/Users/u1217889/AppData/Local/UnrealEngine/4.20/DerivedDataCache/Boot.ddc.
[2018.11.13-04.41.03:415][  0]LogInit: Texture streaming: Enabled
[2018.11.13-04.41.03:438][  0]LogEngineSessionManager: EngineSessionManager initialized
[2018.11.13-04.41.03:456][  0]LogInit: Transaction tracking system initialized
[2018.11.13-04.41.03:493][  0]BlueprintLog: New page: Editor Load
[2018.11.13-04.41.03:608][  0]LocalizationService: Localization service is disabled
[2018.11.13-04.41.03:901][  0]LogCook: Display: Max memory allowance for cook 16384mb min free memory 0mb
[2018.11.13-04.41.03:901][  0]LogCook: Display: Mobile HDR setting 1
[2018.11.13-04.41.03:901][  0]LogGameplayTags: Display: UGameplayTagsManager::DoneAddingNativeTags. DelegateIsBound: 0
[2018.11.13-04.41.03:901][  0]LogStats: UGameplayTagsManager::ConstructGameplayTagTree: ImportINI prefixes -  0.000 s
[2018.11.13-04.41.03:901][  0]LogStats: UGameplayTagsManager::ConstructGameplayTagTree: Construct from data asset -  0.000 s
[2018.11.13-04.41.03:901][  0]LogStats: UGameplayTagsManager::ConstructGameplayTagTree: ImportINI -  0.000 s
[2018.11.13-04.41.03:901][  0]LogStats: UGameplayTagsManager::ConstructGameplayTagTree: GameplayTagTreeChangedEvent.Broadcast -  0.000 s
[2018.11.13-04.41.04:074][  0]LogFileCache: Scanning file cache for directory 'C:/Users/u1217889/Documents/aluringLure/Lure/Content/' took 0.02s
[2018.11.13-04.41.04:074][  0]SourceControl: Source control is disabled
[2018.11.13-04.41.04:074][  0]Cmd: MAP LOAD FILE="../../../../../../Users/u1217889/Documents/aluringLure/Lure/Content/ThirdPersonBP/Maps/ThirdPersonExampleMap.umap" TEMPLATE=0 SHOWPROGRESS=1 FEATURELEVEL=3
[2018.11.13-04.41.04:075][  0]LightingResults: New page: Lighting Build
[2018.11.13-04.41.04:079][  0]MapCheck: New page: Map Check
[2018.11.13-04.41.04:079][  0]LightingResults: New page: Lighting Build
[2018.11.13-04.41.04:459][  0]LogAIModule: Creating AISystem for world ThirdPersonExampleMap
[2018.11.13-04.41.04:469][  0]LogEditorServer: Finished looking for orphan Actors (0.000 secs)
[2018.11.13-04.41.04:491][  0]Cmd: MAP CHECKDEP NOCLEARLOG
[2018.11.13-04.41.04:588][  0]MapCheck: Map check complete: 0 Error(s), 0 Warning(s), took 96.557ms to complete.
[2018.11.13-04.41.04:588][  0]LogFileHelpers: Loading map 'ThirdPersonExampleMap' took 0.515
[2018.11.13-04.41.04:683][  0]LogSlate: Updating window title bar state: overlay mode, drag disabled, window buttons hidden, title bar hidden
[2018.11.13-04.41.04:690][  0]LogSlate: Updating window title bar state: overlay mode, drag disabled, window buttons hidden, title bar hidden
[2018.11.13-04.41.04:697][  0]LogSlate: Updating window title bar state: overlay mode, drag disabled, window buttons hidden, title bar hidden
[2018.11.13-04.41.04:705][  0]LogSlate: Updating window title bar state: overlay mode, drag disabled, window buttons hidden, title bar hidden
[2018.11.13-04.41.04:715][  0]LogCollectionManager: Loaded 0 collections in 0.003395 seconds
[2018.11.13-04.41.04:762][  0]LogFileCache: Scanning file cache for directory 'C:/Users/u1217889/Documents/aluringLure/Lure/Saved/Collections/' took 0.01s
[2018.11.13-04.41.04:762][  0]LogFileCache: Scanning file cache for directory 'C:/Users/u1217889/Documents/aluringLure/Lure/Content/Developers/u1217889/Collections/' took 0.01s
[2018.11.13-04.41.04:763][  0]LogFileCache: Scanning file cache for directory 'C:/Users/u1217889/Documents/aluringLure/Lure/Content/Collections/' took 0.01s
[2018.11.13-04.41.04:763][  0]LogCollectionManager: Rebuilt the GUID cache for 0 collections in 0.000000 seconds
[2018.11.13-04.41.04:772][  0]LogContentBrowser: Native class hierarchy populated in 0.0091 seconds. Added 2572 classes and 603 folders.
[2018.11.13-04.41.04:782][  0]LogContentBrowser: Native class hierarchy updated for 'WidgetCarousel' in 0.0003 seconds. Added 0 classes and 0 folders.
[2018.11.13-04.41.04:845][  0]LogContentBrowser: Native class hierarchy updated for 'AddContentDialog' in 0.0003 seconds. Added 0 classes and 0 folders.
[2018.11.13-04.41.04:851][  0]LogContentBrowser: Native class hierarchy updated for 'SceneOutliner' in 0.0002 seconds. Added 1 classes and 2 folders.
[2018.11.13-04.41.04:919][  0]LogSlate: Took 0.000234 seconds to synchronously load lazily loaded font '../../../Engine/Content/Slate/Fonts/Roboto-Regular.ttf' (155K)
[2018.11.13-04.41.04:921][  0]LogSlate: Took 0.000208 seconds to synchronously load lazily loaded font '../../../Engine/Content/Slate/Fonts/Roboto-Bold.ttf' (160K)
[2018.11.13-04.41.04:927][  0]LogSlate: Took 0.000343 seconds to synchronously load lazily loaded font '../../../Engine/Content/Editor/Slate/Fonts/FontAwesome.ttf' (139K)
[2018.11.13-04.41.05:004][  0]LogRenderer: Reallocating scene render targets to support 1120x640 Format 10 NumSamples 1 (Frame:1).
[2018.11.13-04.41.05:120][  0]LogContentBrowser: Native class hierarchy updated for 'HierarchicalLODOutliner' in 0.0002 seconds. Added 0 classes and 0 folders.
[2018.11.13-04.41.05:120][  0]LogLoad: (Engine Initialization) Total time: 9.83 seconds
[2018.11.13-04.41.05:120][  0]LogLoad: (Engine Initialization) Total Blueprint compile time: 0.00 seconds
[2018.11.13-04.41.05:168][  0]LogContentStreaming: Texture pool size now 1000 MB
[2018.11.13-04.41.05:190][  0]LogSlate: Took 0.000198 seconds to synchronously load lazily loaded font '../../../Engine/Content/Slate/Fonts/Roboto-Light.ttf' (167K)
[2018.11.13-04.41.05:203][  1]LogFileCache: Retrieving MD5 hashes for directory 'C:/Users/u1217889/Documents/aluringLure/Lure/Content/' took 0.06s
[2018.11.13-04.41.05:223][  1]LogAssetRegistry: Asset discovery search completed in 4.7576 seconds
[2018.11.13-04.41.05:225][  1]LogCollectionManager: Rebuilt the object cache for 0 collections in 0.000000 seconds (found 0 objects)
[2018.11.13-04.41.05:225][  1]LogCollectionManager: Fixed up redirectors for 0 collections in 0.000052 seconds (updated 0 objects)
[2018.11.13-04.41.13:891][ 27]LogSlate: FSceneViewport::OnFocusLost() reason 2
[2018.11.13-04.41.14:543][102]LogSlate: Took 0.000205 seconds to synchronously load lazily loaded font '../../../Engine/Content/Slate/Fonts/Roboto-Light.ttf' (167K)
[2018.11.13-04.41.15:076][161]LogSlate: FSceneViewport::OnFocusLost() reason 2
[2018.11.13-04.41.15:080][161]LogAssetEditorManager: Opening Asset editor for LevelScriptBlueprint /Game/ThirdPersonBP/Maps/ThirdPersonExampleMap.ThirdPersonExampleMap:PersistentLevel.ThirdPersonExampleMap
[2018.11.13-04.41.15:514][161]LogContentBrowser: Native class hierarchy updated for 'BlueprintGraph' in 0.0007 seconds. Added 116 classes and 0 folders.
[2018.11.13-04.41.16:212][161]LogSlate: Took 0.000264 seconds to synchronously load lazily loaded font '../../../Engine/Content/Slate/Fonts/Roboto-BoldCondensed.ttf' (158K)
[2018.11.13-04.41.37:901][652]LogSlate: FSceneViewport::OnFocusLost() reason 2
[2018.11.13-04.41.41:316][ 54]LogSlate: Prevented a slow task dialog from being summoned while a context menu was open
[2018.11.13-04.42.13:224][720]LogSlate: Took 0.000292 seconds to synchronously load lazily loaded font '../../../Engine/Content/Slate/Fonts/Roboto-Italic.ttf' (157K)
[2018.11.13-04.43.16:644][284]LogSlate: Took 0.004689 seconds to synchronously load lazily loaded font '../../../Engine/Content/Slate/Fonts/Roboto-BoldCondensedItalic.ttf' (160K)
[2018.11.13-04.44.41:443][127]LogSavePackage: Moving '../../../../../../Users/u1217889/Documents/aluringLure/Lure/Saved/ThirdPersonExampleMap2C61BF384834B92C480E3E92DFDF5845.tmp' to '../../../../../../Users/u1217889/Documents/aluringLure/Lure/Content/ThirdPersonBP/Maps/ThirdPersonExampleMap.umap'
[2018.11.13-04.44.41:475][127]LogFileHelpers: Saving map 'ThirdPersonExampleMap' took 0.358
[2018.11.13-04.44.41:614][139]LogSlate: FSceneViewport::OnFocusLost() reason 2
[2018.11.13-04.44.41:812][139]LogSavePackage: Moving '../../../../../../Users/u1217889/Documents/aluringLure/Lure/Saved/ThirdPersonExampleMapEF49B19144E2BDB6281EB995FB81E220.tmp' to '../../../../../../Users/u1217889/Documents/aluringLure/Lure/Content/ThirdPersonBP/Maps/ThirdPersonExampleMap.umap'
[2018.11.13-04.44.41:992][139]LogSavePackage: Moving '../../../../../../Users/u1217889/Documents/aluringLure/Lure/Saved/ThirdPersonExampleMap_BuiltData52754BE142C4AB242A33E79A6BB5E1E0.tmp' to '../../../../../../Users/u1217889/Documents/aluringLure/Lure/Content/ThirdPersonBP/Maps/ThirdPersonExampleMap_BuiltData.uasset'
[2018.11.13-04.44.45:245][496]LogSlate: FSceneViewport::OnFocusLost() reason 0
[2018.11.13-04.44.46:483][642]LogSlate: FSceneViewport::OnFocusLost() reason 2
[2018.11.13-04.44.46:678][642]LogSavePackage: Moving '../../../../../../Users/u1217889/Documents/aluringLure/Lure/Saved/ThirdPersonExampleMap1721F99140ADBF490052ADB4484AF9DC.tmp' to '../../../../../../Users/u1217889/Documents/aluringLure/Lure/Content/ThirdPersonBP/Maps/ThirdPersonExampleMap.umap'
[2018.11.13-04.44.46:815][642]LogSavePackage: Moving '../../../../../../Users/u1217889/Documents/aluringLure/Lure/Saved/ThirdPersonExampleMap_BuiltData71F6ED104FB777FEB3ED19A1CC6412CD.tmp' to '../../../../../../Users/u1217889/Documents/aluringLure/Lure/Content/ThirdPersonBP/Maps/ThirdPersonExampleMap_BuiltData.uasset'
[2018.11.13-04.44.47:789][758]LogSlate: FSceneViewport::OnFocusLost() reason 0
[2018.11.13-04.44.47:888][770]LogTemp: Repeating last play command: Selected Viewport
[2018.11.13-04.44.47:906][770]LogBlueprintUserMessages: Early PlayInEditor Detection: Level '/Game/ThirdPersonBP/Maps/ThirdPersonExampleMap.ThirdPersonExampleMap:PersistentLevel' has LevelScriptBlueprint '/Game/ThirdPersonBP/Maps/ThirdPersonExampleMap.ThirdPersonExampleMap:PersistentLevel.ThirdPersonExampleMap' with GeneratedClass '/Game/ThirdPersonBP/Maps/ThirdPersonExampleMap.ThirdPersonExampleMap_C' with ClassGeneratedBy '/Game/ThirdPersonBP/Maps/ThirdPersonExampleMap.ThirdPersonExampleMap:PersistentLevel.ThirdPersonExampleMap'
[2018.11.13-04.44.47:906][770]LogPlayLevel: PlayLevel: No blueprints needed recompiling
[2018.11.13-04.44.47:919][770]PIE: New page: PIE session: ThirdPersonExampleMap (Nov 12, 2018, 2:44:47 PM)
[2018.11.13-04.44.47:919][770]LogPlayLevel: Creating play world package: /Game/ThirdPersonBP/Maps/UEDPIE_0_ThirdPersonExampleMap
[2018.11.13-04.44.47:935][770]LogPlayLevel: PIE: StaticDuplicateObject took: (0.015828s)
[2018.11.13-04.44.47:936][770]LogAIModule: Creating AISystem for world ThirdPersonExampleMap
[2018.11.13-04.44.47:936][770]LogPlayLevel: PIE: World Init took: (0.000864s)
[2018.11.13-04.44.47:936][770]LogPlayLevel: PIE: Created PIE world by copying editor world from /Game/ThirdPersonBP/Maps/ThirdPersonExampleMap.ThirdPersonExampleMap to /Game/ThirdPersonBP/Maps/UEDPIE_0_ThirdPersonExampleMap.ThirdPersonExampleMap (0.016854s)
[2018.11.13-04.44.47:994][770]LogInit: XAudio2 using 'DELL UZ2315H (NVIDIA High Definition Audio)' : 2 channels at 48 kHz using 16 bits per sample (channel mask 0x3)
[2018.11.13-04.44.48:005][770]LogInit: FAudioDevice initialized.
[2018.11.13-04.44.48:044][770]LogLoad: Game class is 'ThirdPersonGameMode_C'
[2018.11.13-04.44.48:047][770]LogWorld: Bringing World /Game/ThirdPersonBP/Maps/UEDPIE_0_ThirdPersonExampleMap.ThirdPersonExampleMap up for play (max tick rate 0) at 2018.11.12-21.44.48
[2018.11.13-04.44.48:047][770]LogWorld: Bringing up level for play took: 0.001975
[2018.11.13-04.44.48:072][770]LogContentBrowser: Native class hierarchy updated for 'MovieSceneCapture' in 0.0003 seconds. Added 10 classes and 0 folders.
[2018.11.13-04.44.48:073][770]PIE: Play in editor start time for /Game/ThirdPersonBP/Maps/UEDPIE_0_ThirdPersonExampleMap -0.659
[2018.11.13-04.44.48:073][770]LogBlueprintUserMessages: Late PlayInEditor Detection: Level '/Game/ThirdPersonBP/Maps/ThirdPersonExampleMap.ThirdPersonExampleMap:PersistentLevel' has LevelScriptBlueprint '/Game/ThirdPersonBP/Maps/ThirdPersonExampleMap.ThirdPersonExampleMap:PersistentLevel.ThirdPersonExampleMap' with GeneratedClass '/Game/ThirdPersonBP/Maps/ThirdPersonExampleMap.ThirdPersonExampleMap_C' with ClassGeneratedBy '/Game/ThirdPersonBP/Maps/ThirdPersonExampleMap.ThirdPersonExampleMap:PersistentLevel.ThirdPersonExampleMap'
[2018.11.13-04.44.49:279][911]LogBlueprintUserMessages: [Money_BP_C_0] Spawned shit
[2018.11.13-04.45.08:597][229]LogSlate: FSceneViewport::OnFocusLost() reason 2
[2018.11.13-04.45.10:149][415]LogBlueprintUserMessages: Early EndPlayMap Detection: Level '/Game/ThirdPersonBP/Maps/ThirdPersonExampleMap.ThirdPersonExampleMap:PersistentLevel' has LevelScriptBlueprint '/Game/ThirdPersonBP/Maps/ThirdPersonExampleMap.ThirdPersonExampleMap:PersistentLevel.ThirdPersonExampleMap' with GeneratedClass '/Game/ThirdPersonBP/Maps/ThirdPersonExampleMap.ThirdPersonExampleMap_C' with ClassGeneratedBy '/Game/ThirdPersonBP/Maps/ThirdPersonExampleMap.ThirdPersonExampleMap:PersistentLevel.ThirdPersonExampleMap'
[2018.11.13-04.45.10:149][415]LogSlate: Updating window title bar state: overlay mode, drag disabled, window buttons hidden, title bar hidden
[2018.11.13-04.45.10:185][415]LogPlayLevel: Display: Shutting down PIE online subsystems
[2018.11.13-04.45.10:185][415]LogBlueprintUserMessages: Late EndPlayMap Detection: Level '/Game/ThirdPersonBP/Maps/ThirdPersonExampleMap.ThirdPersonExampleMap:PersistentLevel' has LevelScriptBlueprint '/Game/ThirdPersonBP/Maps/ThirdPersonExampleMap.ThirdPersonExampleMap:PersistentLevel.ThirdPersonExampleMap' with GeneratedClass '/Game/ThirdPersonBP/Maps/ThirdPersonExampleMap.ThirdPersonExampleMap_C' with ClassGeneratedBy '/Game/ThirdPersonBP/Maps/ThirdPersonExampleMap.ThirdPersonExampleMap:PersistentLevel.ThirdPersonExampleMap'
[2018.11.13-04.45.10:212][415]LogSlate: Updating window title bar state: overlay mode, drag disabled, window buttons hidden, title bar hidden
[2018.11.13-04.45.10:253][419]LogPlayLevel: Display: Destroying online subsystem :Context_6
[2018.11.13-04.45.15:433][ 33]LogAssetEditorManager: Opening Asset editor for Blueprint /Game/BluePrints/Money_BP.Money_BP
[2018.11.13-04.46.59:351][769]Cmd: OBJ SAVEPACKAGE PACKAGE="/Game/BluePrints/Money_BP" FILE="../../../../../../Users/u1217889/Documents/aluringLure/Lure/Content/BluePrints/Money_BP.uasset" SILENT=true
[2018.11.13-04.46.59:415][769]LogSavePackage: Moving '../../../../../../Users/u1217889/Documents/aluringLure/Lure/Saved/Money_BP017297C0411669B0C826AC8239495D2D.tmp' to '../../../../../../Users/u1217889/Documents/aluringLure/Lure/Content/BluePrints/Money_BP.uasset'
[2018.11.13-04.46.59:709][784]Cmd: OBJ SAVEPACKAGE PACKAGE="/Game/BluePrints/Money_BP" FILE="../../../../../../Users/u1217889/Documents/aluringLure/Lure/Content/BluePrints/Money_BP.uasset" SILENT=true
[2018.11.13-04.46.59:772][784]LogSavePackage: Moving '../../../../../../Users/u1217889/Documents/aluringLure/Lure/Saved/Money_BP3C492C8C4F0FE835E8071D9D6039461E.tmp' to '../../../../../../Users/u1217889/Documents/aluringLure/Lure/Content/BluePrints/Money_BP.uasset'
[2018.11.13-04.46.59:919][785]Cmd: OBJ SAVEPACKAGE PACKAGE="/Game/BluePrints/Money_BP" FILE="../../../../../../Users/u1217889/Documents/aluringLure/Lure/Content/BluePrints/Money_BP.uasset" SILENT=true
[2018.11.13-04.46.59:969][785]LogSavePackage: Moving '../../../../../../Users/u1217889/Documents/aluringLure/Lure/Saved/Money_BPB2F9298344187AF7C052EE8CEEEA29B0.tmp' to '../../../../../../Users/u1217889/Documents/aluringLure/Lure/Content/BluePrints/Money_BP.uasset'
[2018.11.13-04.47.00:109][785]Cmd: OBJ SAVEPACKAGE PACKAGE="/Game/BluePrints/Money_BP" FILE="../../../../../../Users/u1217889/Documents/aluringLure/Lure/Content/BluePrints/Money_BP.uasset" SILENT=true
[2018.11.13-04.47.00:163][785]LogSavePackage: Moving '../../../../../../Users/u1217889/Documents/aluringLure/Lure/Saved/Money_BPFCDC47374680542F03EBB0A5B32C2224.tmp' to '../../../../../../Users/u1217889/Documents/aluringLure/Lure/Content/BluePrints/Money_BP.uasset'
[2018.11.13-04.47.00:449][797]Cmd: OBJ SAVEPACKAGE PACKAGE="/Game/BluePrints/Money_BP" FILE="../../../../../../Users/u1217889/Documents/aluringLure/Lure/Content/BluePrints/Money_BP.uasset" SILENT=true
[2018.11.13-04.47.00:498][797]LogSavePackage: Moving '../../../../../../Users/u1217889/Documents/aluringLure/Lure/Saved/Money_BPB83D2D244A1FAFC40C8512A3460C556E.tmp' to '../../../../../../Users/u1217889/Documents/aluringLure/Lure/Content/BluePrints/Money_BP.uasset'
[2018.11.13-04.47.00:656][799]Cmd: OBJ SAVEPACKAGE PACKAGE="/Game/BluePrints/Money_BP" FILE="../../../../../../Users/u1217889/Documents/aluringLure/Lure/Content/BluePrints/Money_BP.uasset" SILENT=true
[2018.11.13-04.47.00:707][799]LogSavePackage: Moving '../../../../../../Users/u1217889/Documents/aluringLure/Lure/Saved/Money_BP11B547AB44654C2A1BCB7589B94598B4.tmp' to '../../../../../../Users/u1217889/Documents/aluringLure/Lure/Content/BluePrints/Money_BP.uasset'
[2018.11.13-04.47.00:868][801]Cmd: OBJ SAVEPACKAGE PACKAGE="/Game/BluePrints/Money_BP" FILE="../../../../../../Users/u1217889/Documents/aluringLure/Lure/Content/BluePrints/Money_BP.uasset" SILENT=true
[2018.11.13-04.47.00:919][801]LogSavePackage: Moving '../../../../../../Users/u1217889/Documents/aluringLure/Lure/Saved/Money_BP073BF826458F84F1F9FC5EB03A84AF17.tmp' to '../../../../../../Users/u1217889/Documents/aluringLure/Lure/Content/BluePrints/Money_BP.uasset'
[2018.11.13-04.47.02:253][913]BlueprintLog: New page: Compile Money_BP
[2018.11.13-04.47.06:217][293]LogSavePackage: Moving '../../../../../../Users/u1217889/Documents/aluringLure/Lure/Saved/ThirdPersonExampleMapB0E3C42C41D1044AD9FA918C9A3CB829.tmp' to '../../../../../../Users/u1217889/Documents/aluringLure/Lure/Content/ThirdPersonBP/Maps/ThirdPersonExampleMap.umap'
[2018.11.13-04.47.06:358][293]LogSavePackage: Moving '../../../../../../Users/u1217889/Documents/aluringLure/Lure/Saved/ThirdPersonExampleMap_BuiltData0CEC052946E7E6F2FD68418976DDA908.tmp' to '../../../../../../Users/u1217889/Documents/aluringLure/Lure/Content/ThirdPersonBP/Maps/ThirdPersonExampleMap_BuiltData.uasset'
[2018.11.13-04.47.07:193][392]LogTemp: Repeating last play command: Selected Viewport
[2018.11.13-04.47.07:212][392]LogBlueprintUserMessages: Early PlayInEditor Detection: Level '/Game/ThirdPersonBP/Maps/ThirdPersonExampleMap.ThirdPersonExampleMap:PersistentLevel' has LevelScriptBlueprint '/Game/ThirdPersonBP/Maps/ThirdPersonExampleMap.ThirdPersonExampleMap:PersistentLevel.ThirdPersonExampleMap' with GeneratedClass '/Game/ThirdPersonBP/Maps/ThirdPersonExampleMap.ThirdPersonExampleMap_C' with ClassGeneratedBy '/Game/ThirdPersonBP/Maps/ThirdPersonExampleMap.ThirdPersonExampleMap:PersistentLevel.ThirdPersonExampleMap'
[2018.11.13-04.47.07:212][392]LogPlayLevel: PlayLevel: No blueprints needed recompiling
[2018.11.13-04.47.07:212][392]PIE: New page: PIE session: ThirdPersonExampleMap (Nov 12, 2018, 2:47:07 PM)
[2018.11.13-04.47.07:212][392]LogPlayLevel: Creating play world package: /Game/ThirdPersonBP/Maps/UEDPIE_0_ThirdPersonExampleMap
[2018.11.13-04.47.07:228][392]LogPlayLevel: PIE: StaticDuplicateObject took: (0.015675s)
[2018.11.13-04.47.07:229][392]LogAIModule: Creating AISystem for world ThirdPersonExampleMap
[2018.11.13-04.47.07:229][392]LogPlayLevel: PIE: World Init took: (0.000809s)
[2018.11.13-04.47.07:229][392]LogPlayLevel: PIE: Created PIE world by copying editor world from /Game/ThirdPersonBP/Maps/ThirdPersonExampleMap.ThirdPersonExampleMap to /Game/ThirdPersonBP/Maps/UEDPIE_0_ThirdPersonExampleMap.ThirdPersonExampleMap (0.016642s)
[2018.11.13-04.47.07:285][392]LogInit: XAudio2 using 'DELL UZ2315H (NVIDIA High Definition Audio)' : 2 channels at 48 kHz using 16 bits per sample (channel mask 0x3)
[2018.11.13-04.47.07:296][392]LogInit: FAudioDevice initialized.
[2018.11.13-04.47.07:329][392]LogLoad: Game class is 'ThirdPersonGameMode_C'
[2018.11.13-04.47.07:331][392]LogWorld: Bringing World /Game/ThirdPersonBP/Maps/UEDPIE_0_ThirdPersonExampleMap.ThirdPersonExampleMap up for play (max tick rate 0) at 2018.11.12-21.47.07
[2018.11.13-04.47.07:332][392]LogWorld: Bringing up level for play took: 0.001491
[2018.11.13-04.47.07:345][392]PIE: Play in editor start time for /Game/ThirdPersonBP/Maps/UEDPIE_0_ThirdPersonExampleMap 0.613
[2018.11.13-04.47.07:345][392]LogBlueprintUserMessages: Late PlayInEditor Detection: Level '/Game/ThirdPersonBP/Maps/ThirdPersonExampleMap.ThirdPersonExampleMap:PersistentLevel' has LevelScriptBlueprint '/Game/ThirdPersonBP/Maps/ThirdPersonExampleMap.ThirdPersonExampleMap:PersistentLevel.ThirdPersonExampleMap' with GeneratedClass '/Game/ThirdPersonBP/Maps/ThirdPersonExampleMap.ThirdPersonExampleMap_C' with ClassGeneratedBy '/Game/ThirdPersonBP/Maps/ThirdPersonExampleMap.ThirdPersonExampleMap:PersistentLevel.ThirdPersonExampleMap'
[2018.11.13-04.47.08:134][484]LogBlueprintUserMessages: [Money_BP_C_0] Spawned shit
[2018.11.13-04.47.12:707][ 33]LogSlate: FSceneViewport::OnFocusLost() reason 2
[2018.11.13-04.47.53:247][889]LogSlate: FSceneViewport::OnFocusLost() reason 2
[2018.11.13-04.48.38:450][307]LogSlate: FSceneViewport::OnFocusLost() reason 2
[2018.11.13-04.48.39:548][438]LogBlueprintUserMessages: Early EndPlayMap Detection: Level '/Game/ThirdPersonBP/Maps/ThirdPersonExampleMap.ThirdPersonExampleMap:PersistentLevel' has LevelScriptBlueprint '/Game/ThirdPersonBP/Maps/ThirdPersonExampleMap.ThirdPersonExampleMap:PersistentLevel.ThirdPersonExampleMap' with GeneratedClass '/Game/ThirdPersonBP/Maps/ThirdPersonExampleMap.ThirdPersonExampleMap_C' with ClassGeneratedBy '/Game/ThirdPersonBP/Maps/ThirdPersonExampleMap.ThirdPersonExampleMap:PersistentLevel.ThirdPersonExampleMap'
[2018.11.13-04.48.39:549][438]LogSlate: Updating window title bar state: overlay mode, drag disabled, window buttons hidden, title bar hidden
[2018.11.13-04.48.39:582][438]LogPlayLevel: Display: Shutting down PIE online subsystems
[2018.11.13-04.48.39:582][438]LogBlueprintUserMessages: Late EndPlayMap Detection: Level '/Game/ThirdPersonBP/Maps/ThirdPersonExampleMap.ThirdPersonExampleMap:PersistentLevel' has LevelScriptBlueprint '/Game/ThirdPersonBP/Maps/ThirdPersonExampleMap.ThirdPersonExampleMap:PersistentLevel.ThirdPersonExampleMap' with GeneratedClass '/Game/ThirdPersonBP/Maps/ThirdPersonExampleMap.ThirdPersonExampleMap_C' with ClassGeneratedBy '/Game/ThirdPersonBP/Maps/ThirdPersonExampleMap.ThirdPersonExampleMap:PersistentLevel.ThirdPersonExampleMap'
[2018.11.13-04.48.39:611][438]LogSlate: Updating window title bar state: overlay mode, drag disabled, window buttons hidden, title bar hidden
[2018.11.13-04.48.39:654][442]LogPlayLevel: Display: Destroying online subsystem :Context_8
[2018.11.13-04.48.48:170][287]Cmd: OBJ SAVEPACKAGE PACKAGE="/Game/BluePrints/Money_BP" FILE="../../../../../../Users/u1217889/Documents/aluringLure/Lure/Content/BluePrints/Money_BP.uasset" SILENT=true
[2018.11.13-04.48.48:228][287]LogSavePackage: Moving '../../../../../../Users/u1217889/Documents/aluringLure/Lure/Saved/Money_BP644D9DCD4298BD72FEEB9C83F795CCF8.tmp' to '../../../../../../Users/u1217889/Documents/aluringLure/Lure/Content/BluePrints/Money_BP.uasset'
[2018.11.13-04.48.48:482][298]Cmd: OBJ SAVEPACKAGE PACKAGE="/Game/BluePrints/Money_BP" FILE="../../../../../../Users/u1217889/Documents/aluringLure/Lure/Content/BluePrints/Money_BP.uasset" SILENT=true
[2018.11.13-04.48.48:534][298]LogSavePackage: Moving '../../../../../../Users/u1217889/Documents/aluringLure/Lure/Saved/Money_BP94582F6548D34C41A3379D81182BFFFF.tmp' to '../../../../../../Users/u1217889/Documents/aluringLure/Lure/Content/BluePrints/Money_BP.uasset'
[2018.11.13-04.48.48:685][300]Cmd: OBJ SAVEPACKAGE PACKAGE="/Game/BluePrints/Money_BP" FILE="../../../../../../Users/u1217889/Documents/aluringLure/Lure/Content/BluePrints/Money_BP.uasset" SILENT=true
[2018.11.13-04.48.48:738][300]LogSavePackage: Moving '../../../../../../Users/u1217889/Documents/aluringLure/Lure/Saved/Money_BP81EFEE1E4704E9B1BD563CABE0F87625.tmp' to '../../../../../../Users/u1217889/Documents/aluringLure/Lure/Content/BluePrints/Money_BP.uasset'
[2018.11.13-04.48.50:295][435]BlueprintLog: New page: Compile Money_BP
[2018.11.13-04.48.54:782][875]LogSavePackage: Moving '../../../../../../Users/u1217889/Documents/aluringLure/Lure/Saved/ThirdPersonExampleMap7766902F4053A6B294BCEEBBE5A46B71.tmp' to '../../../../../../Users/u1217889/Documents/aluringLure/Lure/Content/ThirdPersonBP/Maps/ThirdPersonExampleMap.umap'
[2018.11.13-04.48.54:928][875]LogSavePackage: Moving '../../../../../../Users/u1217889/Documents/aluringLure/Lure/Saved/ThirdPersonExampleMap_BuiltDataFBE76E1D429E350CA6E97DBB5D6C2076.tmp' to '../../../../../../Users/u1217889/Documents/aluringLure/Lure/Content/ThirdPersonBP/Maps/ThirdPersonExampleMap_BuiltData.uasset'
[2018.11.13-04.48.55:713][968]LogTemp: Repeating last play command: Selected Viewport
[2018.11.13-04.48.55:733][968]LogBlueprintUserMessages: Early PlayInEditor Detection: Level '/Game/ThirdPersonBP/Maps/ThirdPersonExampleMap.ThirdPersonExampleMap:PersistentLevel' has LevelScriptBlueprint '/Game/ThirdPersonBP/Maps/ThirdPersonExampleMap.ThirdPersonExampleMap:PersistentLevel.ThirdPersonExampleMap' with GeneratedClass '/Game/ThirdPersonBP/Maps/ThirdPersonExampleMap.ThirdPersonExampleMap_C' with ClassGeneratedBy '/Game/ThirdPersonBP/Maps/ThirdPersonExampleMap.ThirdPersonExampleMap:PersistentLevel.ThirdPersonExampleMap'
[2018.11.13-04.48.55:733][968]LogPlayLevel: PlayLevel: No blueprints needed recompiling
[2018.11.13-04.48.55:734][968]PIE: New page: PIE session: ThirdPersonExampleMap (Nov 12, 2018, 2:48:55 PM)
[2018.11.13-04.48.55:734][968]LogPlayLevel: Creating play world package: /Game/ThirdPersonBP/Maps/UEDPIE_0_ThirdPersonExampleMap
[2018.11.13-04.48.55:751][968]LogPlayLevel: PIE: StaticDuplicateObject took: (0.016779s)
[2018.11.13-04.48.55:751][968]LogAIModule: Creating AISystem for world ThirdPersonExampleMap
[2018.11.13-04.48.55:752][968]LogPlayLevel: PIE: World Init took: (0.001086s)
[2018.11.13-04.48.55:752][968]LogPlayLevel: PIE: Created PIE world by copying editor world from /Game/ThirdPersonBP/Maps/ThirdPersonExampleMap.ThirdPersonExampleMap to /Game/ThirdPersonBP/Maps/UEDPIE_0_ThirdPersonExampleMap.ThirdPersonExampleMap (0.018034s)
[2018.11.13-04.48.55:812][968]LogInit: XAudio2 using 'DELL UZ2315H (NVIDIA High Definition Audio)' : 2 channels at 48 kHz using 16 bits per sample (channel mask 0x3)
[2018.11.13-04.48.55:823][968]LogInit: FAudioDevice initialized.
[2018.11.13-04.48.55:852][968]LogLoad: Game class is 'ThirdPersonGameMode_C'
[2018.11.13-04.48.55:854][968]LogWorld: Bringing World /Game/ThirdPersonBP/Maps/UEDPIE_0_ThirdPersonExampleMap.ThirdPersonExampleMap up for play (max tick rate 0) at 2018.11.12-21.48.55
[2018.11.13-04.48.55:854][968]LogWorld: Bringing up level for play took: 0.001309
[2018.11.13-04.48.55:867][968]PIE: Play in editor start time for /Game/ThirdPersonBP/Maps/UEDPIE_0_ThirdPersonExampleMap 1.134
[2018.11.13-04.48.55:867][968]LogBlueprintUserMessages: Late PlayInEditor Detection: Level '/Game/ThirdPersonBP/Maps/ThirdPersonExampleMap.ThirdPersonExampleMap:PersistentLevel' has LevelScriptBlueprint '/Game/ThirdPersonBP/Maps/ThirdPersonExampleMap.ThirdPersonExampleMap:PersistentLevel.ThirdPersonExampleMap' with GeneratedClass '/Game/ThirdPersonBP/Maps/ThirdPersonExampleMap.ThirdPersonExampleMap_C' with ClassGeneratedBy '/Game/ThirdPersonBP/Maps/ThirdPersonExampleMap.ThirdPersonExampleMap:PersistentLevel.ThirdPersonExampleMap'
[2018.11.13-04.48.57:162][121]LogBlueprintUserMessages: [Money_BP_C_0] Spawned shit
[2018.11.13-04.49.16:772][471]LogSlate: FSceneViewport::OnFocusLost() reason 2
[2018.11.13-04.49.17:897][606]LogBlueprintUserMessages: Early EndPlayMap Detection: Level '/Game/ThirdPersonBP/Maps/ThirdPersonExampleMap.ThirdPersonExampleMap:PersistentLevel' has LevelScriptBlueprint '/Game/ThirdPersonBP/Maps/ThirdPersonExampleMap.ThirdPersonExampleMap:PersistentLevel.ThirdPersonExampleMap' with GeneratedClass '/Game/ThirdPersonBP/Maps/ThirdPersonExampleMap.ThirdPersonExampleMap_C' with ClassGeneratedBy '/Game/ThirdPersonBP/Maps/ThirdPersonExampleMap.ThirdPersonExampleMap:PersistentLevel.ThirdPersonExampleMap'
[2018.11.13-04.49.17:898][606]LogSlate: Updating window title bar state: overlay mode, drag disabled, window buttons hidden, title bar hidden
[2018.11.13-04.49.17:933][606]LogPlayLevel: Display: Shutting down PIE online subsystems
[2018.11.13-04.49.17:933][606]LogBlueprintUserMessages: Late EndPlayMap Detection: Level '/Game/ThirdPersonBP/Maps/ThirdPersonExampleMap.ThirdPersonExampleMap:PersistentLevel' has LevelScriptBlueprint '/Game/ThirdPersonBP/Maps/ThirdPersonExampleMap.ThirdPersonExampleMap:PersistentLevel.ThirdPersonExampleMap' with GeneratedClass '/Game/ThirdPersonBP/Maps/ThirdPersonExampleMap.ThirdPersonExampleMap_C' with ClassGeneratedBy '/Game/ThirdPersonBP/Maps/ThirdPersonExampleMap.ThirdPersonExampleMap:PersistentLevel.ThirdPersonExampleMap'
[2018.11.13-04.49.17:961][606]LogSlate: Updating window title bar state: overlay mode, drag disabled, window buttons hidden, title bar hidden
[2018.11.13-04.49.17:999][610]LogPlayLevel: Display: Destroying online subsystem :Context_9
